#
# There is insufficient memory for the Java Runtime Environment to continue.
# Native memory allocation (malloc) failed to allocate 1548496 bytes for Chunk::new
# Possible reasons:
#   The system is out of physical RAM or swap space
#   The process is running with CompressedOops enabled, and the Java Heap may be blocking the growth of the native heap
# Possible solutions:
#   Reduce memory load on the system
#   Increase physical memory or swap space
#   Check if swap backing store is full
#   Decrease Java heap size (-Xmx/-Xms)
#   Decrease number of Java threads
#   Decrease Java thread stack sizes (-Xss)
#   Set larger code cache with -XX:ReservedCodeCacheSize=
#   JVM is running with Zero Based Compressed Oops mode in which the Java heap is
#     placed in the first 32GB address space. The Java Heap base address is the
#     maximum limit for the native heap growth. Please use -XX:HeapBaseMinAddress
#     to set the Java Heap base and to place the Java Heap above 32GB virtual address.
# This output file may be truncated or incomplete.
#
#  Out of Memory Error (arena.cpp:189), pid=7540, tid=13336
#
# JRE version: Java(TM) SE Runtime Environment (17.0.9+11) (build 17.0.9+11-LTS-201)
# Java VM: Java HotSpot(TM) 64-Bit Server VM (17.0.9+11-LTS-201, mixed mode, sharing, tiered, compressed oops, compressed class ptrs, g1 gc, windows-amd64)
# No core dump will be written. Minidumps are not enabled by default on client versions of Windows
#

---------------  S U M M A R Y ------------

Command Line: -agentlib:jdwp=transport=dt_socket,address=127.0.0.1:58053,suspend=y,server=n -javaagent:C:\Users\Asus\AppData\Local\JetBrains\IntelliJIdea2024.1\captureAgent\debugger-agent.jar -Dfile.encoding=UTF-8 vn.edu.fpt.SmartHealthC.SmartHealthCApplication

Host: 12th Gen Intel(R) Core(TM) i5-1240P, 16 cores, 15G,  Windows 11 , 64 bit Build 22621 (10.0.22621.3527)
Time: Sat May 25 00:13:44 2024 SE Asia Standard Time elapsed time: 12.197611 seconds (0d 0h 0m 12s)

---------------  T H R E A D  ---------------

Current thread (0x00000192591202c0):  JavaThread "C2 CompilerThread4" daemon [_thread_in_native, id=13336, stack(0x0000003f61d00000,0x0000003f61e00000)]


Current CompileTask:
C2:  12197 8897       4       org.springframework.core.annotation.TypeMappedAnnotations$IsPresent::doWithAnnotations (183 bytes)

Stack: [0x0000003f61d00000,0x0000003f61e00000]
Native frames: (J=compiled Java code, j=interpreted, Vv=VM code, C=native code)
V  [jvm.dll+0x678a4a]
V  [jvm.dll+0x7d9cfd]
V  [jvm.dll+0x7db60e]
V  [jvm.dll+0x7dbc73]
V  [jvm.dll+0x245e1f]
V  [jvm.dll+0xaaafb]
V  [jvm.dll+0xab09c]
V  [jvm.dll+0x36232f]
V  [jvm.dll+0x1bb94a]
V  [jvm.dll+0x218287]
V  [jvm.dll+0x217561]
V  [jvm.dll+0x1a3bc0]
V  [jvm.dll+0x2272de]
V  [jvm.dll+0x22548b]
V  [jvm.dll+0x78f58c]
V  [jvm.dll+0x78998a]
V  [jvm.dll+0x677875]
C  [ucrtbase.dll+0x29333]
C  [KERNEL32.DLL+0x1257d]
C  [ntdll.dll+0x5aa48]


---------------  P R O C E S S  ---------------

Threads class SMR info:
_java_thread_list=0x000001924d19abc0, length=30, elements={
0x0000019262582ba0, 0x000001927fc698d0, 0x000001927fc6a360, 0x000001927fc7fc40,
0x000001927fc81580, 0x000001927fc83c60, 0x000001927fc84230, 0x000001927fc84be0,
0x000001927fc852a0, 0x000001927fc858b0, 0x0000019247117b10, 0x00000192471a5560,
0x00000192471abe70, 0x00000192471ac5f0, 0x0000019247252a80, 0x000001924721c410,
0x0000019247220cb0, 0x00000192472a75d0, 0x000001924cbb7600, 0x000001924c2c8210,
0x00000192591212b0, 0x000001925911f2d0, 0x000001925911f820, 0x00000192591202c0,
0x000001924c2ca580, 0x000001924c2c9650, 0x000001924c2c9b60, 0x000001925911e830,
0x000001924d784580, 0x000001924d7805c0
}

Java Threads: ( => current thread )
  0x0000019262582ba0 JavaThread "main" [_thread_in_vm, id=17444, stack(0x0000003f5f300000,0x0000003f5f400000)]
  0x000001927fc698d0 JavaThread "Reference Handler" daemon [_thread_blocked, id=6368, stack(0x0000003f5fa00000,0x0000003f5fb00000)]
  0x000001927fc6a360 JavaThread "Finalizer" daemon [_thread_blocked, id=17780, stack(0x0000003f5fb00000,0x0000003f5fc00000)]
  0x000001927fc7fc40 JavaThread "Signal Dispatcher" daemon [_thread_blocked, id=17376, stack(0x0000003f5fc00000,0x0000003f5fd00000)]
  0x000001927fc81580 JavaThread "Attach Listener" daemon [_thread_blocked, id=12876, stack(0x0000003f5fd00000,0x0000003f5fe00000)]
  0x000001927fc83c60 JavaThread "Service Thread" daemon [_thread_blocked, id=18020, stack(0x0000003f5fe00000,0x0000003f5ff00000)]
  0x000001927fc84230 JavaThread "Monitor Deflation Thread" daemon [_thread_blocked, id=15444, stack(0x0000003f5ff00000,0x0000003f60000000)]
  0x000001927fc84be0 JavaThread "C2 CompilerThread0" daemon [_thread_in_native, id=14204, stack(0x0000003f60000000,0x0000003f60100000)]
  0x000001927fc852a0 JavaThread "C1 CompilerThread0" daemon [_thread_blocked, id=15616, stack(0x0000003f60100000,0x0000003f60200000)]
  0x000001927fc858b0 JavaThread "Sweeper thread" daemon [_thread_blocked, id=13168, stack(0x0000003f60200000,0x0000003f60300000)]
  0x0000019247117b10 JavaThread "C1 CompilerThread1" daemon [_thread_blocked, id=3192, stack(0x0000003f60300000,0x0000003f60400000)]
  0x00000192471a5560 JavaThread "Common-Cleaner" daemon [_thread_blocked, id=15676, stack(0x0000003f60400000,0x0000003f60500000)]
  0x00000192471abe70 JavaThread "C1 CompilerThread2" daemon [_thread_blocked, id=4252, stack(0x0000003f60500000,0x0000003f60600000)]
  0x00000192471ac5f0 JavaThread "C1 CompilerThread3" daemon [_thread_blocked, id=8728, stack(0x0000003f60600000,0x0000003f60700000)]
  0x0000019247252a80 JavaThread "JDWP Transport Listener: dt_socket" daemon [_thread_blocked, id=10612, stack(0x0000003f60800000,0x0000003f60900000)]
  0x000001924721c410 JavaThread "JDWP Event Helper Thread" daemon [_thread_blocked, id=8000, stack(0x0000003f60900000,0x0000003f60a00000)]
  0x0000019247220cb0 JavaThread "JDWP Command Reader" daemon [_thread_in_native, id=15768, stack(0x0000003f60a00000,0x0000003f60b00000)]
  0x00000192472a75d0 JavaThread "Notification Thread" daemon [_thread_blocked, id=12536, stack(0x0000003f60b00000,0x0000003f60c00000)]
  0x000001924cbb7600 JavaThread "mysql-cj-abandoned-connection-cleanup" daemon [_thread_blocked, id=272, stack(0x0000003f62100000,0x0000003f62200000)]
  0x000001924c2c8210 JavaThread "HikariPool-1 housekeeper" daemon [_thread_blocked, id=5432, stack(0x0000003f61f00000,0x0000003f62000000)]
  0x00000192591212b0 JavaThread "C2 CompilerThread1" daemon [_thread_in_native, id=13732, stack(0x0000003f60700000,0x0000003f60800000)]
  0x000001925911f2d0 JavaThread "C2 CompilerThread2" daemon [_thread_in_native, id=7340, stack(0x0000003f60d00000,0x0000003f60e00000)]
  0x000001925911f820 JavaThread "C2 CompilerThread3" daemon [_thread_in_native, id=18340, stack(0x0000003f61b00000,0x0000003f61c00000)]
=>0x00000192591202c0 JavaThread "C2 CompilerThread4" daemon [_thread_in_native, id=13336, stack(0x0000003f61d00000,0x0000003f61e00000)]
  0x000001924c2ca580 JavaThread "Catalina-utility-1" [_thread_blocked, id=448, stack(0x0000003f61e00000,0x0000003f61f00000)]
  0x000001924c2c9650 JavaThread "Catalina-utility-2" [_thread_blocked, id=8108, stack(0x0000003f62300000,0x0000003f62400000)]
  0x000001924c2c9b60 JavaThread "container-0" [_thread_blocked, id=12608, stack(0x0000003f62400000,0x0000003f62500000)]
  0x000001925911e830 JavaThread "C2 CompilerThread5" daemon [_thread_in_native, id=16968, stack(0x0000003f62500000,0x0000003f62600000)]
  0x000001924d784580 JavaThread "C2 CompilerThread6" daemon [_thread_in_native, id=432, stack(0x0000003f62600000,0x0000003f62700000)]
  0x000001924d7805c0 JavaThread "C2 CompilerThread7" daemon [_thread_in_native, id=18232, stack(0x0000003f62700000,0x0000003f62800000)]

Other Threads:
  0x000001927fc648b0 VMThread "VM Thread" [stack: 0x0000003f5f900000,0x0000003f5fa00000] [id=6836]
  0x00000192471a90a0 WatcherThread [stack: 0x0000003f60c00000,0x0000003f60d00000] [id=4000]
  0x00000192625f00c0 GCTaskThread "GC Thread#0" [stack: 0x0000003f5f400000,0x0000003f5f500000] [id=16476]
  0x000001924c1660f0 GCTaskThread "GC Thread#1" [stack: 0x0000003f60e00000,0x0000003f60f00000] [id=13432]
  0x000001924c17d1f0 GCTaskThread "GC Thread#2" [stack: 0x0000003f60f00000,0x0000003f61000000] [id=17812]
  0x000001924c5dc5e0 GCTaskThread "GC Thread#3" [stack: 0x0000003f61000000,0x0000003f61100000] [id=18168]
  0x000001924c5dc8a0 GCTaskThread "GC Thread#4" [stack: 0x0000003f61100000,0x0000003f61200000] [id=16692]
  0x00000192478633c0 GCTaskThread "GC Thread#5" [stack: 0x0000003f61200000,0x0000003f61300000] [id=15976]
  0x000001924c41eba0 GCTaskThread "GC Thread#6" [stack: 0x0000003f61300000,0x0000003f61400000] [id=17272]
  0x000001924c3fd580 GCTaskThread "GC Thread#7" [stack: 0x0000003f61400000,0x0000003f61500000] [id=11944]
  0x000001924c3fd840 GCTaskThread "GC Thread#8" [stack: 0x0000003f61500000,0x0000003f61600000] [id=5020]
  0x000001924c23ef00 GCTaskThread "GC Thread#9" [stack: 0x0000003f61600000,0x0000003f61700000] [id=12944]
  0x000001924cb6dcf0 GCTaskThread "GC Thread#10" [stack: 0x0000003f61800000,0x0000003f61900000] [id=3484]
  0x000001924c6580b0 GCTaskThread "GC Thread#11" [stack: 0x0000003f61900000,0x0000003f61a00000] [id=9584]
  0x000001924ccd6760 GCTaskThread "GC Thread#12" [stack: 0x0000003f61a00000,0x0000003f61b00000] [id=3132]
  0x0000019262601a60 ConcurrentGCThread "G1 Main Marker" [stack: 0x0000003f5f500000,0x0000003f5f600000] [id=17744]
  0x0000019262602470 ConcurrentGCThread "G1 Conc#0" [stack: 0x0000003f5f600000,0x0000003f5f700000] [id=9836]
  0x000001924ccd6a20 ConcurrentGCThread "G1 Conc#1" [stack: 0x0000003f61700000,0x0000003f61800000] [id=6292]
  0x000001924ccd8020 ConcurrentGCThread "G1 Conc#2" [stack: 0x0000003f61c00000,0x0000003f61d00000] [id=12632]
  0x000001926263e730 ConcurrentGCThread "G1 Refine#0" [stack: 0x0000003f5f700000,0x0000003f5f800000] [id=18108]
  0x000001927fba6200 ConcurrentGCThread "G1 Service" [stack: 0x0000003f5f800000,0x0000003f5f900000] [id=14428]

Threads with active compile tasks:
C2 CompilerThread0    12224 8919       4       org.springframework.core.ResolvableType::forType (115 bytes)
C2 CompilerThread1    12224 8953       4       org.springframework.boot.context.properties.source.SystemEnvironmentPropertyMapper$$Lambda$100/0x00000192070af370::test (16 bytes)
C2 CompilerThread2    12224 9003       4       org.springframework.core.annotation.AnnotationsScanner::processMethodAnnotations (98 bytes)
C2 CompilerThread3    12224 8952       4       java.util.function.BiPredicate$$Lambda$101/0x000001920707f058::test (16 bytes)
C2 CompilerThread4    12224 8897       4       org.springframework.core.annotation.TypeMappedAnnotations$IsPresent::doWithAnnotations (183 bytes)
C2 CompilerThread5    12224 9002       4       org.springframework.beans.factory.support.AbstractBeanFactory::isTypeMatch (619 bytes)
C2 CompilerThread6    12225 9019       4       org.springframework.core.ResolvableType::getGeneric (90 bytes)
C2 CompilerThread7    12225 8898   !   4       org.springframework.core.annotation.AnnotationsScanner::processMethodHierarchy (276 bytes)

VM state: not at safepoint (normal execution)

VM Mutex/Monitor currently owned by a thread: None

Heap address: 0x0000000705c00000, size: 4004 MB, Compressed Oops mode: Zero based, Oop shift amount: 3

CDS archive(s) mapped at: [0x0000019206000000-0x0000019206bd0000-0x0000019206bd0000), size 12386304, SharedBaseAddress: 0x0000019206000000, ArchiveRelocationMode: 1.
Compressed class space mapped at: 0x0000019207000000-0x0000019247000000, reserved size: 1073741824
Narrow klass base: 0x0000019206000000, Narrow klass shift: 0, Narrow klass range: 0x100000000

GC Precious Log:
 CPUs: 16 total, 16 available
 Memory: 16008M
 Large Page Support: Disabled
 NUMA Support: Disabled
 Compressed Oops: Enabled (Zero based)
 Heap Region Size: 2M
 Heap Min Capacity: 8M
 Heap Initial Capacity: 252M
 Heap Max Capacity: 4004M
 Pre-touch: Disabled
 Parallel Workers: 13
 Concurrent Workers: 3
 Concurrent Refinement Workers: 13
 Periodic GC: Disabled

Heap:
 garbage-first heap   total 98304K, used 40087K [0x0000000705c00000, 0x0000000800000000)
  region size 2048K, 6 young (12288K), 3 survivors (6144K)
 Metaspace       used 70370K, committed 70976K, reserved 1114112K
  class space    used 9278K, committed 9600K, reserved 1048576K

Heap Regions: E=young(eden), S=young(survivor), O=old, HS=humongous(starts), HC=humongous(continues), CS=collection set, F=free, OA=open archive, CA=closed archive, TAMS=top-at-mark-start (previous, next)
|   0|0x0000000705c00000, 0x0000000705e00000, 0x0000000705e00000|100%| O|  |TAMS 0x0000000705e00000, 0x0000000705c00000| Untracked 
|   1|0x0000000705e00000, 0x0000000706000000, 0x0000000706000000|100%| O|  |TAMS 0x0000000706000000, 0x0000000705e00000| Untracked 
|   2|0x0000000706000000, 0x0000000706200000, 0x0000000706200000|100%| O|  |TAMS 0x0000000706200000, 0x0000000706000000| Untracked 
|   3|0x0000000706200000, 0x000000070631e600, 0x0000000706400000| 55%| O|  |TAMS 0x000000070631e600, 0x0000000706200000| Untracked 
|   4|0x0000000706400000, 0x0000000706600000, 0x0000000706600000|100%| O|  |TAMS 0x0000000706600000, 0x0000000706400000| Untracked 
|   5|0x0000000706600000, 0x0000000706800000, 0x0000000706800000|100%| O|  |TAMS 0x0000000706800000, 0x0000000706600000| Untracked 
|   6|0x0000000706800000, 0x0000000706a00000, 0x0000000706a00000|100%| O|  |TAMS 0x0000000706a00000, 0x0000000706800000| Untracked 
|   7|0x0000000706a00000, 0x0000000706c00000, 0x0000000706c00000|100%| O|  |TAMS 0x0000000706c00000, 0x0000000706a00000| Untracked 
|   8|0x0000000706c00000, 0x0000000706e00000, 0x0000000706e00000|100%| O|  |TAMS 0x0000000706e00000, 0x0000000706c00000| Untracked 
|   9|0x0000000706e00000, 0x0000000707000000, 0x0000000707000000|100%| O|  |TAMS 0x0000000707000000, 0x0000000706e00000| Untracked 
|  10|0x0000000707000000, 0x0000000707200000, 0x0000000707200000|100%| O|  |TAMS 0x0000000707200000, 0x0000000707000000| Untracked 
|  11|0x0000000707200000, 0x0000000707400000, 0x0000000707400000|100%| O|  |TAMS 0x0000000707400000, 0x0000000707200000| Untracked 
|  12|0x0000000707400000, 0x0000000707600000, 0x0000000707600000|100%| O|  |TAMS 0x000000070740e600, 0x0000000707400000| Untracked 
|  13|0x0000000707600000, 0x0000000707800000, 0x0000000707800000|100%| O|  |TAMS 0x0000000707600000, 0x0000000707600000| Untracked 
|  14|0x0000000707800000, 0x0000000707a00000, 0x0000000707a00000|100%| O|  |TAMS 0x0000000707800000, 0x0000000707800000| Untracked 
|  15|0x0000000707a00000, 0x0000000707bd2400, 0x0000000707c00000| 91%| O|  |TAMS 0x0000000707a00000, 0x0000000707a00000| Untracked 
|  16|0x0000000707c00000, 0x0000000707c00000, 0x0000000707e00000|  0%| F|  |TAMS 0x0000000707c00000, 0x0000000707c00000| Untracked 
|  17|0x0000000707e00000, 0x0000000707e00000, 0x0000000708000000|  0%| F|  |TAMS 0x0000000707e00000, 0x0000000707e00000| Untracked 
|  18|0x0000000708000000, 0x0000000708000000, 0x0000000708200000|  0%| F|  |TAMS 0x0000000708000000, 0x0000000708000000| Untracked 
|  19|0x0000000708200000, 0x0000000708200000, 0x0000000708400000|  0%| F|  |TAMS 0x0000000708200000, 0x0000000708200000| Untracked 
|  20|0x0000000708400000, 0x0000000708400000, 0x0000000708600000|  0%| F|  |TAMS 0x0000000708400000, 0x0000000708400000| Untracked 
|  21|0x0000000708600000, 0x0000000708600000, 0x0000000708800000|  0%| F|  |TAMS 0x0000000708600000, 0x0000000708600000| Untracked 
|  22|0x0000000708800000, 0x0000000708835200, 0x0000000708a00000| 10%| S|CS|TAMS 0x0000000708800000, 0x0000000708800000| Complete 
|  23|0x0000000708a00000, 0x0000000708c00000, 0x0000000708c00000|100%| S|CS|TAMS 0x0000000708a00000, 0x0000000708a00000| Complete 
|  24|0x0000000708c00000, 0x0000000708e00000, 0x0000000708e00000|100%| S|CS|TAMS 0x0000000708c00000, 0x0000000708c00000| Complete 
|  25|0x0000000708e00000, 0x0000000708e00000, 0x0000000709000000|  0%| F|  |TAMS 0x0000000708e00000, 0x0000000708e00000| Untracked 
|  26|0x0000000709000000, 0x0000000709000000, 0x0000000709200000|  0%| F|  |TAMS 0x0000000709000000, 0x0000000709000000| Untracked 
|  27|0x0000000709200000, 0x0000000709200000, 0x0000000709400000|  0%| F|  |TAMS 0x0000000709200000, 0x0000000709200000| Untracked 
|  28|0x0000000709400000, 0x0000000709400000, 0x0000000709600000|  0%| F|  |TAMS 0x0000000709400000, 0x0000000709400000| Untracked 
|  29|0x0000000709600000, 0x0000000709600000, 0x0000000709800000|  0%| F|  |TAMS 0x0000000709600000, 0x0000000709600000| Untracked 
|  30|0x0000000709800000, 0x0000000709800000, 0x0000000709a00000|  0%| F|  |TAMS 0x0000000709800000, 0x0000000709800000| Untracked 
|  31|0x0000000709a00000, 0x0000000709a00000, 0x0000000709c00000|  0%| F|  |TAMS 0x0000000709a00000, 0x0000000709a00000| Untracked 
|  32|0x0000000709c00000, 0x0000000709c00000, 0x0000000709e00000|  0%| F|  |TAMS 0x0000000709c00000, 0x0000000709c00000| Untracked 
|  33|0x0000000709e00000, 0x0000000709e00000, 0x000000070a000000|  0%| F|  |TAMS 0x0000000709e00000, 0x0000000709e00000| Untracked 
|  34|0x000000070a000000, 0x000000070a000000, 0x000000070a200000|  0%| F|  |TAMS 0x000000070a000000, 0x000000070a000000| Untracked 
|  35|0x000000070a200000, 0x000000070a200000, 0x000000070a400000|  0%| F|  |TAMS 0x000000070a200000, 0x000000070a200000| Untracked 
|  36|0x000000070a400000, 0x000000070a400000, 0x000000070a600000|  0%| F|  |TAMS 0x000000070a400000, 0x000000070a400000| Untracked 
|  37|0x000000070a600000, 0x000000070a600000, 0x000000070a800000|  0%| F|  |TAMS 0x000000070a600000, 0x000000070a600000| Untracked 
|  38|0x000000070a800000, 0x000000070a800000, 0x000000070aa00000|  0%| F|  |TAMS 0x000000070a800000, 0x000000070a800000| Untracked 
|  39|0x000000070aa00000, 0x000000070aa00000, 0x000000070ac00000|  0%| F|  |TAMS 0x000000070aa00000, 0x000000070aa00000| Untracked 
|  40|0x000000070ac00000, 0x000000070ac00000, 0x000000070ae00000|  0%| F|  |TAMS 0x000000070ac00000, 0x000000070ac00000| Untracked 
|  41|0x000000070ae00000, 0x000000070ae00000, 0x000000070b000000|  0%| F|  |TAMS 0x000000070ae00000, 0x000000070ae00000| Untracked 
|  42|0x000000070b000000, 0x000000070b000000, 0x000000070b200000|  0%| F|  |TAMS 0x000000070b000000, 0x000000070b000000| Untracked 
|  43|0x000000070b200000, 0x000000070b200000, 0x000000070b400000|  0%| F|  |TAMS 0x000000070b200000, 0x000000070b200000| Untracked 
|  44|0x000000070b400000, 0x000000070b400000, 0x000000070b600000|  0%| F|  |TAMS 0x000000070b400000, 0x000000070b400000| Untracked 
|  65|0x000000070de00000, 0x000000070df95600, 0x000000070e000000| 79%| E|  |TAMS 0x000000070de00000, 0x000000070de00000| Complete 
|  66|0x000000070e000000, 0x000000070e200000, 0x000000070e200000|100%| E|CS|TAMS 0x000000070e000000, 0x000000070e000000| Complete 
| 125|0x0000000715600000, 0x0000000715800000, 0x0000000715800000|100%| E|CS|TAMS 0x0000000715600000, 0x0000000715600000| Complete 

Card table byte_map: [0x0000019279e70000,0x000001927a650000] _byte_map_base: 0x0000019276642000

Marking Bits (Prev, Next): (CMBitMap*) 0x00000192625f1730, (CMBitMap*) 0x00000192625f16f0
 Prev Bits: [0x0000019200000000, 0x0000019203e90000)
 Next Bits: [0x000001927ae30000, 0x000001927ecc0000)

Polling page: 0x00000192603c0000

Metaspace:

Usage:
  Non-class:     59.66 MB used.
      Class:      9.06 MB used.
       Both:     68.72 MB used.

Virtual space:
  Non-class space:       64.00 MB reserved,      59.94 MB ( 94%) committed,  1 nodes.
      Class space:        1.00 GB reserved,       9.38 MB ( <1%) committed,  1 nodes.
             Both:        1.06 GB reserved,      69.31 MB (  6%) committed. 

Chunk freelists:
   Non-Class:  3.89 MB
       Class:  6.50 MB
        Both:  10.39 MB

MaxMetaspaceSize: unlimited
CompressedClassSpaceSize: 1.00 GB
Initial GC threshold: 21.00 MB
Current GC threshold: 98.38 MB
CDS: on
MetaspaceReclaimPolicy: balanced
 - commit_granule_bytes: 65536.
 - commit_granule_words: 8192.
 - virtual_space_node_default_size: 8388608.
 - enlarge_chunks_in_place: 1.
 - new_chunks_are_fully_committed: 0.
 - uncommit_free_chunks: 1.
 - use_allocation_guard: 0.
 - handle_deallocations: 1.


Internal statistics:

num_allocs_failed_limit: 9.
num_arena_births: 776.
num_arena_deaths: 0.
num_vsnodes_births: 2.
num_vsnodes_deaths: 0.
num_space_committed: 1109.
num_space_uncommitted: 0.
num_chunks_returned_to_freelist: 9.
num_chunks_taken_from_freelist: 3273.
num_chunk_merges: 6.
num_chunk_splits: 2354.
num_chunks_enlarged: 1850.
num_inconsistent_stats: 0.

CodeHeap 'non-profiled nmethods': size=119168Kb used=6415Kb max_used=6879Kb free=112752Kb
 bounds [0x00000192719b0000, 0x0000019272080000, 0x0000019278e10000]
CodeHeap 'profiled nmethods': size=119104Kb used=16039Kb max_used=17108Kb free=103064Kb
 bounds [0x0000019269e10000, 0x000001926aed0000, 0x0000019271260000]
CodeHeap 'non-nmethods': size=7488Kb used=3124Kb max_used=3247Kb free=4363Kb
 bounds [0x0000019271260000, 0x00000192715a0000, 0x00000192719b0000]
 total_blobs=8370 nmethods=7672 adapters=604
 compilation: enabled
              stopped_count=0, restarted_count=0
 full_count=0

Compilation events (20 events):
Event: 12.147 Thread 0x000001927fc852a0 nmethod 9025 0x0000019271b2ae10 code [0x0000019271b2afa0, 0x0000019271b2b078]
Event: 12.152 Thread 0x0000019247117b10 9028       3       org.springframework.core.ResolvableType::forMethodReturnType (20 bytes)
Event: 12.153 Thread 0x000001927fc852a0 9029       3       org.springframework.beans.factory.support.DefaultListableBeanFactory::resolveDependency (115 bytes)
Event: 12.153 Thread 0x00000192471abe70 9030       3       org.springframework.core.MethodParameter::adaptAnnotationArray (2 bytes)
Event: 12.153 Thread 0x00000192471abe70 nmethod 9030 0x000001926a0b5810 code [0x000001926a0b59a0, 0x000001926a0b5ab8]
Event: 12.153 Thread 0x0000019247117b10 nmethod 9028 0x0000019269fe2690 code [0x0000019269fe28c0, 0x0000019269fe30f8]
Event: 12.153 Thread 0x000001927fc852a0 nmethod 9029 0x0000019269fd6d10 code [0x0000019269fd6f80, 0x0000019269fd7bf8]
Event: 12.154 Thread 0x00000192471ac5f0 9031   !   3       jdk.proxy2.$Proxy57::annotationType (29 bytes)
Event: 12.155 Thread 0x00000192471ac5f0 nmethod 9031 0x000001926a73ec90 code [0x000001926a73ee60, 0x000001926a73f2b8]
Event: 12.176 Thread 0x000001924d784580 nmethod 9012 0x0000019271c59510 code [0x0000019271c597c0, 0x0000019271c5ae28]
Event: 12.178 Thread 0x000001924d784580 9019       4       org.springframework.core.ResolvableType::getGeneric (90 bytes)
Event: 12.190 Thread 0x000001927fc852a0 9035       1       org.springframework.aop.framework.autoproxy.AbstractAutoProxyCreator::determineCandidateConstructors (2 bytes)
Event: 12.190 Thread 0x000001927fc852a0 nmethod 9035 0x0000019271c5ce90 code [0x0000019271c5d020, 0x0000019271c5d0f8]
Event: 12.192 Thread 0x000001927fc852a0 9036       3       org.springframework.core.SerializableTypeWrapper$MethodParameterTypeProvider::<init> (59 bytes)
Event: 12.192 Thread 0x00000192471abe70 9037       3       org.springframework.transaction.annotation.AnnotationTransactionAttributeSource::isCandidateClass (46 bytes)
Event: 12.193 Thread 0x000001927fc852a0 nmethod 9036 0x000001926a01a390 code [0x000001926a01a5a0, 0x000001926a01ae98]
Event: 12.193 Thread 0x00000192471abe70 nmethod 9037 0x000001926a23f010 code [0x000001926a23f200, 0x000001926a23f878]
Event: 12.195 Thread 0x00000192471abe70 9038       3       org.springframework.core.annotation.AnnotationAwareOrderComparator::findOrder (18 bytes)
Event: 12.196 Thread 0x00000192471ac5f0 9039       3       org.springframework.aop.support.ClassFilters$IntersectionClassFilter::matches (44 bytes)
Event: 12.196 Thread 0x00000192471abe70 nmethod 9038 0x000001926a14cf10 code [0x000001926a14d100, 0x000001926a14d6a8]

GC Heap History (20 events):
Event: 4.266 GC heap before
{Heap before GC invocations=7 (full 0):
 garbage-first heap   total 61440K, used 42243K [0x0000000705c00000, 0x0000000800000000)
  region size 2048K, 14 young (28672K), 2 survivors (4096K)
 Metaspace       used 31917K, committed 32320K, reserved 1114112K
  class space    used 4065K, committed 4224K, reserved 1048576K
}
Event: 4.276 GC heap after
{Heap after GC invocations=8 (full 0):
 garbage-first heap   total 159744K, used 19994K [0x0000000705c00000, 0x0000000800000000)
  region size 2048K, 2 young (4096K), 2 survivors (4096K)
 Metaspace       used 31917K, committed 32320K, reserved 1114112K
  class space    used 4065K, committed 4224K, reserved 1048576K
}
Event: 4.960 GC heap before
{Heap before GC invocations=8 (full 0):
 garbage-first heap   total 159744K, used 40474K [0x0000000705c00000, 0x0000000800000000)
  region size 2048K, 13 young (26624K), 2 survivors (4096K)
 Metaspace       used 35627K, committed 35968K, reserved 1114112K
  class space    used 4593K, committed 4736K, reserved 1048576K
}
Event: 4.965 GC heap after
{Heap after GC invocations=9 (full 0):
 garbage-first heap   total 159744K, used 20777K [0x0000000705c00000, 0x0000000800000000)
  region size 2048K, 2 young (4096K), 2 survivors (4096K)
 Metaspace       used 35627K, committed 35968K, reserved 1114112K
  class space    used 4593K, committed 4736K, reserved 1048576K
}
Event: 6.224 GC heap before
{Heap before GC invocations=10 (full 0):
 garbage-first heap   total 81920K, used 63785K [0x0000000705c00000, 0x0000000800000000)
  region size 2048K, 24 young (49152K), 2 survivors (4096K)
 Metaspace       used 48417K, committed 48832K, reserved 1114112K
  class space    used 6242K, committed 6464K, reserved 1048576K
}
Event: 6.231 GC heap after
{Heap after GC invocations=11 (full 0):
 garbage-first heap   total 81920K, used 23773K [0x0000000705c00000, 0x0000000800000000)
  region size 2048K, 3 young (6144K), 3 survivors (6144K)
 Metaspace       used 48417K, committed 48832K, reserved 1114112K
  class space    used 6242K, committed 6464K, reserved 1048576K
}
Event: 6.862 GC heap before
{Heap before GC invocations=11 (full 0):
 garbage-first heap   total 81920K, used 60637K [0x0000000705c00000, 0x0000000800000000)
  region size 2048K, 21 young (43008K), 3 survivors (6144K)
 Metaspace       used 55323K, committed 55744K, reserved 1114112K
  class space    used 7213K, committed 7424K, reserved 1048576K
}
Event: 6.871 GC heap after
{Heap after GC invocations=12 (full 0):
 garbage-first heap   total 81920K, used 25779K [0x0000000705c00000, 0x0000000800000000)
  region size 2048K, 1 young (2048K), 1 survivors (2048K)
 Metaspace       used 55323K, committed 55744K, reserved 1114112K
  class space    used 7213K, committed 7424K, reserved 1048576K
}
Event: 7.312 GC heap before
{Heap before GC invocations=12 (full 0):
 garbage-first heap   total 81920K, used 60595K [0x0000000705c00000, 0x0000000800000000)
  region size 2048K, 18 young (36864K), 1 survivors (2048K)
 Metaspace       used 58417K, committed 58880K, reserved 1114112K
  class space    used 7713K, committed 7936K, reserved 1048576K
}
Event: 7.316 GC heap after
{Heap after GC invocations=13 (full 0):
 garbage-first heap   total 81920K, used 26587K [0x0000000705c00000, 0x0000000800000000)
  region size 2048K, 2 young (4096K), 2 survivors (4096K)
 Metaspace       used 58417K, committed 58880K, reserved 1114112K
  class space    used 7713K, committed 7936K, reserved 1048576K
}
Event: 7.523 GC heap before
{Heap before GC invocations=13 (full 0):
 garbage-first heap   total 81920K, used 38875K [0x0000000705c00000, 0x0000000800000000)
  region size 2048K, 9 young (18432K), 2 survivors (4096K)
 Metaspace       used 59830K, committed 60288K, reserved 1114112K
  class space    used 7899K, committed 8128K, reserved 1048576K
}
Event: 7.527 GC heap after
{Heap after GC invocations=14 (full 0):
 garbage-first heap   total 81920K, used 26828K [0x0000000705c00000, 0x0000000800000000)
  region size 2048K, 2 young (4096K), 2 survivors (4096K)
 Metaspace       used 59830K, committed 60288K, reserved 1114112K
  class space    used 7899K, committed 8128K, reserved 1048576K
}
Event: 10.509 GC heap before
{Heap before GC invocations=15 (full 0):
 garbage-first heap   total 81920K, used 63692K [0x0000000705c00000, 0x0000000800000000)
  region size 2048K, 20 young (40960K), 2 survivors (4096K)
 Metaspace       used 65789K, committed 66304K, reserved 1114112K
  class space    used 8757K, committed 8960K, reserved 1048576K
}
Event: 10.514 GC heap after
{Heap after GC invocations=16 (full 0):
 garbage-first heap   total 81920K, used 29686K [0x0000000705c00000, 0x0000000800000000)
  region size 2048K, 3 young (6144K), 3 survivors (6144K)
 Metaspace       used 65789K, committed 66304K, reserved 1114112K
  class space    used 8757K, committed 8960K, reserved 1048576K
}
Event: 10.911 GC heap before
{Heap before GC invocations=16 (full 0):
 garbage-first heap   total 81920K, used 62454K [0x0000000705c00000, 0x0000000800000000)
  region size 2048K, 19 young (38912K), 3 survivors (6144K)
 Metaspace       used 67041K, committed 67584K, reserved 1114112K
  class space    used 8876K, committed 9088K, reserved 1048576K
}
Event: 10.915 GC heap after
{Heap after GC invocations=17 (full 0):
 garbage-first heap   total 81920K, used 31864K [0x0000000705c00000, 0x0000000800000000)
  region size 2048K, 3 young (6144K), 3 survivors (6144K)
 Metaspace       used 67041K, committed 67584K, reserved 1114112K
  class space    used 8876K, committed 9088K, reserved 1048576K
}
Event: 11.238 GC heap before
{Heap before GC invocations=17 (full 0):
 garbage-first heap   total 81920K, used 64632K [0x0000000705c00000, 0x0000000800000000)
  region size 2048K, 19 young (38912K), 3 survivors (6144K)
 Metaspace       used 67741K, committed 68224K, reserved 1114112K
  class space    used 8917K, committed 9152K, reserved 1048576K
}
Event: 11.242 GC heap after
{Heap after GC invocations=18 (full 0):
 garbage-first heap   total 81920K, used 33821K [0x0000000705c00000, 0x0000000800000000)
  region size 2048K, 3 young (6144K), 3 survivors (6144K)
 Metaspace       used 67741K, committed 68224K, reserved 1114112K
  class space    used 8917K, committed 9152K, reserved 1048576K
}
Event: 12.068 GC heap before
{Heap before GC invocations=18 (full 0):
 garbage-first heap   total 81920K, used 64541K [0x0000000705c00000, 0x0000000800000000)
  region size 2048K, 18 young (36864K), 3 survivors (6144K)
 Metaspace       used 70094K, committed 70656K, reserved 1114112K
  class space    used 9230K, committed 9536K, reserved 1048576K
}
Event: 12.071 GC heap after
{Heap after GC invocations=19 (full 0):
 garbage-first heap   total 98304K, used 35991K [0x0000000705c00000, 0x0000000800000000)
  region size 2048K, 3 young (6144K), 3 survivors (6144K)
 Metaspace       used 70094K, committed 70656K, reserved 1114112K
  class space    used 9230K, committed 9536K, reserved 1048576K
}

Deoptimization events (20 events):
Event: 12.164 Thread 0x0000019262582ba0 Uncommon trap: trap_request=0xffffffc6 fr.pc=0x0000019271f33c0c relative=0x0000000000001b2c
Event: 12.164 Thread 0x0000019262582ba0 Uncommon trap: reason=bimorphic_or_optimized_type_check action=maybe_recompile pc=0x0000019271f33c0c method=java.util.stream.StreamSpliterators$WrappingSpliterator.initPartialTraversalState()V @ 29 c2
Event: 12.164 Thread 0x0000019262582ba0 DEOPT PACKING pc=0x0000019271f33c0c sp=0x0000003f5f3fd7a0
Event: 12.164 Thread 0x0000019262582ba0 DEOPT UNPACKING pc=0x00000192712b23a3 sp=0x0000003f5f3fd6b8 mode 2
Event: 12.166 Thread 0x0000019262582ba0 DEOPT PACKING pc=0x000001926aea550c sp=0x0000003f5f3fe620
Event: 12.166 Thread 0x0000019262582ba0 DEOPT UNPACKING pc=0x00000192712b2b43 sp=0x0000003f5f3fdaf0 mode 1
Event: 12.185 Thread 0x0000019262582ba0 DEOPT PACKING pc=0x0000019271bb0d54 sp=0x0000003f5f3fe0a0
Event: 12.185 Thread 0x0000019262582ba0 DEOPT UNPACKING pc=0x00000192712b2b43 sp=0x0000003f5f3fd530 mode 1
Event: 12.185 Thread 0x0000019262582ba0 DEOPT PACKING pc=0x0000019271bb0d54 sp=0x0000003f5f3fe0a0
Event: 12.185 Thread 0x0000019262582ba0 DEOPT UNPACKING pc=0x00000192712b2b43 sp=0x0000003f5f3fd530 mode 1
Event: 12.191 Thread 0x0000019262582ba0 Uncommon trap: trap_request=0xffffffde fr.pc=0x0000019271e1ca0c relative=0x000000000000016c
Event: 12.191 Thread 0x0000019262582ba0 Uncommon trap: reason=class_check action=maybe_recompile pc=0x0000019271e1ca0c method=java.lang.reflect.Method.equals(Ljava/lang/Object;)Z @ 1 c2
Event: 12.191 Thread 0x0000019262582ba0 DEOPT PACKING pc=0x0000019271e1ca0c sp=0x0000003f5f3fdeb0
Event: 12.191 Thread 0x0000019262582ba0 DEOPT UNPACKING pc=0x00000192712b23a3 sp=0x0000003f5f3fde58 mode 2
Event: 12.192 Thread 0x0000019262582ba0 DEOPT PACKING pc=0x000001926aea550c sp=0x0000003f5f3fe620
Event: 12.192 Thread 0x0000019262582ba0 DEOPT UNPACKING pc=0x00000192712b2b43 sp=0x0000003f5f3fdaf0 mode 1
Event: 12.194 Thread 0x0000019262582ba0 DEOPT PACKING pc=0x000001926aea550c sp=0x0000003f5f3fe620
Event: 12.194 Thread 0x0000019262582ba0 DEOPT UNPACKING pc=0x00000192712b2b43 sp=0x0000003f5f3fdaf0 mode 1
Event: 12.196 Thread 0x0000019262582ba0 DEOPT PACKING pc=0x000001926aea550c sp=0x0000003f5f3fe620
Event: 12.196 Thread 0x0000019262582ba0 DEOPT UNPACKING pc=0x00000192712b2b43 sp=0x0000003f5f3fdaf0 mode 1

Classes unloaded (0 events):
No events

Classes redefined (0 events):
No events

Internal exceptions (20 events):
Event: 7.590 Thread 0x0000019262582ba0 Exception <a 'java/lang/NoSuchMethodError'{0x000000070e101190}: 'java.lang.Object java.lang.invoke.DirectMethodHandle$Holder.newInvokeSpecial(java.lang.Object, java.lang.Object, java.lang.Object, java.lang.Object, java.lang.Object, java.lang.Object, java.lang.Object, int)'> (0x000000070e101190) 
thrown [s\open\src\hotspot\share\interpreter\linkResolver.cpp, line 759]
Event: 7.591 Thread 0x0000019262582ba0 Exception <a 'java/lang/NoSuchMethodError'{0x000000070e106980}: 'java.lang.Object java.lang.invoke.DirectMethodHandle$Holder.invokeSpecial(java.lang.Object, java.lang.Object, java.lang.Object, java.lang.Object, java.lang.Object, java.lang.Object, java.lang.Object, java.lang.Object, int)'> (0x000000070e106980) 
thrown [s\open\src\hotspot\share\interpreter\linkResolver.cpp, line 759]
Event: 7.591 Thread 0x0000019262582ba0 Exception <a 'java/lang/NoSuchMethodError'{0x000000070e10bc40}: 'java.lang.Object java.lang.invoke.Invokers$Holder.linkToTargetMethod(java.lang.Object, java.lang.Object, java.lang.Object, java.lang.Object, java.lang.Object, java.lang.Object, int, java.lang.Object)'> (0x000000070e10bc40) 
thrown [s\open\src\hotspot\share\interpreter\linkResolver.cpp, line 759]
Event: 7.621 Thread 0x0000019262582ba0 Exception <a 'java/lang/NoSuchMethodError'{0x000000070de1a2a0}: 'java.lang.Object java.lang.invoke.DirectMethodHandle$Holder.newInvokeSpecial(java.lang.Object, java.lang.Object, int, java.lang.Object, int, java.lang.Object, java.lang.Object)'> (0x000000070de1a2a0) 
thrown [s\open\src\hotspot\share\interpreter\linkResolver.cpp, line 759]
Event: 7.651 Thread 0x0000019262582ba0 Exception <a 'java/lang/NoSuchMethodError'{0x000000070df74438}: 'void java.lang.invoke.DirectMethodHandle$Holder.invokeInterface(java.lang.Object, java.lang.Object)'> (0x000000070df74438) 
thrown [s\open\src\hotspot\share\interpreter\linkResolver.cpp, line 759]
Event: 9.911 Thread 0x0000019262582ba0 Exception <a 'java/lang/IncompatibleClassChangeError'{0x0000000709994568}: Found class java.lang.Object, but interface was expected> (0x0000000709994568) 
thrown [s\open\src\hotspot\share\interpreter\linkResolver.cpp, line 826]
Event: 9.913 Thread 0x0000019262582ba0 Implicit null exception at 0x0000019271b6ad8c to 0x0000019271b706b8
Event: 9.919 Thread 0x0000019262582ba0 Exception <a 'java/lang/IncompatibleClassChangeError'{0x000000070961cbb8}: Found class java.lang.Object, but interface was expected> (0x000000070961cbb8) 
thrown [s\open\src\hotspot\share\interpreter\linkResolver.cpp, line 826]
Event: 9.963 Thread 0x0000019262582ba0 Exception <a 'java/lang/IncompatibleClassChangeError'{0x00000007097e7fc0}: Found class java.lang.Object, but interface was expected> (0x00000007097e7fc0) 
thrown [s\open\src\hotspot\share\interpreter\linkResolver.cpp, line 826]
Event: 10.288 Thread 0x0000019262582ba0 Exception <a 'java/lang/IncompatibleClassChangeError'{0x0000000708f69680}: Found class java.lang.Object, but interface was expected> (0x0000000708f69680) 
thrown [s\open\src\hotspot\share\interpreter\linkResolver.cpp, line 826]
Event: 10.372 Thread 0x0000019262582ba0 Exception <a 'java/lang/reflect/InvocationTargetException'{0x0000000708ddc778}> (0x0000000708ddc778) 
thrown [s\open\src\hotspot\share\runtime\reflection.cpp, line 1121]
Event: 10.384 Thread 0x0000019262582ba0 Exception <a 'java/lang/NoSuchMethodError'{0x0000000708a552f0}: 'int java.lang.invoke.DirectMethodHandle$Holder.invokeStatic(java.lang.Object, java.lang.Object, int)'> (0x0000000708a552f0) 
thrown [s\open\src\hotspot\share\interpreter\linkResolver.cpp, line 759]
Event: 10.390 Thread 0x0000019262582ba0 Exception <a 'java/lang/NoSuchMethodError'{0x0000000708a74150}: 'java.lang.Object java.lang.invoke.DirectMethodHandle$Holder.newInvokeSpecial(java.lang.Object, java.lang.Object, int)'> (0x0000000708a74150) 
thrown [s\open\src\hotspot\share\interpreter\linkResolver.cpp, line 759]
Event: 10.395 Thread 0x0000019262582ba0 Exception <a 'java/lang/IncompatibleClassChangeError'{0x0000000708aa6e38}: Found class java.lang.Object, but interface was expected> (0x0000000708aa6e38) 
thrown [s\open\src\hotspot\share\interpreter\linkResolver.cpp, line 826]
Event: 10.426 Thread 0x0000019262582ba0 Exception <a 'java/lang/NoSuchMethodError'{0x000000070887a648}: 'java.lang.Object java.lang.invoke.DirectMethodHandle$Holder.invokeStatic(java.lang.Object, int, java.lang.Object)'> (0x000000070887a648) 
thrown [s\open\src\hotspot\share\interpreter\linkResolver.cpp, line 759]
Event: 10.486 Thread 0x0000019262582ba0 Exception <a 'java/lang/NoSuchMethodError'{0x000000070853e0f0}: 'long java.lang.invoke.DirectMethodHandle$Holder.invokeVirtual(java.lang.Object, java.lang.Object)'> (0x000000070853e0f0) 
thrown [s\open\src\hotspot\share\interpreter\linkResolver.cpp, line 759]
Event: 11.852 Thread 0x0000019262582ba0 Exception <a 'sun/nio/fs/WindowsException'{0x0000000709752a88}> (0x0000000709752a88) 
thrown [s\open\src\hotspot\share\prims\jni.cpp, line 516]
Event: 11.947 Thread 0x0000019262582ba0 Exception <a 'java/lang/IncompatibleClassChangeError'{0x00000007090e6cd8}: Found class java.lang.Object, but interface was expected> (0x00000007090e6cd8) 
thrown [s\open\src\hotspot\share\interpreter\linkResolver.cpp, line 826]
Event: 12.111 Thread 0x0000019262582ba0 Implicit null exception at 0x0000019271cc6c99 to 0x0000019271cc80a0
Event: 12.181 Thread 0x0000019262582ba0 Exception <a 'java/lang/NoSuchMethodError'{0x000000070e1ea888}: 'java.lang.Object java.lang.invoke.DirectMethodHandle$Holder.invokeInterface(java.lang.Object, java.lang.Object, java.lang.Object, java.lang.Object)'> (0x000000070e1ea888) 
thrown [s\open\src\hotspot\share\interpreter\linkResolver.cpp, line 759]

VM Operations (20 events):
Event: 11.359 Executing VM operation: HandshakeAllThreads
Event: 11.359 Executing VM operation: HandshakeAllThreads done
Event: 11.579 Executing VM operation: HandshakeAllThreads
Event: 11.579 Executing VM operation: HandshakeAllThreads done
Event: 11.591 Executing VM operation: HandshakeAllThreads
Event: 11.591 Executing VM operation: HandshakeAllThreads done
Event: 11.644 Executing VM operation: HandshakeAllThreads
Event: 11.644 Executing VM operation: HandshakeAllThreads done
Event: 11.662 Executing VM operation: HandshakeAllThreads
Event: 11.662 Executing VM operation: HandshakeAllThreads done
Event: 11.693 Executing VM operation: HandshakeAllThreads
Event: 11.693 Executing VM operation: HandshakeAllThreads done
Event: 11.715 Executing VM operation: HandshakeAllThreads
Event: 11.715 Executing VM operation: HandshakeAllThreads done
Event: 11.716 Executing VM operation: HandshakeAllThreads
Event: 11.716 Executing VM operation: HandshakeAllThreads done
Event: 11.827 Executing VM operation: ICBufferFull
Event: 11.827 Executing VM operation: ICBufferFull done
Event: 12.068 Executing VM operation: G1CollectForAllocation
Event: 12.071 Executing VM operation: G1CollectForAllocation done

Events (20 events):
Event: 12.178 loading class org/springframework/validation/beanvalidation/LocaleContextMessageInterpolator
Event: 12.178 loading class org/springframework/validation/beanvalidation/LocaleContextMessageInterpolator done
Event: 12.180 loading class org/springframework/validation/beanvalidation/SpringConstraintValidatorFactory
Event: 12.180 loading class org/springframework/validation/beanvalidation/SpringConstraintValidatorFactory done
Event: 12.181 loading class jakarta/validation/Configuration
Event: 12.181 loading class jakarta/validation/Configuration done
Event: 12.181 loading class jakarta/validation/Configuration
Event: 12.181 loading class jakarta/validation/Configuration done
Event: 12.183 loading class jakarta/validation/Configuration
Event: 12.183 loading class jakarta/validation/Configuration done
Event: 12.183 loading class jakarta/validation/Configuration
Event: 12.183 loading class jakarta/validation/Configuration done
Event: 12.183 loading class org/springframework/boot/autoconfigure/validation/ValidationConfigurationCustomizer
Event: 12.183 loading class org/springframework/boot/autoconfigure/validation/ValidationConfigurationCustomizer done
Event: 12.185 loading class javax/money/MonetaryAmount
Event: 12.185 loading class javax/money/MonetaryAmount done
Event: 12.185 loading class org/joda/time/ReadableInstant
Event: 12.185 loading class org/joda/time/ReadableInstant done
Event: 12.190 loading class org/springframework/boot/autoconfigure/web/servlet/error/ErrorMvcAutoConfiguration$StaticView
Event: 12.190 loading class org/springframework/boot/autoconfigure/web/servlet/error/ErrorMvcAutoConfiguration$StaticView done


Dynamic libraries:
0x00007ff7a5550000 - 0x00007ff7a5560000 	C:\Program Files\Java\jdk-17\bin\java.exe
0x00007ffdf16b0000 - 0x00007ffdf18c7000 	C:\WINDOWS\SYSTEM32\ntdll.dll
0x00007ffdf0330000 - 0x00007ffdf03f4000 	C:\WINDOWS\System32\KERNEL32.DLL
0x00007ffdeeb30000 - 0x00007ffdeeed7000 	C:\WINDOWS\System32\KERNELBASE.dll
0x00007ffdeeee0000 - 0x00007ffdeeff1000 	C:\WINDOWS\System32\ucrtbase.dll
0x00007ffde6d10000 - 0x00007ffde6d2b000 	C:\Program Files\Java\jdk-17\bin\VCRUNTIME140.dll
0x00007ffde6d30000 - 0x00007ffde6d49000 	C:\Program Files\Java\jdk-17\bin\jli.dll
0x00007ffdf0050000 - 0x00007ffdf0102000 	C:\WINDOWS\System32\ADVAPI32.dll
0x00007ffdf13d0000 - 0x00007ffdf1477000 	C:\WINDOWS\System32\msvcrt.dll
0x00007ffdf1320000 - 0x00007ffdf13c8000 	C:\WINDOWS\System32\sechost.dll
0x00007ffdef000000 - 0x00007ffdef028000 	C:\WINDOWS\System32\bcrypt.dll
0x00007ffdef5b0000 - 0x00007ffdef6c5000 	C:\WINDOWS\System32\RPCRT4.dll
0x00007ffdef720000 - 0x00007ffdef8ce000 	C:\WINDOWS\System32\USER32.dll
0x00007ffdef030000 - 0x00007ffdef056000 	C:\WINDOWS\System32\win32u.dll
0x00007ffdf0120000 - 0x00007ffdf0149000 	C:\WINDOWS\System32\GDI32.dll
0x00007ffdef2c0000 - 0x00007ffdef3d9000 	C:\WINDOWS\System32\gdi32full.dll
0x00007ffdd7970000 - 0x00007ffdd7c03000 	C:\WINDOWS\WinSxS\amd64_microsoft.windows.common-controls_6595b64144ccf1df_6.0.22621.3527_none_270e469b73872a76\COMCTL32.dll
0x00007ffdee9d0000 - 0x00007ffdeea6a000 	C:\WINDOWS\System32\msvcp_win.dll
0x00007ffddc990000 - 0x00007ffddc99a000 	C:\WINDOWS\SYSTEM32\VERSION.dll
0x00007ffdf1590000 - 0x00007ffdf15c1000 	C:\WINDOWS\System32\IMM32.DLL
0x00007ffde6dd0000 - 0x00007ffde6ddc000 	C:\Program Files\Java\jdk-17\bin\vcruntime140_1.dll
0x00007ffdc16c0000 - 0x00007ffdc174e000 	C:\Program Files\Java\jdk-17\bin\msvcp140.dll
0x00007ffdaade0000 - 0x00007ffdab9c1000 	C:\Program Files\Java\jdk-17\bin\server\jvm.dll
0x00007ffdf1580000 - 0x00007ffdf1588000 	C:\WINDOWS\System32\PSAPI.DLL
0x00007ffde3ec0000 - 0x00007ffde3ef4000 	C:\WINDOWS\SYSTEM32\WINMM.dll
0x00007ffde8b30000 - 0x00007ffde8b39000 	C:\WINDOWS\SYSTEM32\WSOCK32.dll
0x00007ffdf15d0000 - 0x00007ffdf1641000 	C:\WINDOWS\System32\WS2_32.dll
0x00007ffdedab0000 - 0x00007ffdedac8000 	C:\WINDOWS\SYSTEM32\kernel.appcore.dll
0x00007ffde6d00000 - 0x00007ffde6d0a000 	C:\Program Files\Java\jdk-17\bin\jimage.dll
0x00007ffdec140000 - 0x00007ffdec372000 	C:\WINDOWS\SYSTEM32\DBGHELP.DLL
0x00007ffdf05e0000 - 0x00007ffdf0968000 	C:\WINDOWS\System32\combase.dll
0x00007ffdf0150000 - 0x00007ffdf0227000 	C:\WINDOWS\System32\OLEAUT32.dll
0x00007ffdd5740000 - 0x00007ffdd5772000 	C:\WINDOWS\SYSTEM32\dbgcore.DLL
0x00007ffdef240000 - 0x00007ffdef2b9000 	C:\WINDOWS\System32\bcryptPrimitives.dll
0x00007ffdb72b0000 - 0x00007ffdb72eb000 	C:\Program Files\Java\jdk-17\bin\jdwp.dll
0x00007ffddbd80000 - 0x00007ffddbd8e000 	C:\Program Files\Java\jdk-17\bin\instrument.dll
0x00007ffde6cd0000 - 0x00007ffde6cf5000 	C:\Program Files\Java\jdk-17\bin\java.dll
0x00007ffdd0e80000 - 0x00007ffdd0e98000 	C:\Program Files\Java\jdk-17\bin\zip.dll
0x00007ffdc15e0000 - 0x00007ffdc16b7000 	C:\Program Files\Java\jdk-17\bin\jsvml.dll
0x00007ffdf0ab0000 - 0x00007ffdf130c000 	C:\WINDOWS\System32\SHELL32.dll
0x00007ffdec8d0000 - 0x00007ffded1c6000 	C:\WINDOWS\SYSTEM32\windows.storage.dll
0x00007ffdec790000 - 0x00007ffdec8ce000 	C:\WINDOWS\SYSTEM32\wintypes.dll
0x00007ffdf1480000 - 0x00007ffdf1575000 	C:\WINDOWS\System32\SHCORE.dll
0x00007ffdf0970000 - 0x00007ffdf09ce000 	C:\WINDOWS\System32\shlwapi.dll
0x00007ffdee900000 - 0x00007ffdee921000 	C:\WINDOWS\SYSTEM32\profapi.dll
0x00007ffdd0e40000 - 0x00007ffdd0e4c000 	C:\Program Files\Java\jdk-17\bin\dt_socket.dll
0x00007ffded4a0000 - 0x00007ffded4cd000 	C:\WINDOWS\SYSTEM32\IPHLPAPI.DLL
0x00007ffdedf10000 - 0x00007ffdedf79000 	C:\WINDOWS\system32\mswsock.dll
0x00007ffde6bd0000 - 0x00007ffde6be9000 	C:\Program Files\Java\jdk-17\bin\net.dll
0x00007ffde6320000 - 0x00007ffde6456000 	C:\WINDOWS\SYSTEM32\WINHTTP.dll
0x00007ffdd0f70000 - 0x00007ffdd0f86000 	C:\Program Files\Java\jdk-17\bin\nio.dll
0x00007ffdee190000 - 0x00007ffdee1ab000 	C:\WINDOWS\SYSTEM32\CRYPTSP.dll
0x00007ffdeda10000 - 0x00007ffdeda45000 	C:\WINDOWS\system32\rsaenh.dll
0x00007ffdee030000 - 0x00007ffdee058000 	C:\WINDOWS\SYSTEM32\USERENV.dll
0x00007ffdee1b0000 - 0x00007ffdee1bc000 	C:\WINDOWS\SYSTEM32\CRYPTBASE.dll
0x00007ffdf0110000 - 0x00007ffdf0119000 	C:\WINDOWS\System32\NSI.dll
0x00007ffde6190000 - 0x00007ffde61a9000 	C:\WINDOWS\SYSTEM32\dhcpcsvc6.DLL
0x00007ffde6170000 - 0x00007ffde618f000 	C:\WINDOWS\SYSTEM32\dhcpcsvc.DLL
0x00007ffded510000 - 0x00007ffded608000 	C:\WINDOWS\SYSTEM32\DNSAPI.dll
0x00007ffdc7510000 - 0x00007ffdc751e000 	C:\Program Files\Java\jdk-17\bin\sunmscapi.dll
0x00007ffdef0d0000 - 0x00007ffdef238000 	C:\WINDOWS\System32\CRYPT32.dll
0x00007ffdee350000 - 0x00007ffdee37e000 	C:\WINDOWS\SYSTEM32\ncrypt.dll
0x00007ffdee310000 - 0x00007ffdee347000 	C:\WINDOWS\SYSTEM32\NTASN1.dll
0x00007ffdd0da0000 - 0x00007ffdd0daa000 	C:\Program Files\Java\jdk-17\bin\management.dll
0x00007ffdce7f0000 - 0x00007ffdce7fb000 	C:\Program Files\Java\jdk-17\bin\management_ext.dll
0x00007ffdc74d0000 - 0x00007ffdc74e0000 	C:\Program Files\Java\jdk-17\bin\verify.dll
0x00007ffde3bf0000 - 0x00007ffde3bfa000 	C:\Windows\System32\rasadhlp.dll
0x00007ffde3e30000 - 0x00007ffde3eb3000 	C:\WINDOWS\System32\fwpuclnt.dll

dbghelp: loaded successfully - version: 4.0.5 - missing functions: none
symbol engine: initialized successfully - sym options: 0x614 - pdb path: .;C:\Program Files\Java\jdk-17\bin;C:\WINDOWS\SYSTEM32;C:\WINDOWS\WinSxS\amd64_microsoft.windows.common-controls_6595b64144ccf1df_6.0.22621.3527_none_270e469b73872a76;C:\Program Files\Java\jdk-17\bin\server

VM Arguments:
jvm_args: -agentlib:jdwp=transport=dt_socket,address=127.0.0.1:58053,suspend=y,server=n -javaagent:C:\Users\Asus\AppData\Local\JetBrains\IntelliJIdea2024.1\captureAgent\debugger-agent.jar -Dfile.encoding=UTF-8 
java_command: vn.edu.fpt.SmartHealthC.SmartHealthCApplication
java_class_path (initial): D:\SEP490\SEP490_vip_BE\target\classes;C:\Users\Asus\.m2\repository\org\springframework\boot\spring-boot-starter-data-jpa\3.1.11\spring-boot-starter-data-jpa-3.1.11.jar;C:\Users\Asus\.m2\repository\org\springframework\boot\spring-boot-starter-aop\3.1.11\spring-boot-starter-aop-3.1.11.jar;C:\Users\Asus\.m2\repository\org\aspectj\aspectjweaver\1.9.22\aspectjweaver-1.9.22.jar;C:\Users\Asus\.m2\repository\org\springframework\boot\spring-boot-starter-jdbc\3.1.11\spring-boot-starter-jdbc-3.1.11.jar;C:\Users\Asus\.m2\repository\com\zaxxer\HikariCP\5.0.1\HikariCP-5.0.1.jar;C:\Users\Asus\.m2\repository\org\springframework\spring-jdbc\6.0.19\spring-jdbc-6.0.19.jar;C:\Users\Asus\.m2\repository\org\hibernate\orm\hibernate-core\6.2.24.Final\hibernate-core-6.2.24.Final.jar;C:\Users\Asus\.m2\repository\jakarta\persistence\jakarta.persistence-api\3.1.0\jakarta.persistence-api-3.1.0.jar;C:\Users\Asus\.m2\repository\jakarta\transaction\jakarta.transaction-api\2.0.1\jakarta.transaction-api-2.0.1.jar;C:\Users\Asus\.m2\repository\org\jboss\logging\jboss-logging\3.5.3.Final\jboss-logging-3.5.3.Final.jar;C:\Users\Asus\.m2\repository\org\hibernate\common\hibernate-commons-annotations\6.0.6.Final\hibernate-commons-annotations-6.0.6.Final.jar;C:\Users\Asus\.m2\repository\io\smallrye\jandex\3.0.5\jandex-3.0.5.jar;C:\Users\Asus\.m2\repository\com\fasterxml\classmate\1.5.1\classmate-1.5.1.jar;C:\Users\Asus\.m2\repository\net\bytebuddy\byte-buddy\1.14.13\byte-buddy-1.14.13.jar;C:\Users\Asus\.m2\repository\org\glassfish\jaxb\jaxb-runtime\4.0.5\jaxb-runtime-4.0.5.jar;C:\Users\Asus\.m2\repository\org\glassfish\jaxb\jaxb-core\4.0.5\jaxb-core-4.0.5.jar;C:\Users\Asus\.m2\repository\org\eclipse\angus\angus-activation\2.0.2\angus-activation-2.0.2.jar;C:\Users\Asus\.m2\repository\org\glassfish\jaxb\txw2\4.0.5\txw2-4.0.5.jar;C:\Users\Asus\.m2\repository\com\sun\istack\istack-commons-runtime\4.1.2\istack-commons-runtime-4.1.2.jar;C:\Users\Asus\.m2\repository\jakarta\inject\jaka
Launcher Type: SUN_STANDARD

[Global flags]
     intx CICompilerCount                          = 12                                        {product} {ergonomic}
     uint ConcGCThreads                            = 3                                         {product} {ergonomic}
     uint G1ConcRefinementThreads                  = 13                                        {product} {ergonomic}
   size_t G1HeapRegionSize                         = 2097152                                   {product} {ergonomic}
    uintx GCDrainStackTargetSize                   = 64                                        {product} {ergonomic}
   size_t InitialHeapSize                          = 264241152                                 {product} {ergonomic}
   size_t MarkStackSize                            = 4194304                                   {product} {ergonomic}
   size_t MaxHeapSize                              = 4198498304                                {product} {ergonomic}
   size_t MaxNewSize                               = 2518679552                                {product} {ergonomic}
   size_t MinHeapDeltaBytes                        = 2097152                                   {product} {ergonomic}
   size_t MinHeapSize                              = 8388608                                   {product} {ergonomic}
    uintx NonNMethodCodeHeapSize                   = 7602480                                {pd product} {ergonomic}
    uintx NonProfiledCodeHeapSize                  = 122027880                              {pd product} {ergonomic}
    uintx ProfiledCodeHeapSize                     = 122027880                              {pd product} {ergonomic}
    uintx ReservedCodeCacheSize                    = 251658240                              {pd product} {ergonomic}
     bool SegmentedCodeCache                       = true                                      {product} {ergonomic}
   size_t SoftMaxHeapSize                          = 4198498304                             {manageable} {ergonomic}
     bool UseCompressedClassPointers               = true                           {product lp64_product} {ergonomic}
     bool UseCompressedOops                        = true                           {product lp64_product} {ergonomic}
     bool UseG1GC                                  = true                                      {product} {ergonomic}
     bool UseLargePagesIndividualAllocation        = false                                  {pd product} {ergonomic}

Logging:
Log output configuration:
 #0: stdout all=warning uptime,level,tags
 #1: stderr all=off uptime,level,tags

Environment Variables:
JAVA_HOME=C:\Program Files\Java\jdk-17
PATH=C:\Python312\Scripts\;C:\Python312\;C:\Program Files\Java\jdk-17\bin;C:\Python311\Scripts\;C:\Python311\;C:\WINDOWS\system32;C:\WINDOWS;C:\WINDOWS\System32\Wbem;C:\WINDOWS\System32\WindowsPowerShell\v1.0\;C:\WINDOWS\System32\OpenSSH\;C:\ProgramData\chocolatey\bin;C:\Program Files (x86)\Microsoft SQL Server\160\Tools\Binn\;C:\Program Files\Microsoft SQL Server\160\Tools\Binn\;C:\Program Files\Microsoft SQL Server\Client SDK\ODBC\170\Tools\Binn\;C:\Program Files\Microsoft SQL Server\160\DTS\Binn\;z\C:\Program Files\Common Files\Oracle\Java\javapath;C:\Program Files (x86)\Microsoft SQL Server\160\DTS\Binn\;C:\Program Files\Azure Data Studio\bin;C:\Program Files\dotnet\;C:\Program Files\Microsoft SQL Server\150\Tools\Binn\;C:\Program Files\Git LFS;C:\Program Files\Go\bin;C:\protoc-25.1-win64\bin;C:\Program Files\apache-maven-3.9.6-bin\apache-maven-3.9.6\bin;C:\minikube;C:\kubectl;C:\Program Files\Git\cmd;C:\Program Files\Amazon\AWSCLIV2\;C:\Program Files\Amazon Corretto\jdk11.0.19_7\bin;C:\Users\Asus\AppData\Roaming\nvm;C:\Program Files\nodejs;C:\Program Files\Docker\Docker\resources\bin;C:\Program Files\PuTTY\;C:\Program Files\nodejs\;C:\Users\Asus\AppData\Local\Microsoft\WindowsApps;C:\Users\Asus\AppData\Local\Programs\Microsoft VS Code\bin;C:\Program Files\Java\jdk-17\bin;C:\Program Files\Azure Data Studio\bin;C:\Program Files\Oracle\VirtualBox;C:\Users\Asus\.dotnet\tools;C:\Program Files\JetBrains\GoLand 2023.2.5\bin;;C:\Users\Asus\go\bin;C:\Users\Asus\AppData\Roaming\nvm;C:\Program Files\nodejs;C:\Program Files\JetBrains\IntelliJ IDEA Community Edition 2024.1\bin;;C:\Users\Asus\AppData\Roaming\npm;C:\Users\Asus\AppData\Local\Android\sdk\platform-tools;;C:\Program Files\JetBrains\IntelliJ IDEA 2024.1.2\bin;
USERNAME=Asus
OS=Windows_NT
PROCESSOR_IDENTIFIER=Intel64 Family 6 Model 154 Stepping 3, GenuineIntel



---------------  S Y S T E M  ---------------

OS:
 Windows 11 , 64 bit Build 22621 (10.0.22621.3527)
OS uptime: 0 days 2:21 hours
Hyper-V role detected

CPU: total 16 (initial active 16) (8 cores per cpu, 2 threads per core) family 6 model 154 stepping 3 microcode 0x421, cx8, cmov, fxsr, ht, mmx, 3dnowpref, sse, sse2, sse3, ssse3, sse4.1, sse4.2, popcnt, lzcnt, tsc, tscinvbit, avx, avx2, aes, erms, clmul, bmi1, bmi2, adx, sha, fma, vzeroupper, clflush, clflushopt, clwb, hv

Memory: 4k page, system-wide physical 16008M (1593M free)
TotalPageFile size 18056M (AvailPageFile size 8M)
current process WorkingSet (physical memory assigned to process): 480M, peak: 504M
current process commit charge ("private bytes"): 548M, peak: 557M

vm_info: Java HotSpot(TM) 64-Bit Server VM (17.0.9+11-LTS-201) for windows-amd64 JRE (17.0.9+11-LTS-201), built on Oct 10 2023 23:16:06 by "mach5one" with MS VC++ 17.1 (VS2022)

END.
