#
# There is insufficient memory for the Java Runtime Environment to continue.
# Native memory allocation (malloc) failed to allocate 935808 bytes for Chunk::new
# Possible reasons:
#   The system is out of physical RAM or swap space
#   The process is running with CompressedOops enabled, and the Java Heap may be blocking the growth of the native heap
# Possible solutions:
#   Reduce memory load on the system
#   Increase physical memory or swap space
#   Check if swap backing store is full
#   Decrease Java heap size (-Xmx/-Xms)
#   Decrease number of Java threads
#   Decrease Java thread stack sizes (-Xss)
#   Set larger code cache with -XX:ReservedCodeCacheSize=
#   JVM is running with Zero Based Compressed Oops mode in which the Java heap is
#     placed in the first 32GB address space. The Java Heap base address is the
#     maximum limit for the native heap growth. Please use -XX:HeapBaseMinAddress
#     to set the Java Heap base and to place the Java Heap above 32GB virtual address.
# This output file may be truncated or incomplete.
#
#  Out of Memory Error (arena.cpp:189), pid=14832, tid=5656
#
# JRE version: Java(TM) SE Runtime Environment (17.0.9+11) (build 17.0.9+11-LTS-201)
# Java VM: Java HotSpot(TM) 64-Bit Server VM (17.0.9+11-LTS-201, mixed mode, sharing, tiered, compressed oops, compressed class ptrs, g1 gc, windows-amd64)
# No core dump will be written. Minidumps are not enabled by default on client versions of Windows
#

---------------  S U M M A R Y ------------

Command Line: -agentlib:jdwp=transport=dt_socket,address=127.0.0.1:65259,suspend=y,server=n -javaagent:C:\Users\Asus\AppData\Local\JetBrains\IntelliJIdea2024.1\captureAgent\debugger-agent.jar -Dfile.encoding=UTF-8 vn.edu.fpt.SmartHealthC.SmartHealthCApplication

Host: 12th Gen Intel(R) Core(TM) i5-1240P, 16 cores, 15G,  Windows 11 , 64 bit Build 22621 (10.0.22621.3527)
Time: Wed May 29 23:45:21 2024 SE Asia Standard Time elapsed time: 45.135268 seconds (0d 0h 0m 45s)

---------------  T H R E A D  ---------------

Current thread (0x000001d427677140):  JavaThread "C2 CompilerThread0" daemon [_thread_in_native, id=5656, stack(0x0000003f1d900000,0x0000003f1da00000)]


Current CompileTask:
C2:  45135 9452       4       jdk.internal.org.objectweb.asm.ClassWriter::toByteArray (1515 bytes)

Stack: [0x0000003f1d900000,0x0000003f1da00000]
Native frames: (J=compiled Java code, j=interpreted, Vv=VM code, C=native code)
V  [jvm.dll+0x678a4a]
V  [jvm.dll+0x7d9cfd]
V  [jvm.dll+0x7db60e]
V  [jvm.dll+0x7dbc73]
V  [jvm.dll+0x245e1f]
V  [jvm.dll+0xaaafb]
V  [jvm.dll+0xab09c]
V  [jvm.dll+0x36237e]
V  [jvm.dll+0x1bbb3a]
V  [jvm.dll+0x218287]
V  [jvm.dll+0x217561]
V  [jvm.dll+0x1a3bc0]
V  [jvm.dll+0x2272de]
V  [jvm.dll+0x22548b]
V  [jvm.dll+0x78f58c]
V  [jvm.dll+0x78998a]
V  [jvm.dll+0x677875]
C  [ucrtbase.dll+0x29333]
C  [KERNEL32.DLL+0x1257d]
C  [ntdll.dll+0x5aa48]


---------------  P R O C E S S  ---------------

Threads class SMR info:
_java_thread_list=0x000001d4777c7a50, length=32, elements={
0x000001d427666800, 0x000001d427667680, 0x000001d427670ee0, 0x000001d427673010,
0x000001d4276759e0, 0x000001d4276763a0, 0x000001d427677140, 0x000001d42767fc00,
0x000001d427680600, 0x000001d427645ea0, 0x000001d4278b2710, 0x000001d4278b4da0,
0x000001d4278b7210, 0x000001d4278cc7d0, 0x000001d4756f0bb0, 0x000001d4756ee840,
0x000001d4756f06a0, 0x000001d4756efc80, 0x000001d4756f10c0, 0x000001d4756eed50,
0x000001d47d279670, 0x000001d47d27a090, 0x000001d47d27d330, 0x000001d47d27c910,
0x000001d47d27c400, 0x000001d47d27dd50, 0x000001d47d27b9e0, 0x000001d47d27aab0,
0x000001d47d277810, 0x000001d47d27ce20, 0x000001d47d27afc0, 0x000001d47d27a5a0
}

Java Threads: ( => current thread )
  0x000001d427666800 JavaThread "Reference Handler" daemon [_thread_blocked, id=20476, stack(0x0000003f1d300000,0x0000003f1d400000)]
  0x000001d427667680 JavaThread "Finalizer" daemon [_thread_blocked, id=9268, stack(0x0000003f1d400000,0x0000003f1d500000)]
  0x000001d427670ee0 JavaThread "Signal Dispatcher" daemon [_thread_blocked, id=19356, stack(0x0000003f1d500000,0x0000003f1d600000)]
  0x000001d427673010 JavaThread "Attach Listener" daemon [_thread_blocked, id=20184, stack(0x0000003f1d600000,0x0000003f1d700000)]
  0x000001d4276759e0 JavaThread "Service Thread" daemon [_thread_blocked, id=11064, stack(0x0000003f1d700000,0x0000003f1d800000)]
  0x000001d4276763a0 JavaThread "Monitor Deflation Thread" daemon [_thread_blocked, id=12552, stack(0x0000003f1d800000,0x0000003f1d900000)]
=>0x000001d427677140 JavaThread "C2 CompilerThread0" daemon [_thread_in_native, id=5656, stack(0x0000003f1d900000,0x0000003f1da00000)]
  0x000001d42767fc00 JavaThread "C1 CompilerThread0" daemon [_thread_blocked, id=10396, stack(0x0000003f1da00000,0x0000003f1db00000)]
  0x000001d427680600 JavaThread "Sweeper thread" daemon [_thread_blocked, id=3656, stack(0x0000003f1db00000,0x0000003f1dc00000)]
  0x000001d427645ea0 JavaThread "Common-Cleaner" daemon [_thread_blocked, id=18792, stack(0x0000003f1dd00000,0x0000003f1de00000)]
  0x000001d4278b2710 JavaThread "JDWP Transport Listener: dt_socket" daemon [_thread_blocked, id=14308, stack(0x0000003f1e200000,0x0000003f1e300000)]
  0x000001d4278b4da0 JavaThread "JDWP Event Helper Thread" daemon [_thread_blocked, id=17500, stack(0x0000003f1e300000,0x0000003f1e400000)]
  0x000001d4278b7210 JavaThread "JDWP Command Reader" daemon [_thread_in_native, id=4084, stack(0x0000003f1e400000,0x0000003f1e500000)]
  0x000001d4278cc7d0 JavaThread "Notification Thread" daemon [_thread_blocked, id=4988, stack(0x0000003f1e500000,0x0000003f1e600000)]
  0x000001d4756f0bb0 JavaThread "mysql-cj-abandoned-connection-cleanup" daemon [_thread_blocked, id=7268, stack(0x0000003f1fa00000,0x0000003f1fb00000)]
  0x000001d4756ee840 JavaThread "HikariPool-1 housekeeper" daemon [_thread_blocked, id=10128, stack(0x0000003f1fc00000,0x0000003f1fd00000)]
  0x000001d4756f06a0 JavaThread "Catalina-utility-1" [_thread_blocked, id=4164, stack(0x0000003f1f600000,0x0000003f1f700000)]
  0x000001d4756efc80 JavaThread "Catalina-utility-2" [_thread_blocked, id=19884, stack(0x0000003f1f800000,0x0000003f1f900000)]
  0x000001d4756f10c0 JavaThread "container-0" [_thread_blocked, id=9544, stack(0x0000003f1f900000,0x0000003f1fa00000)]
  0x000001d4756eed50 JavaThread "http-nio-8080-exec-1" daemon [_thread_in_Java, id=6404, stack(0x0000003f1fd00000,0x0000003f1fe00000)]
  0x000001d47d279670 JavaThread "http-nio-8080-exec-2" daemon [_thread_blocked, id=12604, stack(0x0000003f20100000,0x0000003f20200000)]
  0x000001d47d27a090 JavaThread "http-nio-8080-exec-3" daemon [_thread_blocked, id=6588, stack(0x0000003f20200000,0x0000003f20300000)]
  0x000001d47d27d330 JavaThread "http-nio-8080-exec-4" daemon [_thread_blocked, id=19512, stack(0x0000003f20300000,0x0000003f20400000)]
  0x000001d47d27c910 JavaThread "http-nio-8080-exec-5" daemon [_thread_blocked, id=3924, stack(0x0000003f20400000,0x0000003f20500000)]
  0x000001d47d27c400 JavaThread "http-nio-8080-exec-6" daemon [_thread_blocked, id=19796, stack(0x0000003f20500000,0x0000003f20600000)]
  0x000001d47d27dd50 JavaThread "http-nio-8080-exec-7" daemon [_thread_blocked, id=380, stack(0x0000003f20600000,0x0000003f20700000)]
  0x000001d47d27b9e0 JavaThread "http-nio-8080-exec-8" daemon [_thread_blocked, id=18436, stack(0x0000003f20700000,0x0000003f20800000)]
  0x000001d47d27aab0 JavaThread "http-nio-8080-exec-9" daemon [_thread_blocked, id=19108, stack(0x0000003f20800000,0x0000003f20900000)]
  0x000001d47d277810 JavaThread "http-nio-8080-exec-10" daemon [_thread_blocked, id=16452, stack(0x0000003f20900000,0x0000003f20a00000)]
  0x000001d47d27ce20 JavaThread "http-nio-8080-Poller" daemon [_thread_in_native, id=18360, stack(0x0000003f20a00000,0x0000003f20b00000)]
  0x000001d47d27afc0 JavaThread "http-nio-8080-Acceptor" daemon [_thread_in_native, id=19932, stack(0x0000003f20b00000,0x0000003f20c00000)]
  0x000001d47d27a5a0 JavaThread "DestroyJavaVM" [_thread_blocked, id=7856, stack(0x0000003f1cc00000,0x0000003f1cd00000)]

Other Threads:
  0x000001d427656b70 VMThread "VM Thread" [stack: 0x0000003f1d200000,0x0000003f1d300000] [id=19308]
  0x000001d427953830 WatcherThread [stack: 0x0000003f1e600000,0x0000003f1e700000] [id=6632]
  0x000001d404041990 GCTaskThread "GC Thread#0" [stack: 0x0000003f1cd00000,0x0000003f1ce00000] [id=19032]
  0x000001d46d0d9ac0 GCTaskThread "GC Thread#1" [stack: 0x0000003f1e700000,0x0000003f1e800000] [id=12532]
  0x000001d46d0da880 GCTaskThread "GC Thread#2" [stack: 0x0000003f1e800000,0x0000003f1e900000] [id=12524]
  0x000001d46d0dae00 GCTaskThread "GC Thread#3" [stack: 0x0000003f1e900000,0x0000003f1ea00000] [id=11440]
  0x000001d46d0db0c0 GCTaskThread "GC Thread#4" [stack: 0x0000003f1ea00000,0x0000003f1eb00000] [id=15152]
  0x000001d46d0db380 GCTaskThread "GC Thread#5" [stack: 0x0000003f1eb00000,0x0000003f1ec00000] [id=2928]
  0x000001d46d0da300 GCTaskThread "GC Thread#6" [stack: 0x0000003f1ec00000,0x0000003f1ed00000] [id=17344]
  0x000001d46d0dab40 GCTaskThread "GC Thread#7" [stack: 0x0000003f1ed00000,0x0000003f1ee00000] [id=3816]
  0x000001d46d0d9800 GCTaskThread "GC Thread#8" [stack: 0x0000003f1ee00000,0x0000003f1ef00000] [id=6360]
  0x000001d46d0da5c0 GCTaskThread "GC Thread#9" [stack: 0x0000003f1ef00000,0x0000003f1f000000] [id=20272]
  0x000001d46dc76790 GCTaskThread "GC Thread#10" [stack: 0x0000003f1f100000,0x0000003f1f200000] [id=14452]
  0x000001d46dc77290 GCTaskThread "GC Thread#11" [stack: 0x0000003f1f200000,0x0000003f1f300000] [id=18860]
  0x000001d46dc77810 GCTaskThread "GC Thread#12" [stack: 0x0000003f1f300000,0x0000003f1f400000] [id=10404]
  0x000001d401dfeb50 ConcurrentGCThread "G1 Main Marker" [stack: 0x0000003f1ce00000,0x0000003f1cf00000] [id=3180]
  0x000001d404054750 ConcurrentGCThread "G1 Conc#0" [stack: 0x0000003f1cf00000,0x0000003f1d000000] [id=7008]
  0x000001d46dc76fd0 ConcurrentGCThread "G1 Conc#1" [stack: 0x0000003f1f000000,0x0000003f1f100000] [id=18120]
  0x000001d46fd7a350 ConcurrentGCThread "G1 Conc#2" [stack: 0x0000003f1f700000,0x0000003f1f800000] [id=11188]
  0x000001d427514260 ConcurrentGCThread "G1 Refine#0" [stack: 0x0000003f1d000000,0x0000003f1d100000] [id=3648]
  0x000001d427514c90 ConcurrentGCThread "G1 Service" [stack: 0x0000003f1d100000,0x0000003f1d200000] [id=18944]

Threads with active compile tasks:
C2 CompilerThread0    45155 9452       4       jdk.internal.org.objectweb.asm.ClassWriter::toByteArray (1515 bytes)

VM state: not at safepoint (normal execution)

VM Mutex/Monitor currently owned by a thread: None

Heap address: 0x0000000705c00000, size: 4004 MB, Compressed Oops mode: Zero based, Oop shift amount: 3

CDS archive(s) mapped at: [0x000001d428000000-0x000001d428bd0000-0x000001d428bd0000), size 12386304, SharedBaseAddress: 0x000001d428000000, ArchiveRelocationMode: 1.
Compressed class space mapped at: 0x000001d429000000-0x000001d469000000, reserved size: 1073741824
Narrow klass base: 0x000001d428000000, Narrow klass shift: 0, Narrow klass range: 0x100000000

GC Precious Log:
 CPUs: 16 total, 16 available
 Memory: 16008M
 Large Page Support: Disabled
 NUMA Support: Disabled
 Compressed Oops: Enabled (Zero based)
 Heap Region Size: 2M
 Heap Min Capacity: 8M
 Heap Initial Capacity: 252M
 Heap Max Capacity: 4004M
 Pre-touch: Disabled
 Parallel Workers: 13
 Concurrent Workers: 3
 Concurrent Refinement Workers: 13
 Periodic GC: Disabled

Heap:
 garbage-first heap   total 102400K, used 63857K [0x0000000705c00000, 0x0000000800000000)
  region size 2048K, 18 young (36864K), 3 survivors (6144K)
 Metaspace       used 76355K, committed 76928K, reserved 1179648K
  class space    used 10003K, committed 10304K, reserved 1048576K

Heap Regions: E=young(eden), S=young(survivor), O=old, HS=humongous(starts), HC=humongous(continues), CS=collection set, F=free, OA=open archive, CA=closed archive, TAMS=top-at-mark-start (previous, next)
|   0|0x0000000705c00000, 0x0000000705e00000, 0x0000000705e00000|100%| O|  |TAMS 0x0000000705e00000, 0x0000000705c00000| Untracked 
|   1|0x0000000705e00000, 0x0000000706000000, 0x0000000706000000|100%| O|  |TAMS 0x0000000706000000, 0x0000000705e00000| Untracked 
|   2|0x0000000706000000, 0x0000000706200000, 0x0000000706200000|100%| O|  |TAMS 0x0000000706200000, 0x0000000706000000| Untracked 
|   3|0x0000000706200000, 0x0000000706400000, 0x0000000706400000|100%| O|  |TAMS 0x0000000706400000, 0x0000000706200000| Untracked 
|   4|0x0000000706400000, 0x0000000706600000, 0x0000000706600000|100%| O|  |TAMS 0x0000000706600000, 0x0000000706400000| Untracked 
|   5|0x0000000706600000, 0x0000000706800000, 0x0000000706800000|100%| O|  |TAMS 0x0000000706800000, 0x0000000706600000| Untracked 
|   6|0x0000000706800000, 0x0000000706a00000, 0x0000000706a00000|100%| O|  |TAMS 0x0000000706a00000, 0x0000000706800000| Untracked 
|   7|0x0000000706a00000, 0x0000000706c00000, 0x0000000706c00000|100%| O|  |TAMS 0x0000000706c00000, 0x0000000706a00000| Untracked 
|   8|0x0000000706c00000, 0x0000000706e00000, 0x0000000706e00000|100%| O|  |TAMS 0x0000000706c00000, 0x0000000706c00000| Untracked 
|   9|0x0000000706e00000, 0x0000000707000000, 0x0000000707000000|100%| O|  |TAMS 0x0000000707000000, 0x0000000706e00000| Untracked 
|  10|0x0000000707000000, 0x0000000707200000, 0x0000000707200000|100%| O|  |TAMS 0x0000000707200000, 0x0000000707000000| Untracked 
|  11|0x0000000707200000, 0x00000007073ebc00, 0x0000000707400000| 96%| O|  |TAMS 0x00000007073ebc00, 0x0000000707200000| Untracked 
|  12|0x0000000707400000, 0x0000000707400000, 0x0000000707600000|  0%| F|  |TAMS 0x0000000707400000, 0x0000000707400000| Untracked 
|  13|0x0000000707600000, 0x0000000707600000, 0x0000000707800000|  0%| F|  |TAMS 0x0000000707600000, 0x0000000707600000| Untracked 
|  14|0x0000000707800000, 0x0000000707800000, 0x0000000707a00000|  0%| F|  |TAMS 0x0000000707800000, 0x0000000707800000| Untracked 
|  15|0x0000000707a00000, 0x0000000707a00000, 0x0000000707c00000|  0%| F|  |TAMS 0x0000000707a00000, 0x0000000707a00000| Untracked 
|  16|0x0000000707c00000, 0x0000000707c00000, 0x0000000707e00000|  0%| F|  |TAMS 0x0000000707c00000, 0x0000000707c00000| Untracked 
|  17|0x0000000707e00000, 0x0000000708000000, 0x0000000708000000|100%| O|  |TAMS 0x0000000707e00000, 0x0000000707e00000| Untracked 
|  18|0x0000000708000000, 0x0000000708200000, 0x0000000708200000|100%| O|  |TAMS 0x0000000708000000, 0x0000000708000000| Untracked 
|  19|0x0000000708200000, 0x0000000708400000, 0x0000000708400000|100%| O|  |TAMS 0x0000000708200000, 0x0000000708200000| Untracked 
|  20|0x0000000708400000, 0x000000070847da00, 0x0000000708600000| 24%| O|  |TAMS 0x0000000708400000, 0x0000000708400000| Untracked 
|  21|0x0000000708600000, 0x0000000708600000, 0x0000000708800000|  0%| F|  |TAMS 0x0000000708600000, 0x0000000708600000| Untracked 
|  22|0x0000000708800000, 0x0000000708800000, 0x0000000708a00000|  0%| F|  |TAMS 0x0000000708800000, 0x0000000708800000| Untracked 
|  23|0x0000000708a00000, 0x0000000708bf2fc0, 0x0000000708c00000| 97%| S|CS|TAMS 0x0000000708a00000, 0x0000000708a00000| Complete 
|  24|0x0000000708c00000, 0x0000000708c00000, 0x0000000708e00000|  0%| F|  |TAMS 0x0000000708c00000, 0x0000000708c00000| Untracked 
|  25|0x0000000708e00000, 0x0000000708e00000, 0x0000000709000000|  0%| F|  |TAMS 0x0000000708e00000, 0x0000000708e00000| Untracked 
|  26|0x0000000709000000, 0x0000000709200000, 0x0000000709200000|100%| S|CS|TAMS 0x0000000709000000, 0x0000000709000000| Complete 
|  27|0x0000000709200000, 0x0000000709400000, 0x0000000709400000|100%| S|CS|TAMS 0x0000000709200000, 0x0000000709200000| Complete 
|  28|0x0000000709400000, 0x0000000709400000, 0x0000000709600000|  0%| F|  |TAMS 0x0000000709400000, 0x0000000709400000| Untracked 
|  29|0x0000000709600000, 0x0000000709600000, 0x0000000709800000|  0%| F|  |TAMS 0x0000000709600000, 0x0000000709600000| Untracked 
|  30|0x0000000709800000, 0x0000000709800000, 0x0000000709a00000|  0%| F|  |TAMS 0x0000000709800000, 0x0000000709800000| Untracked 
|  31|0x0000000709a00000, 0x0000000709a00000, 0x0000000709c00000|  0%| F|  |TAMS 0x0000000709a00000, 0x0000000709a00000| Untracked 
|  32|0x0000000709c00000, 0x0000000709c00000, 0x0000000709e00000|  0%| F|  |TAMS 0x0000000709c00000, 0x0000000709c00000| Untracked 
|  33|0x0000000709e00000, 0x0000000709e00000, 0x000000070a000000|  0%| F|  |TAMS 0x0000000709e00000, 0x0000000709e00000| Untracked 
|  34|0x000000070a000000, 0x000000070a000000, 0x000000070a200000|  0%| F|  |TAMS 0x000000070a000000, 0x000000070a000000| Untracked 
|  35|0x000000070a200000, 0x000000070a28ca50, 0x000000070a400000| 27%| E|  |TAMS 0x000000070a200000, 0x000000070a200000| Complete 
|  36|0x000000070a400000, 0x000000070a600000, 0x000000070a600000|100%| E|  |TAMS 0x000000070a400000, 0x000000070a400000| Complete 
|  37|0x000000070a600000, 0x000000070a800000, 0x000000070a800000|100%| E|CS|TAMS 0x000000070a600000, 0x000000070a600000| Complete 
|  38|0x000000070a800000, 0x000000070aa00000, 0x000000070aa00000|100%| E|CS|TAMS 0x000000070a800000, 0x000000070a800000| Complete 
|  39|0x000000070aa00000, 0x000000070ac00000, 0x000000070ac00000|100%| E|CS|TAMS 0x000000070aa00000, 0x000000070aa00000| Complete 
|  40|0x000000070ac00000, 0x000000070ae00000, 0x000000070ae00000|100%| E|CS|TAMS 0x000000070ac00000, 0x000000070ac00000| Complete 
|  41|0x000000070ae00000, 0x000000070b000000, 0x000000070b000000|100%| E|CS|TAMS 0x000000070ae00000, 0x000000070ae00000| Complete 
|  42|0x000000070b000000, 0x000000070b200000, 0x000000070b200000|100%| E|CS|TAMS 0x000000070b000000, 0x000000070b000000| Complete 
|  43|0x000000070b200000, 0x000000070b400000, 0x000000070b400000|100%| E|CS|TAMS 0x000000070b200000, 0x000000070b200000| Complete 
|  44|0x000000070b400000, 0x000000070b600000, 0x000000070b600000|100%| E|CS|TAMS 0x000000070b400000, 0x000000070b400000| Complete 
|  45|0x000000070b600000, 0x000000070b800000, 0x000000070b800000|100%| E|CS|TAMS 0x000000070b600000, 0x000000070b600000| Complete 
|  46|0x000000070b800000, 0x000000070ba00000, 0x000000070ba00000|100%| E|CS|TAMS 0x000000070b800000, 0x000000070b800000| Complete 
|  47|0x000000070ba00000, 0x000000070bc00000, 0x000000070bc00000|100%| E|CS|TAMS 0x000000070ba00000, 0x000000070ba00000| Complete 
|  48|0x000000070bc00000, 0x000000070be00000, 0x000000070be00000|100%| E|CS|TAMS 0x000000070bc00000, 0x000000070bc00000| Complete 
| 125|0x0000000715600000, 0x0000000715800000, 0x0000000715800000|100%| E|CS|TAMS 0x0000000715600000, 0x0000000715600000| Complete 

Card table byte_map: [0x000001d41b8d0000,0x000001d41c0b0000] _byte_map_base: 0x000001d4180a2000

Marking Bits (Prev, Next): (CMBitMap*) 0x000001d404041ff0, (CMBitMap*) 0x000001d404041fb0
 Prev Bits: [0x000001d420720000, 0x000001d4245b0000)
 Next Bits: [0x000001d41c890000, 0x000001d420720000)

Polling page: 0x000001d401fd0000

Metaspace:

Usage:
  Non-class:     64.80 MB used.
      Class:      9.77 MB used.
       Both:     74.58 MB used.

Virtual space:
  Non-class space:      128.00 MB reserved,      65.06 MB ( 51%) committed,  2 nodes.
      Class space:        1.00 GB reserved,      10.06 MB ( <1%) committed,  1 nodes.
             Both:        1.12 GB reserved,      75.12 MB (  7%) committed. 

Chunk freelists:
   Non-Class:  14.70 MB
       Class:  5.88 MB
        Both:  20.58 MB

MaxMetaspaceSize: unlimited
CompressedClassSpaceSize: 1.00 GB
Initial GC threshold: 21.00 MB
Current GC threshold: 98.06 MB
CDS: on
MetaspaceReclaimPolicy: balanced
 - commit_granule_bytes: 65536.
 - commit_granule_words: 8192.
 - virtual_space_node_default_size: 8388608.
 - enlarge_chunks_in_place: 1.
 - new_chunks_are_fully_committed: 0.
 - uncommit_free_chunks: 1.
 - use_allocation_guard: 0.
 - handle_deallocations: 1.


Internal statistics:

num_allocs_failed_limit: 9.
num_arena_births: 850.
num_arena_deaths: 0.
num_vsnodes_births: 3.
num_vsnodes_deaths: 0.
num_space_committed: 1202.
num_space_uncommitted: 0.
num_chunks_returned_to_freelist: 9.
num_chunks_taken_from_freelist: 3581.
num_chunk_merges: 9.
num_chunk_splits: 2596.
num_chunks_enlarged: 2035.
num_inconsistent_stats: 0.

CodeHeap 'non-profiled nmethods': size=119168Kb used=7990Kb max_used=7990Kb free=111177Kb
 bounds [0x000001d413400000, 0x000001d413bd0000, 0x000001d41a860000]
CodeHeap 'profiled nmethods': size=119104Kb used=17288Kb max_used=17288Kb free=101815Kb
 bounds [0x000001d40b860000, 0x000001d40c950000, 0x000001d412cb0000]
CodeHeap 'non-nmethods': size=7488Kb used=1450Kb max_used=3253Kb free=6037Kb
 bounds [0x000001d412cb0000, 0x000001d412ff0000, 0x000001d413400000]
 total_blobs=8837 nmethods=8124 adapters=624
 compilation: enabled
              stopped_count=0, restarted_count=0
 full_count=0

Compilation events (20 events):
Event: 45.045 Thread 0x000001d42767fc00 nmethod 9444 0x000001d40c932990 code [0x000001d40c932b40, 0x000001d40c932d18]
Event: 45.048 Thread 0x000001d42767fc00 9445       3       java.lang.invoke.LambdaFormBuffer::insertExpression (30 bytes)
Event: 45.048 Thread 0x000001d427677140 9446       4       java.lang.invoke.MethodHandle::intrinsicName (4 bytes)
Event: 45.048 Thread 0x000001d42767fc00 nmethod 9445 0x000001d40c932e10 code [0x000001d40c932fc0, 0x000001d40c933128]
Event: 45.048 Thread 0x000001d427677140 nmethod 9446 0x000001d413bcd490 code [0x000001d413bcd600, 0x000001d413bcd678]
Event: 45.050 Thread 0x000001d42767fc00 9447       3       java.lang.invoke.LambdaFormBuffer::indexOf (25 bytes)
Event: 45.050 Thread 0x000001d42767fc00 nmethod 9447 0x000001d40c933210 code [0x000001d40c9333c0, 0x000001d40c9335d8]
Event: 45.051 Thread 0x000001d42767fc00 9449       3       jdk.internal.misc.Unsafe::getAndAddLong (27 bytes)
Event: 45.051 Thread 0x000001d42767fc00 nmethod 9449 0x000001d40c933690 code [0x000001d40c933840, 0x000001d40c933a88]
Event: 45.051 Thread 0x000001d42767fc00 9450       3       java.nio.HeapByteBuffer::put (17 bytes)
Event: 45.052 Thread 0x000001d42767fc00 nmethod 9450 0x000001d40c933b90 code [0x000001d40c933d40, 0x000001d40c933f38]
Event: 45.052 Thread 0x000001d42767fc00 9451   !   3       org.apache.tomcat.util.http.parser.HttpParser::isControl (9 bytes)
Event: 45.052 Thread 0x000001d42767fc00 nmethod 9451 0x000001d40c934090 code [0x000001d40c934220, 0x000001d40c934398]
Event: 45.069 Thread 0x000001d427677140 9452       4       jdk.internal.org.objectweb.asm.ClassWriter::toByteArray (1515 bytes)
Event: 45.071 Thread 0x000001d42767fc00 9453 %     3       java.util.Properties$LineReader::readLine @ 53 (584 bytes)
Event: 45.073 Thread 0x000001d42767fc00 nmethod 9453% 0x000001d40c934490 code [0x000001d40c934860, 0x000001d40c9373d8]
Event: 45.085 Thread 0x000001d42767fc00 9454 %     3       java.util.Properties$LineReader::readLine @ 293 (584 bytes)
Event: 45.089 Thread 0x000001d42767fc00 nmethod 9454% 0x000001d40c938210 code [0x000001d40c9385e0, 0x000001d40c93b578]
Event: 45.093 Thread 0x000001d42767fc00 9455   !   3       java.util.jar.Attributes::read (494 bytes)
Event: 45.097 Thread 0x000001d42767fc00 nmethod 9455 0x000001d40c93c410 code [0x000001d40c93cc60, 0x000001d40c940f88]

GC Heap History (20 events):
Event: 5.113 GC heap before
{Heap before GC invocations=7 (full 0):
 garbage-first heap   total 61440K, used 42557K [0x0000000705c00000, 0x0000000800000000)
  region size 2048K, 14 young (28672K), 2 survivors (4096K)
 Metaspace       used 31367K, committed 31744K, reserved 1114112K
  class space    used 3979K, committed 4160K, reserved 1048576K
}
Event: 5.121 GC heap after
{Heap after GC invocations=8 (full 0):
 garbage-first heap   total 61440K, used 19945K [0x0000000705c00000, 0x0000000800000000)
  region size 2048K, 1 young (2048K), 1 survivors (2048K)
 Metaspace       used 31367K, committed 31744K, reserved 1114112K
  class space    used 3979K, committed 4160K, reserved 1048576K
}
Event: 6.049 GC heap before
{Heap before GC invocations=8 (full 0):
 garbage-first heap   total 61440K, used 44521K [0x0000000705c00000, 0x0000000800000000)
  region size 2048K, 13 young (26624K), 1 survivors (2048K)
 Metaspace       used 34840K, committed 35264K, reserved 1114112K
  class space    used 4414K, committed 4608K, reserved 1048576K
}
Event: 6.057 GC heap after
{Heap after GC invocations=9 (full 0):
 garbage-first heap   total 61440K, used 21576K [0x0000000705c00000, 0x0000000800000000)
  region size 2048K, 2 young (4096K), 2 survivors (4096K)
 Metaspace       used 34840K, committed 35264K, reserved 1114112K
  class space    used 4414K, committed 4608K, reserved 1048576K
}
Event: 6.210 GC heap before
{Heap before GC invocations=9 (full 0):
 garbage-first heap   total 61440K, used 23624K [0x0000000705c00000, 0x0000000800000000)
  region size 2048K, 4 young (8192K), 2 survivors (4096K)
 Metaspace       used 35570K, committed 35968K, reserved 1114112K
  class space    used 4530K, committed 4736K, reserved 1048576K
}
Event: 6.217 GC heap after
{Heap after GC invocations=10 (full 0):
 garbage-first heap   total 61440K, used 21779K [0x0000000705c00000, 0x0000000800000000)
  region size 2048K, 1 young (2048K), 1 survivors (2048K)
 Metaspace       used 35570K, committed 35968K, reserved 1114112K
  class space    used 4530K, committed 4736K, reserved 1048576K
}
Event: 7.044 GC heap before
{Heap before GC invocations=11 (full 0):
 garbage-first heap   total 61440K, used 44307K [0x0000000705c00000, 0x0000000800000000)
  region size 2048K, 13 young (26624K), 1 survivors (2048K)
 Metaspace       used 41403K, committed 41856K, reserved 1114112K
  class space    used 5349K, committed 5568K, reserved 1048576K
}
Event: 7.050 GC heap after
{Heap after GC invocations=12 (full 0):
 garbage-first heap   total 61440K, used 23308K [0x0000000705c00000, 0x0000000800000000)
  region size 2048K, 2 young (4096K), 2 survivors (4096K)
 Metaspace       used 41403K, committed 41856K, reserved 1114112K
  class space    used 5349K, committed 5568K, reserved 1048576K
}
Event: 7.104 GC heap before
{Heap before GC invocations=12 (full 0):
 garbage-first heap   total 61440K, used 25356K [0x0000000705c00000, 0x0000000800000000)
  region size 2048K, 3 young (6144K), 2 survivors (4096K)
 Metaspace       used 42124K, committed 42560K, reserved 1114112K
  class space    used 5439K, committed 5632K, reserved 1048576K
}
Event: 7.113 GC heap after
{Heap after GC invocations=13 (full 0):
 garbage-first heap   total 61440K, used 23348K [0x0000000705c00000, 0x0000000800000000)
  region size 2048K, 1 young (2048K), 1 survivors (2048K)
 Metaspace       used 42124K, committed 42560K, reserved 1114112K
  class space    used 5439K, committed 5632K, reserved 1048576K
}
Event: 7.620 GC heap before
{Heap before GC invocations=13 (full 0):
 garbage-first heap   total 61440K, used 45876K [0x0000000705c00000, 0x0000000800000000)
  region size 2048K, 12 young (24576K), 1 survivors (2048K)
 Metaspace       used 49453K, committed 49920K, reserved 1114112K
  class space    used 6366K, committed 6592K, reserved 1048576K
}
Event: 7.625 GC heap after
{Heap after GC invocations=14 (full 0):
 garbage-first heap   total 159744K, used 24495K [0x0000000705c00000, 0x0000000800000000)
  region size 2048K, 1 young (2048K), 1 survivors (2048K)
 Metaspace       used 49453K, committed 49920K, reserved 1114112K
  class space    used 6366K, committed 6592K, reserved 1048576K
}
Event: 9.000 GC heap before
{Heap before GC invocations=14 (full 0):
 garbage-first heap   total 159744K, used 106415K [0x0000000705c00000, 0x0000000800000000)
  region size 2048K, 42 young (86016K), 1 survivors (2048K)
 Metaspace       used 59750K, committed 60160K, reserved 1114112K
  class space    used 7857K, committed 8064K, reserved 1048576K
}
Event: 9.006 GC heap after
{Heap after GC invocations=15 (full 0):
 garbage-first heap   total 159744K, used 27370K [0x0000000705c00000, 0x0000000800000000)
  region size 2048K, 3 young (6144K), 3 survivors (6144K)
 Metaspace       used 59750K, committed 60160K, reserved 1114112K
  class space    used 7857K, committed 8064K, reserved 1048576K
}
Event: 10.818 GC heap before
{Heap before GC invocations=16 (full 0):
 garbage-first heap   total 102400K, used 86762K [0x0000000705c00000, 0x0000000800000000)
  region size 2048K, 33 young (67584K), 3 survivors (6144K)
 Metaspace       used 68096K, committed 68736K, reserved 1114112K
  class space    used 9016K, committed 9344K, reserved 1048576K
}
Event: 10.824 GC heap after
{Heap after GC invocations=17 (full 0):
 garbage-first heap   total 102400K, used 31421K [0x0000000705c00000, 0x0000000800000000)
  region size 2048K, 5 young (10240K), 5 survivors (10240K)
 Metaspace       used 68096K, committed 68736K, reserved 1114112K
  class space    used 9016K, committed 9344K, reserved 1048576K
}
Event: 11.330 GC heap before
{Heap before GC invocations=17 (full 0):
 garbage-first heap   total 102400K, used 80573K [0x0000000705c00000, 0x0000000800000000)
  region size 2048K, 29 young (59392K), 5 survivors (10240K)
 Metaspace       used 69250K, committed 69888K, reserved 1114112K
  class space    used 9083K, committed 9408K, reserved 1048576K
}
Event: 11.336 GC heap after
{Heap after GC invocations=18 (full 0):
 garbage-first heap   total 102400K, used 34484K [0x0000000705c00000, 0x0000000800000000)
  region size 2048K, 2 young (4096K), 2 survivors (4096K)
 Metaspace       used 69250K, committed 69888K, reserved 1114112K
  class space    used 9083K, committed 9408K, reserved 1048576K
}
Event: 12.514 GC heap before
{Heap before GC invocations=18 (full 0):
 garbage-first heap   total 102400K, used 79540K [0x0000000705c00000, 0x0000000800000000)
  region size 2048K, 24 young (49152K), 2 survivors (4096K)
 Metaspace       used 72743K, committed 73344K, reserved 1114112K
  class space    used 9543K, committed 9856K, reserved 1048576K
}
Event: 12.518 GC heap after
{Heap after GC invocations=19 (full 0):
 garbage-first heap   total 102400K, used 37233K [0x0000000705c00000, 0x0000000800000000)
  region size 2048K, 3 young (6144K), 3 survivors (6144K)
 Metaspace       used 72743K, committed 73344K, reserved 1114112K
  class space    used 9543K, committed 9856K, reserved 1048576K
}

Deoptimization events (20 events):
Event: 26.955 Thread 0x000001d4756f06a0 DEOPT PACKING pc=0x000001d413b89810 sp=0x0000003f1f6ff2b0
Event: 26.955 Thread 0x000001d4756f06a0 DEOPT UNPACKING pc=0x000001d412d023a3 sp=0x0000003f1f6ff220 mode 2
Event: 45.084 Thread 0x000001d4756eed50 DEOPT PACKING pc=0x000001d4135733d4 sp=0x0000003f1fdfd4c0
Event: 45.084 Thread 0x000001d4756eed50 DEOPT UNPACKING pc=0x000001d412d02b43 sp=0x0000003f1fdfc938 mode 1
Event: 45.084 Thread 0x000001d4756eed50 DEOPT PACKING pc=0x000001d40bca80ec sp=0x0000003f1fdfd500
Event: 45.084 Thread 0x000001d4756eed50 DEOPT UNPACKING pc=0x000001d412d02b43 sp=0x0000003f1fdfcb38 mode 1
Event: 45.084 Thread 0x000001d4756eed50 DEOPT PACKING pc=0x000001d4135733d4 sp=0x0000003f1fdfd610
Event: 45.084 Thread 0x000001d4756eed50 DEOPT UNPACKING pc=0x000001d412d02b43 sp=0x0000003f1fdfcaa0 mode 1
Event: 45.102 Thread 0x000001d4756eed50 Uncommon trap: trap_request=0xffffff45 fr.pc=0x000001d4138004a0 relative=0x0000000000000200
Event: 45.102 Thread 0x000001d4756eed50 Uncommon trap: reason=unstable_if action=reinterpret pc=0x000001d4138004a0 method=java.lang.String.indexOf(Ljava/lang/String;)I @ 10 c2
Event: 45.102 Thread 0x000001d4756eed50 DEOPT PACKING pc=0x000001d4138004a0 sp=0x0000003f1fdfda70
Event: 45.102 Thread 0x000001d4756eed50 DEOPT UNPACKING pc=0x000001d412d023a3 sp=0x0000003f1fdfd9b8 mode 2
Event: 45.102 Thread 0x000001d4756eed50 Uncommon trap: trap_request=0xffffff45 fr.pc=0x000001d4134b12d8 relative=0x00000000000001d8
Event: 45.102 Thread 0x000001d4756eed50 Uncommon trap: reason=unstable_if action=reinterpret pc=0x000001d4134b12d8 method=java.lang.String.indexOf(Ljava/lang/String;)I @ 10 c2
Event: 45.102 Thread 0x000001d4756eed50 DEOPT PACKING pc=0x000001d4134b12d8 sp=0x0000003f1fdfda10
Event: 45.102 Thread 0x000001d4756eed50 DEOPT UNPACKING pc=0x000001d412d023a3 sp=0x0000003f1fdfd9b0 mode 2
Event: 45.112 Thread 0x000001d4756eed50 Uncommon trap: trap_request=0xffffff45 fr.pc=0x000001d4135d5e04 relative=0x0000000000000244
Event: 45.112 Thread 0x000001d4756eed50 Uncommon trap: reason=unstable_if action=reinterpret pc=0x000001d4135d5e04 method=org.springframework.util.AntPathMatcher.skipSegment(Ljava/lang/String;ILjava/lang/String;)I @ 60 c2
Event: 45.112 Thread 0x000001d4756eed50 DEOPT PACKING pc=0x000001d4135d5e04 sp=0x0000003f1fdfcf00
Event: 45.112 Thread 0x000001d4756eed50 DEOPT UNPACKING pc=0x000001d412d023a3 sp=0x0000003f1fdfce98 mode 2

Classes unloaded (0 events):
No events

Classes redefined (0 events):
No events

Internal exceptions (20 events):
Event: 10.135 Thread 0x000001d403fd8c30 Exception <a 'java/lang/reflect/InvocationTargetException'{0x00000007099d3078}> (0x00000007099d3078) 
thrown [s\open\src\hotspot\share\runtime\reflection.cpp, line 1121]
Event: 10.145 Thread 0x000001d403fd8c30 Exception <a 'java/lang/NoSuchMethodError'{0x000000070964a038}: 'int java.lang.invoke.DirectMethodHandle$Holder.invokeStatic(java.lang.Object, java.lang.Object, int)'> (0x000000070964a038) 
thrown [s\open\src\hotspot\share\interpreter\linkResolver.cpp, line 759]
Event: 10.151 Thread 0x000001d403fd8c30 Exception <a 'java/lang/NoSuchMethodError'{0x0000000709668e98}: 'java.lang.Object java.lang.invoke.DirectMethodHandle$Holder.newInvokeSpecial(java.lang.Object, java.lang.Object, int)'> (0x0000000709668e98) 
thrown [s\open\src\hotspot\share\interpreter\linkResolver.cpp, line 759]
Event: 10.158 Thread 0x000001d403fd8c30 Exception <a 'java/lang/IncompatibleClassChangeError'{0x0000000709698e98}: Found class java.lang.Object, but interface was expected> (0x0000000709698e98) 
thrown [s\open\src\hotspot\share\interpreter\linkResolver.cpp, line 826]
Event: 10.206 Thread 0x000001d403fd8c30 Exception <a 'java/lang/NoSuchMethodError'{0x000000070946b258}: 'java.lang.Object java.lang.invoke.DirectMethodHandle$Holder.invokeStatic(java.lang.Object, int, java.lang.Object)'> (0x000000070946b258) 
thrown [s\open\src\hotspot\share\interpreter\linkResolver.cpp, line 759]
Event: 10.474 Thread 0x000001d403fd8c30 Exception <a 'java/lang/NoSuchMethodError'{0x0000000708f352b0}: 'long java.lang.invoke.DirectMethodHandle$Holder.invokeVirtual(java.lang.Object, java.lang.Object)'> (0x0000000708f352b0) 
thrown [s\open\src\hotspot\share\interpreter\linkResolver.cpp, line 759]
Event: 12.177 Thread 0x000001d403fd8c30 Exception <a 'sun/nio/fs/WindowsException'{0x000000070a3e97c8}> (0x000000070a3e97c8) 
thrown [s\open\src\hotspot\share\prims\jni.cpp, line 516]
Event: 12.269 Thread 0x000001d403fd8c30 Exception <a 'java/lang/IncompatibleClassChangeError'{0x0000000709db4500}: Found class java.lang.Object, but interface was expected> (0x0000000709db4500) 
thrown [s\open\src\hotspot\share\interpreter\linkResolver.cpp, line 826]
Event: 12.432 Thread 0x000001d403fd8c30 Implicit null exception at 0x000001d413539153 to 0x000001d41353a69c
Event: 12.479 Thread 0x000001d403fd8c30 Implicit null exception at 0x000001d413623172 to 0x000001d413623228
Event: 12.479 Thread 0x000001d403fd8c30 Implicit null exception at 0x000001d413623172 to 0x000001d413623228
Event: 12.506 Thread 0x000001d403fd8c30 Exception <a 'java/lang/NoSuchMethodError'{0x000000070958f450}: 'java.lang.Object java.lang.invoke.DirectMethodHandle$Holder.invokeInterface(java.lang.Object, java.lang.Object, java.lang.Object, java.lang.Object)'> (0x000000070958f450) 
thrown [s\open\src\hotspot\share\interpreter\linkResolver.cpp, line 759]
Event: 12.578 Thread 0x000001d403fd8c30 Exception <a 'java/lang/NoSuchMethodError'{0x00000007157ed3b0}: 'void java.lang.invoke.DirectMethodHandle$Holder.invokeVirtual(java.lang.Object, java.lang.Object, long)'> (0x00000007157ed3b0) 
thrown [s\open\src\hotspot\share\interpreter\linkResolver.cpp, line 759]
Event: 12.745 Thread 0x000001d403fd8c30 Implicit null exception at 0x000001d41359b43a to 0x000001d41359b670
Event: 12.856 Thread 0x000001d403fd8c30 Exception <a 'java/lang/NoSuchMethodError'{0x000000070acc8800}: 'java.lang.Object java.lang.invoke.DirectMethodHandle$Holder.newInvokeSpecial(java.lang.Object, java.lang.Object, int, java.lang.Object, java.lang.Object)'> (0x000000070acc8800) 
thrown [s\open\src\hotspot\share\interpreter\linkResolver.cpp, line 759]
Event: 12.858 Thread 0x000001d403fd8c30 Exception <a 'java/lang/NoSuchMethodError'{0x000000070acd3d38}: 'java.lang.Object java.lang.invoke.DirectMethodHandle$Holder.invokeSpecial(java.lang.Object, java.lang.Object, int, java.lang.Object, int, java.lang.Object)'> (0x000000070acd3d38) 
thrown [s\open\src\hotspot\share\interpreter\linkResolver.cpp, line 759]
Event: 12.860 Thread 0x000001d403fd8c30 Exception <a 'java/lang/NoSuchMethodError'{0x000000070acdbab0}: 'java.lang.Object java.lang.invoke.DirectMethodHandle$Holder.newInvokeSpecial(java.lang.Object, java.lang.Object, int, java.lang.Object, int)'> (0x000000070acdbab0) 
thrown [s\open\src\hotspot\share\interpreter\linkResolver.cpp, line 759]
Event: 12.861 Thread 0x000001d403fd8c30 Exception <a 'java/lang/NoSuchMethodError'{0x000000070acdfbb0}: 'java.lang.Object java.lang.invoke.DirectMethodHandle$Holder.invokeSpecial(java.lang.Object, java.lang.Object, java.lang.Object, int, java.lang.Object, int)'> (0x000000070acdfbb0) 
thrown [s\open\src\hotspot\share\interpreter\linkResolver.cpp, line 759]
Event: 45.050 Thread 0x000001d47d279670 Exception <a 'java/lang/NoSuchMethodError'{0x000000070a9c0558}: 'java.lang.Object java.lang.invoke.DirectMethodHandle$Holder.invokeSpecial(java.lang.Object, java.lang.Object, java.lang.Object, java.lang.Object, java.lang.Object, long)'> (0x000000070a9c0558) 
thrown [s\open\src\hotspot\share\interpreter\linkResolver.cpp, line 759]
Event: 45.050 Thread 0x000001d47d279670 Exception <a 'java/lang/NoSuchMethodError'{0x000000070a9c3f98}: 'java.lang.Object java.lang.invoke.Invokers$Holder.linkToTargetMethod(java.lang.Object, java.lang.Object, java.lang.Object, long, java.lang.Object)'> (0x000000070a9c3f98) 
thrown [s\open\src\hotspot\share\interpreter\linkResolver.cpp, line 759]

VM Operations (20 events):
Event: 11.999 Executing VM operation: HandshakeAllThreads
Event: 11.999 Executing VM operation: HandshakeAllThreads done
Event: 12.000 Executing VM operation: HandshakeAllThreads
Event: 12.000 Executing VM operation: HandshakeAllThreads done
Event: 12.104 Executing VM operation: HandshakeAllThreads
Event: 12.105 Executing VM operation: HandshakeAllThreads done
Event: 12.109 Executing VM operation: ICBufferFull
Event: 12.109 Executing VM operation: ICBufferFull done
Event: 12.514 Executing VM operation: G1CollectForAllocation
Event: 12.518 Executing VM operation: G1CollectForAllocation done
Event: 12.591 Executing VM operation: HandshakeAllThreads
Event: 12.591 Executing VM operation: HandshakeAllThreads done
Event: 12.599 Executing VM operation: HandshakeAllThreads
Event: 12.599 Executing VM operation: HandshakeAllThreads done
Event: 13.613 Executing VM operation: Cleanup
Event: 13.613 Executing VM operation: Cleanup done
Event: 45.061 Executing VM operation: HandshakeAllThreads
Event: 45.061 Executing VM operation: HandshakeAllThreads done
Event: 45.061 Executing VM operation: Cleanup
Event: 45.062 Executing VM operation: Cleanup done

Events (20 events):
Event: 45.128 loading class io/jsonwebtoken/io/SerializationException
Event: 45.128 loading class io/jsonwebtoken/io/SerializationException done
Event: 45.129 loading class io/jsonwebtoken/impl/compression/DefaultCompressionCodecResolver
Event: 45.129 loading class io/jsonwebtoken/impl/compression/DefaultCompressionCodecResolver done
Event: 45.130 loading class io/jsonwebtoken/CompressionException
Event: 45.130 loading class io/jsonwebtoken/CompressionException done
Event: 45.130 loading class io/jsonwebtoken/CompressionCodec
Event: 45.130 loading class io/jsonwebtoken/CompressionCodec done
Event: 45.131 loading class io/jsonwebtoken/impl/compression/DeflateCompressionCodec
Event: 45.131 loading class io/jsonwebtoken/impl/compression/DeflateCompressionCodec done
Event: 45.131 loading class io/jsonwebtoken/impl/compression/AbstractCompressionCodec
Event: 45.131 loading class io/jsonwebtoken/impl/compression/AbstractCompressionCodec done
Event: 45.132 loading class io/jsonwebtoken/impl/compression/AbstractCompressionCodec$StreamWrapper
Event: 45.132 loading class io/jsonwebtoken/impl/compression/AbstractCompressionCodec$StreamWrapper done
Event: 45.133 loading class io/jsonwebtoken/impl/compression/DeflateCompressionCodec$1
Event: 45.133 loading class io/jsonwebtoken/impl/compression/DeflateCompressionCodec$1 done
Event: 45.134 loading class java/util/zip/DeflaterOutputStream
Event: 45.134 loading class java/util/zip/DeflaterOutputStream done
Event: 45.134 loading class io/jsonwebtoken/impl/compression/GzipCompressionCodec
Event: 45.134 loading class io/jsonwebtoken/impl/compression/GzipCompressionCodec done


Dynamic libraries:
0x00007ff774180000 - 0x00007ff774190000 	C:\Program Files\Java\jdk-17\bin\java.exe
0x00007fffda990000 - 0x00007fffdaba7000 	C:\WINDOWS\SYSTEM32\ntdll.dll
0x00007fffd9190000 - 0x00007fffd9254000 	C:\WINDOWS\System32\KERNEL32.DLL
0x00007fffd7cb0000 - 0x00007fffd8057000 	C:\WINDOWS\System32\KERNELBASE.dll
0x00007fffd8360000 - 0x00007fffd8471000 	C:\WINDOWS\System32\ucrtbase.dll
0x00007fffd1170000 - 0x00007fffd118b000 	C:\Program Files\Java\jdk-17\bin\VCRUNTIME140.dll
0x00007fffd1190000 - 0x00007fffd11a9000 	C:\Program Files\Java\jdk-17\bin\jli.dll
0x00007fffda890000 - 0x00007fffda942000 	C:\WINDOWS\System32\ADVAPI32.dll
0x00007fffd9f30000 - 0x00007fffd9fd7000 	C:\WINDOWS\System32\msvcrt.dll
0x00007fffd86c0000 - 0x00007fffd8768000 	C:\WINDOWS\System32\sechost.dll
0x00007fffd8480000 - 0x00007fffd84a8000 	C:\WINDOWS\System32\bcrypt.dll
0x00007fffd9270000 - 0x00007fffd9385000 	C:\WINDOWS\System32\RPCRT4.dll
0x00007fffda270000 - 0x00007fffda41e000 	C:\WINDOWS\System32\USER32.dll
0x00007fffd8270000 - 0x00007fffd8296000 	C:\WINDOWS\System32\win32u.dll
0x00007fffda420000 - 0x00007fffda449000 	C:\WINDOWS\System32\GDI32.dll
0x00007fffbdce0000 - 0x00007fffbdf73000 	C:\WINDOWS\WinSxS\amd64_microsoft.windows.common-controls_6595b64144ccf1df_6.0.22621.3527_none_270e469b73872a76\COMCTL32.dll
0x00007fffd8520000 - 0x00007fffd8639000 	C:\WINDOWS\System32\gdi32full.dll
0x00007fffd81d0000 - 0x00007fffd826a000 	C:\WINDOWS\System32\msvcp_win.dll
0x00007fffc4f60000 - 0x00007fffc4f6a000 	C:\WINDOWS\SYSTEM32\VERSION.dll
0x00007fffda450000 - 0x00007fffda481000 	C:\WINDOWS\System32\IMM32.DLL
0x00007fffd1ef0000 - 0x00007fffd1efc000 	C:\Program Files\Java\jdk-17\bin\vcruntime140_1.dll
0x00007fffd10e0000 - 0x00007fffd116e000 	C:\Program Files\Java\jdk-17\bin\msvcp140.dll
0x00007fff9c5b0000 - 0x00007fff9d191000 	C:\Program Files\Java\jdk-17\bin\server\jvm.dll
0x00007fffda880000 - 0x00007fffda888000 	C:\WINDOWS\System32\PSAPI.DLL
0x00007fffcfa20000 - 0x00007fffcfa29000 	C:\WINDOWS\SYSTEM32\WSOCK32.dll
0x00007fffce390000 - 0x00007fffce3c4000 	C:\WINDOWS\SYSTEM32\WINMM.dll
0x00007fffd93c0000 - 0x00007fffd9431000 	C:\WINDOWS\System32\WS2_32.dll
0x00007fffd6d90000 - 0x00007fffd6da8000 	C:\WINDOWS\SYSTEM32\kernel.appcore.dll
0x00007fffd10d0000 - 0x00007fffd10da000 	C:\Program Files\Java\jdk-17\bin\jimage.dll
0x00007fffd55b0000 - 0x00007fffd57e2000 	C:\WINDOWS\SYSTEM32\DBGHELP.DLL
0x00007fffd8d10000 - 0x00007fffd9098000 	C:\WINDOWS\System32\combase.dll
0x00007fffd9d50000 - 0x00007fffd9e27000 	C:\WINDOWS\System32\OLEAUT32.dll
0x00007fffb94f0000 - 0x00007fffb9522000 	C:\WINDOWS\SYSTEM32\dbgcore.DLL
0x00007fffd8640000 - 0x00007fffd86b9000 	C:\WINDOWS\System32\bcryptPrimitives.dll
0x00007fffbf000000 - 0x00007fffbf03b000 	C:\Program Files\Java\jdk-17\bin\jdwp.dll
0x00007fffcf9d0000 - 0x00007fffcf9de000 	C:\Program Files\Java\jdk-17\bin\instrument.dll
0x00007fffd10a0000 - 0x00007fffd10c5000 	C:\Program Files\Java\jdk-17\bin\java.dll
0x00007fffcf6e0000 - 0x00007fffcf6f8000 	C:\Program Files\Java\jdk-17\bin\zip.dll
0x00007fffb13f0000 - 0x00007fffb14c7000 	C:\Program Files\Java\jdk-17\bin\jsvml.dll
0x00007fffd94f0000 - 0x00007fffd9d4c000 	C:\WINDOWS\System32\SHELL32.dll
0x00007fffd5bb0000 - 0x00007fffd64a6000 	C:\WINDOWS\SYSTEM32\windows.storage.dll
0x00007fffd5a70000 - 0x00007fffd5bae000 	C:\WINDOWS\SYSTEM32\wintypes.dll
0x00007fffd9ff0000 - 0x00007fffda0e5000 	C:\WINDOWS\System32\SHCORE.dll
0x00007fffd90a0000 - 0x00007fffd90fe000 	C:\WINDOWS\System32\shlwapi.dll
0x00007fffd7be0000 - 0x00007fffd7c01000 	C:\WINDOWS\SYSTEM32\profapi.dll
0x00007fffcf6d0000 - 0x00007fffcf6dc000 	C:\Program Files\Java\jdk-17\bin\dt_socket.dll
0x00007fffd6780000 - 0x00007fffd67ad000 	C:\WINDOWS\SYSTEM32\IPHLPAPI.DLL
0x00007fffd7200000 - 0x00007fffd7269000 	C:\WINDOWS\system32\mswsock.dll
0x00007fffcfa90000 - 0x00007fffcfaa9000 	C:\Program Files\Java\jdk-17\bin\net.dll
0x00007fffd1950000 - 0x00007fffd1a86000 	C:\WINDOWS\SYSTEM32\WINHTTP.dll
0x00007fffcf9e0000 - 0x00007fffcf9f6000 	C:\Program Files\Java\jdk-17\bin\nio.dll
0x00007fffd7480000 - 0x00007fffd749b000 	C:\WINDOWS\SYSTEM32\CRYPTSP.dll
0x00007fffd6cf0000 - 0x00007fffd6d25000 	C:\WINDOWS\system32\rsaenh.dll
0x00007fffd7310000 - 0x00007fffd7338000 	C:\WINDOWS\SYSTEM32\USERENV.dll
0x00007fffd7470000 - 0x00007fffd747c000 	C:\WINDOWS\SYSTEM32\CRYPTBASE.dll
0x00007fffd9fe0000 - 0x00007fffd9fe9000 	C:\WINDOWS\System32\NSI.dll
0x00007fffd0280000 - 0x00007fffd0299000 	C:\WINDOWS\SYSTEM32\dhcpcsvc6.DLL
0x00007fffcfb60000 - 0x00007fffcfb7f000 	C:\WINDOWS\SYSTEM32\dhcpcsvc.DLL
0x00007fffd67f0000 - 0x00007fffd68e8000 	C:\WINDOWS\SYSTEM32\DNSAPI.dll
0x00007fffce3f0000 - 0x00007fffce3fe000 	C:\Program Files\Java\jdk-17\bin\sunmscapi.dll
0x00007fffd8060000 - 0x00007fffd81c8000 	C:\WINDOWS\System32\CRYPT32.dll
0x00007fffd7630000 - 0x00007fffd765e000 	C:\WINDOWS\SYSTEM32\ncrypt.dll
0x00007fffd75f0000 - 0x00007fffd7627000 	C:\WINDOWS\SYSTEM32\NTASN1.dll
0x00007fffce410000 - 0x00007fffce41a000 	C:\Program Files\Java\jdk-17\bin\management.dll
0x00007fffce400000 - 0x00007fffce40b000 	C:\Program Files\Java\jdk-17\bin\management_ext.dll
0x00007fffc6b90000 - 0x00007fffc6ba0000 	C:\Program Files\Java\jdk-17\bin\verify.dll
0x00007fffce380000 - 0x00007fffce38a000 	C:\Windows\System32\rasadhlp.dll
0x00007fffce770000 - 0x00007fffce7f3000 	C:\WINDOWS\System32\fwpuclnt.dll
0x00007fffa9200000 - 0x00007fffa9208000 	C:\WINDOWS\system32\wshunix.dll

dbghelp: loaded successfully - version: 4.0.5 - missing functions: none
symbol engine: initialized successfully - sym options: 0x614 - pdb path: .;C:\Program Files\Java\jdk-17\bin;C:\WINDOWS\SYSTEM32;C:\WINDOWS\WinSxS\amd64_microsoft.windows.common-controls_6595b64144ccf1df_6.0.22621.3527_none_270e469b73872a76;C:\Program Files\Java\jdk-17\bin\server

VM Arguments:
jvm_args: -agentlib:jdwp=transport=dt_socket,address=127.0.0.1:65259,suspend=y,server=n -javaagent:C:\Users\Asus\AppData\Local\JetBrains\IntelliJIdea2024.1\captureAgent\debugger-agent.jar -Dfile.encoding=UTF-8 
java_command: vn.edu.fpt.SmartHealthC.SmartHealthCApplication
java_class_path (initial): D:\SEP490\SEP490_vip_BE\target\classes;C:\Users\Asus\.m2\repository\org\springframework\boot\spring-boot-starter-data-jpa\3.1.11\spring-boot-starter-data-jpa-3.1.11.jar;C:\Users\Asus\.m2\repository\org\springframework\boot\spring-boot-starter-aop\3.1.11\spring-boot-starter-aop-3.1.11.jar;C:\Users\Asus\.m2\repository\org\aspectj\aspectjweaver\1.9.22\aspectjweaver-1.9.22.jar;C:\Users\Asus\.m2\repository\org\springframework\boot\spring-boot-starter-jdbc\3.1.11\spring-boot-starter-jdbc-3.1.11.jar;C:\Users\Asus\.m2\repository\com\zaxxer\HikariCP\5.0.1\HikariCP-5.0.1.jar;C:\Users\Asus\.m2\repository\org\springframework\spring-jdbc\6.0.19\spring-jdbc-6.0.19.jar;C:\Users\Asus\.m2\repository\org\hibernate\orm\hibernate-core\6.2.24.Final\hibernate-core-6.2.24.Final.jar;C:\Users\Asus\.m2\repository\jakarta\persistence\jakarta.persistence-api\3.1.0\jakarta.persistence-api-3.1.0.jar;C:\Users\Asus\.m2\repository\jakarta\transaction\jakarta.transaction-api\2.0.1\jakarta.transaction-api-2.0.1.jar;C:\Users\Asus\.m2\repository\org\jboss\logging\jboss-logging\3.5.3.Final\jboss-logging-3.5.3.Final.jar;C:\Users\Asus\.m2\repository\org\hibernate\common\hibernate-commons-annotations\6.0.6.Final\hibernate-commons-annotations-6.0.6.Final.jar;C:\Users\Asus\.m2\repository\io\smallrye\jandex\3.0.5\jandex-3.0.5.jar;C:\Users\Asus\.m2\repository\com\fasterxml\classmate\1.5.1\classmate-1.5.1.jar;C:\Users\Asus\.m2\repository\net\bytebuddy\byte-buddy\1.14.13\byte-buddy-1.14.13.jar;C:\Users\Asus\.m2\repository\org\glassfish\jaxb\jaxb-runtime\4.0.5\jaxb-runtime-4.0.5.jar;C:\Users\Asus\.m2\repository\org\glassfish\jaxb\jaxb-core\4.0.5\jaxb-core-4.0.5.jar;C:\Users\Asus\.m2\repository\org\eclipse\angus\angus-activation\2.0.2\angus-activation-2.0.2.jar;C:\Users\Asus\.m2\repository\org\glassfish\jaxb\txw2\4.0.5\txw2-4.0.5.jar;C:\Users\Asus\.m2\repository\com\sun\istack\istack-commons-runtime\4.1.2\istack-commons-runtime-4.1.2.jar;C:\Users\Asus\.m2\repository\jakarta\inject\jaka
Launcher Type: SUN_STANDARD

[Global flags]
     intx CICompilerCount                          = 12                                        {product} {ergonomic}
     uint ConcGCThreads                            = 3                                         {product} {ergonomic}
     uint G1ConcRefinementThreads                  = 13                                        {product} {ergonomic}
   size_t G1HeapRegionSize                         = 2097152                                   {product} {ergonomic}
    uintx GCDrainStackTargetSize                   = 64                                        {product} {ergonomic}
   size_t InitialHeapSize                          = 264241152                                 {product} {ergonomic}
   size_t MarkStackSize                            = 4194304                                   {product} {ergonomic}
   size_t MaxHeapSize                              = 4198498304                                {product} {ergonomic}
   size_t MaxNewSize                               = 2518679552                                {product} {ergonomic}
   size_t MinHeapDeltaBytes                        = 2097152                                   {product} {ergonomic}
   size_t MinHeapSize                              = 8388608                                   {product} {ergonomic}
    uintx NonNMethodCodeHeapSize                   = 7602480                                {pd product} {ergonomic}
    uintx NonProfiledCodeHeapSize                  = 122027880                              {pd product} {ergonomic}
    uintx ProfiledCodeHeapSize                     = 122027880                              {pd product} {ergonomic}
    uintx ReservedCodeCacheSize                    = 251658240                              {pd product} {ergonomic}
     bool SegmentedCodeCache                       = true                                      {product} {ergonomic}
   size_t SoftMaxHeapSize                          = 4198498304                             {manageable} {ergonomic}
     bool UseCompressedClassPointers               = true                           {product lp64_product} {ergonomic}
     bool UseCompressedOops                        = true                           {product lp64_product} {ergonomic}
     bool UseG1GC                                  = true                                      {product} {ergonomic}
     bool UseLargePagesIndividualAllocation        = false                                  {pd product} {ergonomic}

Logging:
Log output configuration:
 #0: stdout all=warning uptime,level,tags
 #1: stderr all=off uptime,level,tags

Environment Variables:
JAVA_HOME=C:\Program Files\Java\jdk-17
PATH=C:\Python312\Scripts\;C:\Python312\;C:\Program Files\Java\jdk-17\bin;C:\Python311\Scripts\;C:\Python311\;C:\WINDOWS\system32;C:\WINDOWS;C:\WINDOWS\System32\Wbem;C:\WINDOWS\System32\WindowsPowerShell\v1.0\;C:\WINDOWS\System32\OpenSSH\;C:\ProgramData\chocolatey\bin;C:\Program Files (x86)\Microsoft SQL Server\160\Tools\Binn\;C:\Program Files\Microsoft SQL Server\160\Tools\Binn\;C:\Program Files\Microsoft SQL Server\Client SDK\ODBC\170\Tools\Binn\;C:\Program Files\Microsoft SQL Server\160\DTS\Binn\;z\C:\Program Files\Common Files\Oracle\Java\javapath;C:\Program Files (x86)\Microsoft SQL Server\160\DTS\Binn\;C:\Program Files\Azure Data Studio\bin;C:\Program Files\dotnet\;C:\Program Files\Microsoft SQL Server\150\Tools\Binn\;C:\Program Files\Git LFS;C:\Program Files\Go\bin;C:\protoc-25.1-win64\bin;C:\Program Files\apache-maven-3.9.6-bin\apache-maven-3.9.6\bin;C:\minikube;C:\kubectl;C:\Program Files\Git\cmd;C:\Program Files\Amazon\AWSCLIV2\;C:\Program Files\Amazon Corretto\jdk11.0.19_7\bin;C:\Users\Asus\AppData\Roaming\nvm;C:\Program Files\nodejs;C:\Program Files\Docker\Docker\resources\bin;C:\Program Files\PuTTY\;C:\Program Files\nodejs\;C:\Users\Asus\AppData\Local\Microsoft\WindowsApps;C:\Users\Asus\AppData\Local\Programs\Microsoft VS Code\bin;C:\Program Files\Java\jdk-17\bin;C:\Program Files\Azure Data Studio\bin;C:\Program Files\Oracle\VirtualBox;C:\Users\Asus\.dotnet\tools;C:\Program Files\JetBrains\GoLand 2023.2.5\bin;;C:\Users\Asus\go\bin;C:\Users\Asus\AppData\Roaming\nvm;C:\Program Files\nodejs;C:\Program Files\JetBrains\IntelliJ IDEA Community Edition 2024.1\bin;;C:\Users\Asus\AppData\Roaming\npm;C:\Users\Asus\AppData\Local\Android\sdk\platform-tools;;C:\Program Files\JetBrains\IntelliJ IDEA 2024.1.2\bin;
USERNAME=Asus
OS=Windows_NT
PROCESSOR_IDENTIFIER=Intel64 Family 6 Model 154 Stepping 3, GenuineIntel



---------------  S Y S T E M  ---------------

OS:
 Windows 11 , 64 bit Build 22621 (10.0.22621.3527)
OS uptime: 0 days 6:50 hours
Hyper-V role detected

CPU: total 16 (initial active 16) (8 cores per cpu, 2 threads per core) family 6 model 154 stepping 3 microcode 0x421, cx8, cmov, fxsr, ht, mmx, 3dnowpref, sse, sse2, sse3, ssse3, sse4.1, sse4.2, popcnt, lzcnt, tsc, tscinvbit, avx, avx2, aes, erms, clmul, bmi1, bmi2, adx, sha, fma, vzeroupper, clflush, clflushopt, clwb, hv

Memory: 4k page, system-wide physical 16008M (1354M free)
TotalPageFile size 18056M (AvailPageFile size 5M)
current process WorkingSet (physical memory assigned to process): 301M, peak: 552M
current process commit charge ("private bytes"): 360M, peak: 604M

vm_info: Java HotSpot(TM) 64-Bit Server VM (17.0.9+11-LTS-201) for windows-amd64 JRE (17.0.9+11-LTS-201), built on Oct 10 2023 23:16:06 by "mach5one" with MS VC++ 17.1 (VS2022)

END.
