#
# There is insufficient memory for the Java Runtime Environment to continue.
# Native memory allocation (malloc) failed to allocate 32744 bytes for ChunkPool::allocate
# Possible reasons:
#   The system is out of physical RAM or swap space
#   The process is running with CompressedOops enabled, and the Java Heap may be blocking the growth of the native heap
# Possible solutions:
#   Reduce memory load on the system
#   Increase physical memory or swap space
#   Check if swap backing store is full
#   Decrease Java heap size (-Xmx/-Xms)
#   Decrease number of Java threads
#   Decrease Java thread stack sizes (-Xss)
#   Set larger code cache with -XX:ReservedCodeCacheSize=
#   JVM is running with Zero Based Compressed Oops mode in which the Java heap is
#     placed in the first 32GB address space. The Java Heap base address is the
#     maximum limit for the native heap growth. Please use -XX:HeapBaseMinAddress
#     to set the Java Heap base and to place the Java Heap above 32GB virtual address.
# This output file may be truncated or incomplete.
#
#  Out of Memory Error (arena.cpp:78), pid=14776, tid=14596
#
# JRE version: Java(TM) SE Runtime Environment (17.0.9+11) (build 17.0.9+11-LTS-201)
# Java VM: Java HotSpot(TM) 64-Bit Server VM (17.0.9+11-LTS-201, mixed mode, sharing, tiered, compressed oops, compressed class ptrs, g1 gc, windows-amd64)
# No core dump will be written. Minidumps are not enabled by default on client versions of Windows
#

---------------  S U M M A R Y ------------

Command Line: -agentlib:jdwp=transport=dt_socket,address=127.0.0.1:52568,suspend=y,server=n -javaagent:C:\Users\Asus\AppData\Local\JetBrains\IntelliJIdea2024.1\captureAgent\debugger-agent.jar -Dfile.encoding=UTF-8 vn.edu.fpt.SmartHealthC.SmartHealthCApplication

Host: 12th Gen Intel(R) Core(TM) i5-1240P, 16 cores, 15G,  Windows 11 , 64 bit Build 22621 (10.0.22621.3527)
Time: Sat Jun  1 01:57:17 2024 SE Asia Standard Time elapsed time: 9.570300 seconds (0d 0h 0m 9s)

---------------  T H R E A D  ---------------

Current thread (0x0000021bfcb28140):  JavaThread "C2 CompilerThread2" daemon [_thread_in_native, id=14596, stack(0x0000009c0f900000,0x0000009c0fa00000)]


Current CompileTask:
C2:   9570 9039   !   4       org.springframework.core.annotation.AnnotationsScanner::processClassHierarchy (234 bytes)

Stack: [0x0000009c0f900000,0x0000009c0fa00000]
Native frames: (J=compiled Java code, j=interpreted, Vv=VM code, C=native code)
V  [jvm.dll+0x678a4a]
V  [jvm.dll+0x7d9cfd]
V  [jvm.dll+0x7db60e]
V  [jvm.dll+0x7dbc73]
V  [jvm.dll+0x245e1f]
V  [jvm.dll+0xaad50]
V  [jvm.dll+0xab09c]
V  [jvm.dll+0x36754d]
V  [jvm.dll+0x3623ae]
V  [jvm.dll+0x1bbb3a]
V  [jvm.dll+0x218287]
V  [jvm.dll+0x217561]
V  [jvm.dll+0x1a3bc0]
V  [jvm.dll+0x2272de]
V  [jvm.dll+0x22548b]
V  [jvm.dll+0x78f58c]
V  [jvm.dll+0x78998a]
V  [jvm.dll+0x677875]
C  [ucrtbase.dll+0x29333]
C  [KERNEL32.DLL+0x1257d]
C  [ntdll.dll+0x5aa48]


---------------  P R O C E S S  ---------------

Threads class SMR info:
_java_thread_list=0x0000021bc26fcac0, length=26, elements={
0x0000021bd3e540d0, 0x0000021bf74145f0, 0x0000021bf7415470, 0x0000021bf7426690,
0x0000021bf7428260, 0x0000021bf742ad30, 0x0000021bf742b6f0, 0x0000021bf742c490,
0x0000021bf742cf40, 0x0000021bf742f950, 0x0000021bf684b650, 0x0000021bf7550e80,
0x0000021bf75513a0, 0x0000021bf7572480, 0x0000021bf75bd7f0, 0x0000021bf7608a10,
0x0000021bf7675130, 0x0000021bf7678aa0, 0x0000021bf76642a0, 0x0000021bfcb28140,
0x0000021bfd2fc170, 0x0000021bfd2ff920, 0x0000021bfd2fd0a0, 0x0000021bfd2fbc60,
0x0000021bfd2fc680, 0x0000021bfd3026b0
}

Java Threads: ( => current thread )
  0x0000021bd3e540d0 JavaThread "main" [_thread_in_vm, id=3924, stack(0x0000009c0df00000,0x0000009c0e000000)]
  0x0000021bf74145f0 JavaThread "Reference Handler" daemon [_thread_blocked, id=12244, stack(0x0000009c0e600000,0x0000009c0e700000)]
  0x0000021bf7415470 JavaThread "Finalizer" daemon [_thread_blocked, id=18156, stack(0x0000009c0e700000,0x0000009c0e800000)]
  0x0000021bf7426690 JavaThread "Signal Dispatcher" daemon [_thread_blocked, id=17812, stack(0x0000009c0e800000,0x0000009c0e900000)]
  0x0000021bf7428260 JavaThread "Attach Listener" daemon [_thread_blocked, id=15452, stack(0x0000009c0e900000,0x0000009c0ea00000)]
  0x0000021bf742ad30 JavaThread "Service Thread" daemon [_thread_blocked, id=13096, stack(0x0000009c0ea00000,0x0000009c0eb00000)]
  0x0000021bf742b6f0 JavaThread "Monitor Deflation Thread" daemon [_thread_blocked, id=17588, stack(0x0000009c0eb00000,0x0000009c0ec00000)]
  0x0000021bf742c490 JavaThread "C2 CompilerThread0" daemon [_thread_in_native, id=7908, stack(0x0000009c0ec00000,0x0000009c0ed00000)]
  0x0000021bf742cf40 JavaThread "C1 CompilerThread0" daemon [_thread_blocked, id=2000, stack(0x0000009c0ed00000,0x0000009c0ee00000)]
  0x0000021bf742f950 JavaThread "Sweeper thread" daemon [_thread_blocked, id=2644, stack(0x0000009c0ee00000,0x0000009c0ef00000)]
  0x0000021bf684b650 JavaThread "Common-Cleaner" daemon [_thread_blocked, id=5292, stack(0x0000009c0ef00000,0x0000009c0f000000)]
  0x0000021bf7550e80 JavaThread "C1 CompilerThread1" daemon [_thread_blocked, id=3396, stack(0x0000009c0f000000,0x0000009c0f100000)]
  0x0000021bf75513a0 JavaThread "C1 CompilerThread2" daemon [_thread_blocked, id=6972, stack(0x0000009c0f100000,0x0000009c0f200000)]
  0x0000021bf7572480 JavaThread "C1 CompilerThread3" daemon [_thread_blocked, id=12296, stack(0x0000009c0f200000,0x0000009c0f300000)]
  0x0000021bf75bd7f0 JavaThread "C2 CompilerThread1" daemon [_thread_in_native, id=17696, stack(0x0000009c0f300000,0x0000009c0f400000)]
  0x0000021bf7608a10 JavaThread "JDWP Transport Listener: dt_socket" daemon [_thread_blocked, id=1580, stack(0x0000009c0f400000,0x0000009c0f500000)]
  0x0000021bf7675130 JavaThread "JDWP Event Helper Thread" daemon [_thread_blocked, id=17328, stack(0x0000009c0f500000,0x0000009c0f600000)]
  0x0000021bf7678aa0 JavaThread "JDWP Command Reader" daemon [_thread_in_native, id=16048, stack(0x0000009c0f600000,0x0000009c0f700000)]
  0x0000021bf76642a0 JavaThread "Notification Thread" daemon [_thread_blocked, id=1672, stack(0x0000009c0f700000,0x0000009c0f800000)]
=>0x0000021bfcb28140 JavaThread "C2 CompilerThread2" daemon [_thread_in_native, id=14596, stack(0x0000009c0f900000,0x0000009c0fa00000)]
  0x0000021bfd2fc170 JavaThread "mysql-cj-abandoned-connection-cleanup" daemon [_thread_blocked, id=10172, stack(0x0000009c10a00000,0x0000009c10b00000)]
  0x0000021bfd2ff920 JavaThread "HikariPool-1 housekeeper" daemon [_thread_blocked, id=16192, stack(0x0000009c10c00000,0x0000009c10d00000)]
  0x0000021bfd2fd0a0 JavaThread "HikariPool-1 connection adder" daemon [_thread_blocked, id=13276, stack(0x0000009c10d00000,0x0000009c10e00000)]
  0x0000021bfd2fbc60 JavaThread "Catalina-utility-1" [_thread_blocked, id=9144, stack(0x0000009c10700000,0x0000009c10800000)]
  0x0000021bfd2fc680 JavaThread "Catalina-utility-2" [_thread_blocked, id=15484, stack(0x0000009c10f00000,0x0000009c11000000)]
  0x0000021bfd3026b0 JavaThread "container-0" [_thread_blocked, id=16640, stack(0x0000009c11000000,0x0000009c11100000)]

Other Threads:
  0x0000021bf740e5a0 VMThread "VM Thread" [stack: 0x0000009c0e500000,0x0000009c0e600000] [id=2392]
  0x0000021bf764a700 WatcherThread [stack: 0x0000009c0f800000,0x0000009c0f900000] [id=992]
  0x0000021bd3ec0570 GCTaskThread "GC Thread#0" [stack: 0x0000009c0e000000,0x0000009c0e100000] [id=3400]
  0x0000021bfc9cfa40 GCTaskThread "GC Thread#1" [stack: 0x0000009c0fa00000,0x0000009c0fb00000] [id=13200]
  0x0000021bfcf93870 GCTaskThread "GC Thread#2" [stack: 0x0000009c0fb00000,0x0000009c0fc00000] [id=14620]
  0x0000021bfc9cc520 GCTaskThread "GC Thread#3" [stack: 0x0000009c0fc00000,0x0000009c0fd00000] [id=4968]
  0x0000021bfca94430 GCTaskThread "GC Thread#4" [stack: 0x0000009c0fd00000,0x0000009c0fe00000] [id=6580]
  0x0000021bfca946f0 GCTaskThread "GC Thread#5" [stack: 0x0000009c0fe00000,0x0000009c0ff00000] [id=18072]
  0x0000021bfcbc7420 GCTaskThread "GC Thread#6" [stack: 0x0000009c0ff00000,0x0000009c10000000] [id=1888]
  0x0000021bfcbc7af0 GCTaskThread "GC Thread#7" [stack: 0x0000009c10000000,0x0000009c10100000] [id=13708]
  0x0000021bfcbc7db0 GCTaskThread "GC Thread#8" [stack: 0x0000009c10100000,0x0000009c10200000] [id=16244]
  0x0000021bfcbc8070 GCTaskThread "GC Thread#9" [stack: 0x0000009c10200000,0x0000009c10300000] [id=3260]
  0x0000021bfd04c2b0 GCTaskThread "GC Thread#10" [stack: 0x0000009c10400000,0x0000009c10500000] [id=13212]
  0x0000021bfd04b4f0 GCTaskThread "GC Thread#11" [stack: 0x0000009c10500000,0x0000009c10600000] [id=3540]
  0x0000021bfd04bd30 GCTaskThread "GC Thread#12" [stack: 0x0000009c10600000,0x0000009c10700000] [id=7748]
  0x0000021bd3ed1f10 ConcurrentGCThread "G1 Main Marker" [stack: 0x0000009c0e100000,0x0000009c0e200000] [id=13888]
  0x0000021bd3ed3930 ConcurrentGCThread "G1 Conc#0" [stack: 0x0000009c0e200000,0x0000009c0e300000] [id=8156]
  0x0000021bfd04c570 ConcurrentGCThread "G1 Conc#1" [stack: 0x0000009c10300000,0x0000009c10400000] [id=8336]
  0x0000021bfd04caf0 ConcurrentGCThread "G1 Conc#2" [stack: 0x0000009c10800000,0x0000009c10900000] [id=6768]
  0x0000021bd3f0d000 ConcurrentGCThread "G1 Refine#0" [stack: 0x0000009c0e300000,0x0000009c0e400000] [id=1908]
  0x0000021bfe9e4d20 ConcurrentGCThread "G1 Refine#1" [stack: 0x0000009c10900000,0x0000009c10a00000] [id=17852]
  0x0000021bfe9e35a0 ConcurrentGCThread "G1 Refine#2" [stack: 0x0000009c10e00000,0x0000009c10f00000] [id=17892]
  0x0000021bd3f0da30 ConcurrentGCThread "G1 Service" [stack: 0x0000009c0e400000,0x0000009c0e500000] [id=10844]

Threads with active compile tasks:
C2 CompilerThread0     9596 8796       4       org.antlr.v4.runtime.atn.ParserATNSimulator::closure_ (311 bytes)
C1 CompilerThread1     9596 9490       2       org.springframework.transaction.annotation.SpringTransactionAnnotationParser::isCandidateClass (7 bytes)
C2 CompilerThread1     9596 8797       4       org.antlr.v4.runtime.atn.ParserATNSimulator::closureCheckingStopState (244 bytes)
C2 CompilerThread2     9596 9039   !   4       org.springframework.core.annotation.AnnotationsScanner::processClassHierarchy (234 bytes)

VM state: not at safepoint (normal execution)

VM Mutex/Monitor currently owned by a thread: None

Heap address: 0x0000000705c00000, size: 4004 MB, Compressed Oops mode: Zero based, Oop shift amount: 3

CDS archive(s) mapped at: [0x0000021b80000000-0x0000021b80bd0000-0x0000021b80bd0000), size 12386304, SharedBaseAddress: 0x0000021b80000000, ArchiveRelocationMode: 1.
Compressed class space mapped at: 0x0000021b81000000-0x0000021bc1000000, reserved size: 1073741824
Narrow klass base: 0x0000021b80000000, Narrow klass shift: 0, Narrow klass range: 0x100000000

GC Precious Log:
 CPUs: 16 total, 16 available
 Memory: 16008M
 Large Page Support: Disabled
 NUMA Support: Disabled
 Compressed Oops: Enabled (Zero based)
 Heap Region Size: 2M
 Heap Min Capacity: 8M
 Heap Initial Capacity: 252M
 Heap Max Capacity: 4004M
 Pre-touch: Disabled
 Parallel Workers: 13
 Concurrent Workers: 3
 Concurrent Refinement Workers: 13
 Periodic GC: Disabled

Heap:
 garbage-first heap   total 110592K, used 56694K [0x0000000705c00000, 0x0000000800000000)
  region size 2048K, 13 young (26624K), 2 survivors (4096K)
 Metaspace       used 77068K, committed 77632K, reserved 1179648K
  class space    used 10345K, committed 10624K, reserved 1048576K

Heap Regions: E=young(eden), S=young(survivor), O=old, HS=humongous(starts), HC=humongous(continues), CS=collection set, F=free, OA=open archive, CA=closed archive, TAMS=top-at-mark-start (previous, next)
|   0|0x0000000705c00000, 0x0000000705e00000, 0x0000000705e00000|100%| O|  |TAMS 0x0000000705e00000, 0x0000000705c00000| Untracked 
|   1|0x0000000705e00000, 0x0000000706000000, 0x0000000706000000|100%| O|  |TAMS 0x0000000706000000, 0x0000000705e00000| Untracked 
|   2|0x0000000706000000, 0x0000000706200000, 0x0000000706200000|100%| O|  |TAMS 0x0000000706200000, 0x0000000706000000| Untracked 
|   3|0x0000000706200000, 0x0000000706400000, 0x0000000706400000|100%| O|  |TAMS 0x0000000706400000, 0x0000000706200000| Untracked 
|   4|0x0000000706400000, 0x0000000706600000, 0x0000000706600000|100%| O|  |TAMS 0x0000000706600000, 0x0000000706400000| Untracked 
|   5|0x0000000706600000, 0x0000000706800000, 0x0000000706800000|100%| O|  |TAMS 0x0000000706800000, 0x0000000706600000| Untracked 
|   6|0x0000000706800000, 0x0000000706a00000, 0x0000000706a00000|100%| O|  |TAMS 0x0000000706a00000, 0x0000000706800000| Untracked 
|   7|0x0000000706a00000, 0x0000000706c00000, 0x0000000706c00000|100%| O|  |TAMS 0x0000000706c00000, 0x0000000706a00000| Untracked 
|   8|0x0000000706c00000, 0x0000000706e00000, 0x0000000706e00000|100%| O|  |TAMS 0x0000000706c00000, 0x0000000706c00000| Untracked 
|   9|0x0000000706e00000, 0x0000000707000000, 0x0000000707000000|100%| O|  |TAMS 0x0000000707000000, 0x0000000706e00000| Untracked 
|  10|0x0000000707000000, 0x0000000707200000, 0x0000000707200000|100%| O|  |TAMS 0x0000000707200000, 0x0000000707000000| Untracked 
|  11|0x0000000707200000, 0x0000000707400000, 0x0000000707400000|100%| O|  |TAMS 0x0000000707400000, 0x0000000707200000| Untracked 
|  12|0x0000000707400000, 0x0000000707600000, 0x0000000707600000|100%| O|  |TAMS 0x0000000707600000, 0x0000000707400000| Untracked 
|  13|0x0000000707600000, 0x0000000707800000, 0x0000000707800000|100%| O|  |TAMS 0x0000000707600000, 0x0000000707600000| Untracked 
|  14|0x0000000707800000, 0x0000000707a00000, 0x0000000707a00000|100%| O|  |TAMS 0x0000000707800000, 0x0000000707800000| Untracked 
|  15|0x0000000707a00000, 0x0000000707c00000, 0x0000000707c00000|100%| O|  |TAMS 0x0000000707a00000, 0x0000000707a00000| Untracked 
|  16|0x0000000707c00000, 0x0000000707cca400, 0x0000000707e00000| 39%| O|  |TAMS 0x0000000707c00000, 0x0000000707c00000| Untracked 
|  17|0x0000000707e00000, 0x0000000707e00000, 0x0000000708000000|  0%| F|  |TAMS 0x0000000707e00000, 0x0000000707e00000| Untracked 
|  18|0x0000000708000000, 0x0000000708000000, 0x0000000708200000|  0%| F|  |TAMS 0x0000000708000000, 0x0000000708000000| Untracked 
|  19|0x0000000708200000, 0x0000000708200000, 0x0000000708400000|  0%| F|  |TAMS 0x0000000708200000, 0x0000000708200000| Untracked 
|  20|0x0000000708400000, 0x0000000708400000, 0x0000000708600000|  0%| F|  |TAMS 0x0000000708400000, 0x0000000708400000| Untracked 
|  21|0x0000000708600000, 0x0000000708600000, 0x0000000708800000|  0%| F|  |TAMS 0x0000000708600000, 0x0000000708600000| Untracked 
|  22|0x0000000708800000, 0x0000000708800000, 0x0000000708a00000|  0%| F|  |TAMS 0x0000000708800000, 0x0000000708800000| Untracked 
|  23|0x0000000708a00000, 0x0000000708a00000, 0x0000000708c00000|  0%| F|  |TAMS 0x0000000708a00000, 0x0000000708a00000| Untracked 
|  24|0x0000000708c00000, 0x0000000708c00000, 0x0000000708e00000|  0%| F|  |TAMS 0x0000000708c00000, 0x0000000708c00000| Untracked 
|  25|0x0000000708e00000, 0x0000000708e00000, 0x0000000709000000|  0%| F|  |TAMS 0x0000000708e00000, 0x0000000708e00000| Untracked 
|  26|0x0000000709000000, 0x0000000709000000, 0x0000000709200000|  0%| F|  |TAMS 0x0000000709000000, 0x0000000709000000| Untracked 
|  27|0x0000000709200000, 0x0000000709200000, 0x0000000709400000|  0%| F|  |TAMS 0x0000000709200000, 0x0000000709200000| Untracked 
|  28|0x0000000709400000, 0x00000007094935e8, 0x0000000709600000| 28%| S|CS|TAMS 0x0000000709400000, 0x0000000709400000| Complete 
|  29|0x0000000709600000, 0x0000000709800000, 0x0000000709800000|100%| S|CS|TAMS 0x0000000709600000, 0x0000000709600000| Complete 
|  30|0x0000000709800000, 0x0000000709800000, 0x0000000709a00000|  0%| F|  |TAMS 0x0000000709800000, 0x0000000709800000| Untracked 
|  31|0x0000000709a00000, 0x0000000709a00000, 0x0000000709c00000|  0%| F|  |TAMS 0x0000000709a00000, 0x0000000709a00000| Untracked 
|  32|0x0000000709c00000, 0x0000000709c00000, 0x0000000709e00000|  0%| F|  |TAMS 0x0000000709c00000, 0x0000000709c00000| Untracked 
|  33|0x0000000709e00000, 0x0000000709e00000, 0x000000070a000000|  0%| F|  |TAMS 0x0000000709e00000, 0x0000000709e00000| Untracked 
|  34|0x000000070a000000, 0x000000070a000000, 0x000000070a200000|  0%| F|  |TAMS 0x000000070a000000, 0x000000070a000000| Untracked 
|  35|0x000000070a200000, 0x000000070a200000, 0x000000070a400000|  0%| F|  |TAMS 0x000000070a200000, 0x000000070a200000| Untracked 
|  36|0x000000070a400000, 0x000000070a400000, 0x000000070a600000|  0%| F|  |TAMS 0x000000070a400000, 0x000000070a400000| Untracked 
|  37|0x000000070a600000, 0x000000070a600000, 0x000000070a800000|  0%| F|  |TAMS 0x000000070a600000, 0x000000070a600000| Untracked 
|  38|0x000000070a800000, 0x000000070a800000, 0x000000070aa00000|  0%| F|  |TAMS 0x000000070a800000, 0x000000070a800000| Untracked 
|  39|0x000000070aa00000, 0x000000070aa00000, 0x000000070ac00000|  0%| F|  |TAMS 0x000000070aa00000, 0x000000070aa00000| Untracked 
|  40|0x000000070ac00000, 0x000000070ac00000, 0x000000070ae00000|  0%| F|  |TAMS 0x000000070ac00000, 0x000000070ac00000| Untracked 
|  41|0x000000070ae00000, 0x000000070ae00000, 0x000000070b000000|  0%| F|  |TAMS 0x000000070ae00000, 0x000000070ae00000| Untracked 
|  42|0x000000070b000000, 0x000000070b000000, 0x000000070b200000|  0%| F|  |TAMS 0x000000070b000000, 0x000000070b000000| Untracked 
|  43|0x000000070b200000, 0x000000070b3e4118, 0x000000070b400000| 94%| E|  |TAMS 0x000000070b200000, 0x000000070b200000| Complete 
|  44|0x000000070b400000, 0x000000070b600000, 0x000000070b600000|100%| E|CS|TAMS 0x000000070b400000, 0x000000070b400000| Complete 
|  45|0x000000070b600000, 0x000000070b800000, 0x000000070b800000|100%| E|CS|TAMS 0x000000070b600000, 0x000000070b600000| Complete 
|  46|0x000000070b800000, 0x000000070ba00000, 0x000000070ba00000|100%| E|CS|TAMS 0x000000070b800000, 0x000000070b800000| Complete 
|  47|0x000000070ba00000, 0x000000070bc00000, 0x000000070bc00000|100%| E|CS|TAMS 0x000000070ba00000, 0x000000070ba00000| Complete 
|  48|0x000000070bc00000, 0x000000070be00000, 0x000000070be00000|100%| E|CS|TAMS 0x000000070bc00000, 0x000000070bc00000| Complete 
|  49|0x000000070be00000, 0x000000070c000000, 0x000000070c000000|100%| E|CS|TAMS 0x000000070be00000, 0x000000070be00000| Complete 
|  50|0x000000070c000000, 0x000000070c200000, 0x000000070c200000|100%| E|CS|TAMS 0x000000070c000000, 0x000000070c000000| Complete 
|  51|0x000000070c200000, 0x000000070c400000, 0x000000070c400000|100%| E|CS|TAMS 0x000000070c200000, 0x000000070c200000| Complete 
|  52|0x000000070c400000, 0x000000070c600000, 0x000000070c600000|100%| E|CS|TAMS 0x000000070c400000, 0x000000070c400000| Complete 
| 125|0x0000000715600000, 0x0000000715800000, 0x0000000715800000|100%| E|CS|TAMS 0x0000000715600000, 0x0000000715600000| Complete 

Card table byte_map: [0x0000021beb740000,0x0000021bebf20000] _byte_map_base: 0x0000021be7f12000

Marking Bits (Prev, Next): (CMBitMap*) 0x0000021bd3ec1be0, (CMBitMap*) 0x0000021bd3ec1ba0
 Prev Bits: [0x0000021bf0590000, 0x0000021bf4420000)
 Next Bits: [0x0000021bec700000, 0x0000021bf0590000)

Polling page: 0x0000021bd1c30000

Metaspace:

Usage:
  Non-class:     65.16 MB used.
      Class:     10.10 MB used.
       Both:     75.26 MB used.

Virtual space:
  Non-class space:      128.00 MB reserved,      65.44 MB ( 51%) committed,  2 nodes.
      Class space:        1.00 GB reserved,      10.38 MB (  1%) committed,  1 nodes.
             Both:        1.12 GB reserved,      75.81 MB (  7%) committed. 

Chunk freelists:
   Non-Class:  13.69 MB
       Class:  5.57 MB
        Both:  19.25 MB

MaxMetaspaceSize: unlimited
CompressedClassSpaceSize: 1.00 GB
Initial GC threshold: 21.00 MB
Current GC threshold: 98.06 MB
CDS: on
MetaspaceReclaimPolicy: balanced
 - commit_granule_bytes: 65536.
 - commit_granule_words: 8192.
 - virtual_space_node_default_size: 8388608.
 - enlarge_chunks_in_place: 1.
 - new_chunks_are_fully_committed: 0.
 - uncommit_free_chunks: 1.
 - use_allocation_guard: 0.
 - handle_deallocations: 1.


Internal statistics:

num_allocs_failed_limit: 9.
num_arena_births: 922.
num_arena_deaths: 0.
num_vsnodes_births: 3.
num_vsnodes_deaths: 0.
num_space_committed: 1213.
num_space_uncommitted: 0.
num_chunks_returned_to_freelist: 9.
num_chunks_taken_from_freelist: 3683.
num_chunk_merges: 9.
num_chunk_splits: 2665.
num_chunks_enlarged: 2085.
num_inconsistent_stats: 0.

CodeHeap 'non-profiled nmethods': size=119168Kb used=6199Kb max_used=6477Kb free=112968Kb
 bounds [0x0000021be3280000, 0x0000021be38f0000, 0x0000021bea6e0000]
CodeHeap 'profiled nmethods': size=119104Kb used=15980Kb max_used=16450Kb free=103123Kb
 bounds [0x0000021bdb6e0000, 0x0000021bdc700000, 0x0000021be2b30000]
CodeHeap 'non-nmethods': size=7488Kb used=3136Kb max_used=3190Kb free=4351Kb
 bounds [0x0000021be2b30000, 0x0000021be2e60000, 0x0000021be3280000]
 total_blobs=8720 nmethods=8005 adapters=623
 compilation: enabled
              stopped_count=0, restarted_count=0
 full_count=0

Compilation events (20 events):
Event: 9.566 Thread 0x0000021bf742cf40 9467       2       org.springframework.data.mapping.model.AnnotationBasedPersistentProperty$$Lambda$1325/0x0000021b81922690::accept (12 bytes)
Event: 9.566 Thread 0x0000021bf7550e80 9464       2       org.springframework.util.ConcurrentLruCache$EvictionQueue::poll (48 bytes)
Event: 9.566 Thread 0x0000021bf7572480 nmethod 9460 0x0000021bdc0a5490 code [0x0000021bdc0a5660, 0x0000021bdc0a5908]
Event: 9.566 Thread 0x0000021bf7572480 9465       2       java.util.concurrent.ConcurrentHashMap::remove (32 bytes)
Event: 9.566 Thread 0x0000021bf742cf40 nmethod 9467 0x0000021bdc0a5090 code [0x0000021bdc0a5240, 0x0000021bdc0a53c8]
Event: 9.566 Thread 0x0000021bf742cf40 9466       2       org.springframework.util.ConcurrentLruCache::markAsRemoved (52 bytes)
Event: 9.567 Thread 0x0000021bf7550e80 nmethod 9464 0x0000021bdbc7ba10 code [0x0000021bdbc7bbc0, 0x0000021bdbc7be58]
Event: 9.567 Thread 0x0000021bf7550e80 9469       2       org.springframework.data.jpa.mapping.JpaPersistentPropertyImpl$$Lambda$1340/0x0000021b81925018::test (12 bytes)
Event: 9.567 Thread 0x0000021bf7572480 nmethod 9465 0x0000021bdbc7b510 code [0x0000021bdbc7b6c0, 0x0000021bdbc7b8f8]
Event: 9.567 Thread 0x0000021bf7572480 9470       2       org.springframework.data.jpa.mapping.JpaPersistentPropertyImpl::lambda$new$1 (6 bytes)
Event: 9.567 Thread 0x0000021bf75513a0 nmethod 9468 0x0000021bdbc7a410 code [0x0000021bdbc7a680, 0x0000021bdbc7afa8]
Event: 9.567 Thread 0x0000021bf7550e80 nmethod 9469 0x0000021bdbc79e10 code [0x0000021bdbc79fc0, 0x0000021bdbc7a188]
Event: 9.567 Thread 0x0000021bf7572480 nmethod 9470 0x0000021bdc0a4c90 code [0x0000021bdc0a4e20, 0x0000021bdc0a4f88]
Event: 9.567 Thread 0x0000021bf75513a0 9471       1       org.springframework.data.mapping.model.AbstractPersistentProperty::getRawType (5 bytes)
Event: 9.567 Thread 0x0000021bf7550e80 9472       1       org.springframework.data.repository.core.support.AbstractRepositoryMetadata::getRepositoryInterface (5 bytes)
Event: 9.567 Thread 0x0000021bf7572480 9473       1       org.hibernate.internal.JdbcSessionContextImpl::getObserver (5 bytes)
Event: 9.567 Thread 0x0000021bf75513a0 nmethod 9471 0x0000021be352c010 code [0x0000021be352c1a0, 0x0000021be352c278]
Event: 9.567 Thread 0x0000021bf7550e80 nmethod 9472 0x0000021be352bc10 code [0x0000021be352bda0, 0x0000021be352be78]
Event: 9.568 Thread 0x0000021bf7572480 nmethod 9473 0x0000021be3665e10 code [0x0000021be3665fa0, 0x0000021be3666078]
Event: 9.568 Thread 0x0000021bf742cf40 nmethod 9466 0x0000021bdc026e10 code [0x0000021bdc027040, 0x0000021bdc027778]

GC Heap History (20 events):
Event: 4.031 GC heap before
{Heap before GC invocations=7 (full 0):
 garbage-first heap   total 61440K, used 42813K [0x0000000705c00000, 0x0000000800000000)
  region size 2048K, 14 young (28672K), 1 survivors (2048K)
 Metaspace       used 31718K, committed 32064K, reserved 1114112K
  class space    used 4001K, committed 4160K, reserved 1048576K
}
Event: 4.038 GC heap after
{Heap after GC invocations=8 (full 0):
 garbage-first heap   total 159744K, used 20354K [0x0000000705c00000, 0x0000000800000000)
  region size 2048K, 2 young (4096K), 2 survivors (4096K)
 Metaspace       used 31718K, committed 32064K, reserved 1114112K
  class space    used 4001K, committed 4160K, reserved 1048576K
}
Event: 4.611 GC heap before
{Heap before GC invocations=8 (full 0):
 garbage-first heap   total 159744K, used 46978K [0x0000000705c00000, 0x0000000800000000)
  region size 2048K, 16 young (32768K), 2 survivors (4096K)
 Metaspace       used 35543K, committed 35968K, reserved 1114112K
  class space    used 4526K, committed 4736K, reserved 1048576K
}
Event: 4.619 GC heap after
{Heap after GC invocations=9 (full 0):
 garbage-first heap   total 159744K, used 22402K [0x0000000705c00000, 0x0000000800000000)
  region size 2048K, 3 young (6144K), 3 survivors (6144K)
 Metaspace       used 35543K, committed 35968K, reserved 1114112K
  class space    used 4526K, committed 4736K, reserved 1048576K
}
Event: 5.786 GC heap before
{Heap before GC invocations=10 (full 0):
 garbage-first heap   total 81920K, used 65410K [0x0000000705c00000, 0x0000000800000000)
  region size 2048K, 24 young (49152K), 3 survivors (6144K)
 Metaspace       used 47094K, committed 47552K, reserved 1114112K
  class space    used 5896K, committed 6144K, reserved 1048576K
}
Event: 5.799 GC heap after
{Heap after GC invocations=11 (full 0):
 garbage-first heap   total 81920K, used 25901K [0x0000000705c00000, 0x0000000800000000)
  region size 2048K, 3 young (6144K), 3 survivors (6144K)
 Metaspace       used 47094K, committed 47552K, reserved 1114112K
  class space    used 5896K, committed 6144K, reserved 1048576K
}
Event: 5.858 GC heap before
{Heap before GC invocations=11 (full 0):
 garbage-first heap   total 81920K, used 27949K [0x0000000705c00000, 0x0000000800000000)
  region size 2048K, 4 young (8192K), 3 survivors (6144K)
 Metaspace       used 47510K, committed 47936K, reserved 1114112K
  class space    used 5980K, committed 6208K, reserved 1048576K
}
Event: 5.867 GC heap after
{Heap after GC invocations=12 (full 0):
 garbage-first heap   total 81920K, used 25881K [0x0000000705c00000, 0x0000000800000000)
  region size 2048K, 1 young (2048K), 1 survivors (2048K)
 Metaspace       used 47510K, committed 47936K, reserved 1114112K
  class space    used 5980K, committed 6208K, reserved 1048576K
}
Event: 6.808 GC heap before
{Heap before GC invocations=12 (full 0):
 garbage-first heap   total 81920K, used 58649K [0x0000000705c00000, 0x0000000800000000)
  region size 2048K, 18 young (36864K), 1 survivors (2048K)
 Metaspace       used 54334K, committed 54784K, reserved 1114112K
  class space    used 6976K, committed 7232K, reserved 1048576K
}
Event: 6.815 GC heap after
{Heap after GC invocations=13 (full 0):
 garbage-first heap   total 118784K, used 27048K [0x0000000705c00000, 0x0000000800000000)
  region size 2048K, 2 young (4096K), 2 survivors (4096K)
 Metaspace       used 54334K, committed 54784K, reserved 1114112K
  class space    used 6976K, committed 7232K, reserved 1048576K
}
Event: 7.142 GC heap before
{Heap before GC invocations=13 (full 0):
 garbage-first heap   total 118784K, used 51624K [0x0000000705c00000, 0x0000000800000000)
  region size 2048K, 15 young (30720K), 2 survivors (4096K)
 Metaspace       used 59674K, committed 60096K, reserved 1114112K
  class space    used 7717K, committed 7936K, reserved 1048576K
}
Event: 7.148 GC heap after
{Heap after GC invocations=14 (full 0):
 garbage-first heap   total 118784K, used 27640K [0x0000000705c00000, 0x0000000800000000)
  region size 2048K, 2 young (4096K), 2 survivors (4096K)
 Metaspace       used 59674K, committed 60096K, reserved 1114112K
  class space    used 7717K, committed 7936K, reserved 1048576K
}
Event: 7.961 GC heap before
{Heap before GC invocations=15 (full 0):
 garbage-first heap   total 110592K, used 89080K [0x0000000705c00000, 0x0000000800000000)
  region size 2048K, 32 young (65536K), 2 survivors (4096K)
 Metaspace       used 66390K, committed 67008K, reserved 1114112K
  class space    used 8811K, committed 9152K, reserved 1048576K
}
Event: 7.968 GC heap after
{Heap after GC invocations=16 (full 0):
 garbage-first heap   total 110592K, used 29950K [0x0000000705c00000, 0x0000000800000000)
  region size 2048K, 3 young (6144K), 3 survivors (6144K)
 Metaspace       used 66390K, committed 67008K, reserved 1114112K
  class space    used 8811K, committed 9152K, reserved 1048576K
}
Event: 8.074 GC heap before
{Heap before GC invocations=16 (full 0):
 garbage-first heap   total 110592K, used 31998K [0x0000000705c00000, 0x0000000800000000)
  region size 2048K, 4 young (8192K), 3 survivors (6144K)
 Metaspace       used 66522K, committed 67136K, reserved 1114112K
  class space    used 8816K, committed 9152K, reserved 1048576K
}
Event: 8.080 GC heap after
{Heap after GC invocations=17 (full 0):
 garbage-first heap   total 110592K, used 30140K [0x0000000705c00000, 0x0000000800000000)
  region size 2048K, 1 young (2048K), 1 survivors (2048K)
 Metaspace       used 66522K, committed 67136K, reserved 1114112K
  class space    used 8816K, committed 9152K, reserved 1048576K
}
Event: 8.897 GC heap before
{Heap before GC invocations=17 (full 0):
 garbage-first heap   total 110592K, used 83388K [0x0000000705c00000, 0x0000000800000000)
  region size 2048K, 27 young (55296K), 1 survivors (2048K)
 Metaspace       used 74171K, committed 74816K, reserved 1114112K
  class space    used 10044K, committed 10368K, reserved 1048576K
}
Event: 8.901 GC heap after
{Heap after GC invocations=18 (full 0):
 garbage-first heap   total 110592K, used 33711K [0x0000000705c00000, 0x0000000800000000)
  region size 2048K, 3 young (6144K), 3 survivors (6144K)
 Metaspace       used 74171K, committed 74816K, reserved 1114112K
  class space    used 10044K, committed 10368K, reserved 1048576K
}
Event: 9.406 GC heap before
{Heap before GC invocations=18 (full 0):
 garbage-first heap   total 110592K, used 80815K [0x0000000705c00000, 0x0000000800000000)
  region size 2048K, 27 young (55296K), 3 survivors (6144K)
 Metaspace       used 76531K, committed 77184K, reserved 1179648K
  class space    used 10312K, committed 10624K, reserved 1048576K
}
Event: 9.411 GC heap after
{Heap after GC invocations=19 (full 0):
 garbage-first heap   total 110592K, used 36214K [0x0000000705c00000, 0x0000000800000000)
  region size 2048K, 2 young (4096K), 2 survivors (4096K)
 Metaspace       used 76531K, committed 77184K, reserved 1179648K
  class space    used 10312K, committed 10624K, reserved 1048576K
}

Deoptimization events (20 events):
Event: 9.512 Thread 0x0000021bd3e540d0 DEOPT PACKING pc=0x0000021bdc4c8cd4 sp=0x0000009c0dffc870
Event: 9.512 Thread 0x0000021bd3e540d0 DEOPT UNPACKING pc=0x0000021be2b82b43 sp=0x0000009c0dffbdc8 mode 1
Event: 9.512 Thread 0x0000021bd3e540d0 DEOPT PACKING pc=0x0000021bdb9c171c sp=0x0000009c0dffc980
Event: 9.512 Thread 0x0000021bd3e540d0 DEOPT UNPACKING pc=0x0000021be2b82b43 sp=0x0000009c0dffbe40 mode 1
Event: 9.527 Thread 0x0000021bd3e540d0 DEOPT PACKING pc=0x0000021bdc4c8cd4 sp=0x0000009c0dffc870
Event: 9.527 Thread 0x0000021bd3e540d0 DEOPT UNPACKING pc=0x0000021be2b82b43 sp=0x0000009c0dffbdc8 mode 1
Event: 9.527 Thread 0x0000021bd3e540d0 DEOPT PACKING pc=0x0000021bdb9c171c sp=0x0000009c0dffc980
Event: 9.527 Thread 0x0000021bd3e540d0 DEOPT UNPACKING pc=0x0000021be2b82b43 sp=0x0000009c0dffbe40 mode 1
Event: 9.527 Thread 0x0000021bd3e540d0 DEOPT PACKING pc=0x0000021bdc4c8cd4 sp=0x0000009c0dffc870
Event: 9.527 Thread 0x0000021bd3e540d0 DEOPT UNPACKING pc=0x0000021be2b82b43 sp=0x0000009c0dffbdc8 mode 1
Event: 9.527 Thread 0x0000021bd3e540d0 DEOPT PACKING pc=0x0000021bdb9c171c sp=0x0000009c0dffc980
Event: 9.527 Thread 0x0000021bd3e540d0 DEOPT UNPACKING pc=0x0000021be2b82b43 sp=0x0000009c0dffbe40 mode 1
Event: 9.564 Thread 0x0000021bd3e540d0 DEOPT PACKING pc=0x0000021bdc4c8cd4 sp=0x0000009c0dffc870
Event: 9.564 Thread 0x0000021bd3e540d0 DEOPT UNPACKING pc=0x0000021be2b82b43 sp=0x0000009c0dffbdc8 mode 1
Event: 9.564 Thread 0x0000021bd3e540d0 DEOPT PACKING pc=0x0000021bdb9c171c sp=0x0000009c0dffc980
Event: 9.564 Thread 0x0000021bd3e540d0 DEOPT UNPACKING pc=0x0000021be2b82b43 sp=0x0000009c0dffbe40 mode 1
Event: 9.564 Thread 0x0000021bd3e540d0 DEOPT PACKING pc=0x0000021bdc4c8cd4 sp=0x0000009c0dffc870
Event: 9.564 Thread 0x0000021bd3e540d0 DEOPT UNPACKING pc=0x0000021be2b82b43 sp=0x0000009c0dffbdc8 mode 1
Event: 9.564 Thread 0x0000021bd3e540d0 DEOPT PACKING pc=0x0000021bdb9c171c sp=0x0000009c0dffc980
Event: 9.564 Thread 0x0000021bd3e540d0 DEOPT UNPACKING pc=0x0000021be2b82b43 sp=0x0000009c0dffbe40 mode 1

Classes unloaded (0 events):
No events

Classes redefined (0 events):
No events

Internal exceptions (20 events):
Event: 7.739 Thread 0x0000021bd3e540d0 Exception <a 'java/lang/NoSuchMethodError'{0x0000000708ea29d0}: 'java.lang.Object java.lang.invoke.DirectMethodHandle$Holder.newInvokeSpecial(java.lang.Object, java.lang.Object, int, java.lang.Object, int, java.lang.Object, java.lang.Object)'> (0x0000000708ea29d0) 
thrown [s\open\src\hotspot\share\interpreter\linkResolver.cpp, line 759]
Event: 7.766 Thread 0x0000021bd3e540d0 Exception <a 'java/lang/NoSuchMethodError'{0x0000000708c0ade0}: 'void java.lang.invoke.DirectMethodHandle$Holder.invokeInterface(java.lang.Object, java.lang.Object)'> (0x0000000708c0ade0) 
thrown [s\open\src\hotspot\share\interpreter\linkResolver.cpp, line 759]
Event: 7.896 Thread 0x0000021bd3e540d0 Exception <a 'java/lang/NoSuchMethodError'{0x000000070892d8a8}: 'java.lang.Object java.lang.invoke.DirectMethodHandle$Holder.invokeSpecial(java.lang.Object, java.lang.Object, int, java.lang.Object, int)'> (0x000000070892d8a8) 
thrown [s\open\src\hotspot\share\interpreter\linkResolver.cpp, line 759]
Event: 8.106 Thread 0x0000021bd3e540d0 Exception <a 'java/lang/IncompatibleClassChangeError'{0x000000070c2e0320}: Found class java.lang.Object, but interface was expected> (0x000000070c2e0320) 
thrown [s\open\src\hotspot\share\interpreter\linkResolver.cpp, line 826]
Event: 8.110 Thread 0x0000021bd3e540d0 Implicit null exception at 0x0000021be351e855 to 0x0000021be352250c
Event: 8.118 Thread 0x0000021bd3e540d0 Exception <a 'java/lang/IncompatibleClassChangeError'{0x000000070c37d2b0}: Found class java.lang.Object, but interface was expected> (0x000000070c37d2b0) 
thrown [s\open\src\hotspot\share\interpreter\linkResolver.cpp, line 826]
Event: 8.155 Thread 0x0000021bd3e540d0 Exception <a 'java/lang/IncompatibleClassChangeError'{0x000000070c16a260}: Found class java.lang.Object, but interface was expected> (0x000000070c16a260) 
thrown [s\open\src\hotspot\share\interpreter\linkResolver.cpp, line 826]
Event: 8.312 Thread 0x0000021bd3e540d0 Exception <a 'java/lang/IncompatibleClassChangeError'{0x000000070b89cff8}: Found class java.lang.Object, but interface was expected> (0x000000070b89cff8) 
thrown [s\open\src\hotspot\share\interpreter\linkResolver.cpp, line 826]
Event: 8.363 Thread 0x0000021bd3e540d0 Exception <a 'java/lang/reflect/InvocationTargetException'{0x000000070b6fd2f8}> (0x000000070b6fd2f8) 
thrown [s\open\src\hotspot\share\runtime\reflection.cpp, line 1121]
Event: 8.373 Thread 0x0000021bd3e540d0 Exception <a 'java/lang/NoSuchMethodError'{0x000000070b7751e0}: 'int java.lang.invoke.DirectMethodHandle$Holder.invokeStatic(java.lang.Object, java.lang.Object, int)'> (0x000000070b7751e0) 
thrown [s\open\src\hotspot\share\interpreter\linkResolver.cpp, line 759]
Event: 8.381 Thread 0x0000021bd3e540d0 Exception <a 'java/lang/IncompatibleClassChangeError'{0x000000070b7bfda0}: Found class java.lang.Object, but interface was expected> (0x000000070b7bfda0) 
thrown [s\open\src\hotspot\share\interpreter\linkResolver.cpp, line 826]
Event: 8.426 Thread 0x0000021bd3e540d0 Exception <a 'java/lang/NoSuchMethodError'{0x000000070b5a3ea0}: 'java.lang.Object java.lang.invoke.DirectMethodHandle$Holder.invokeStatic(java.lang.Object, int, java.lang.Object)'> (0x000000070b5a3ea0) 
thrown [s\open\src\hotspot\share\interpreter\linkResolver.cpp, line 759]
Event: 8.541 Thread 0x0000021bd3e540d0 Exception <a 'java/lang/NoSuchMethodError'{0x000000070ac59b40}: 'long java.lang.invoke.DirectMethodHandle$Holder.invokeVirtual(java.lang.Object, java.lang.Object)'> (0x000000070ac59b40) 
thrown [s\open\src\hotspot\share\interpreter\linkResolver.cpp, line 759]
Event: 8.808 Thread 0x0000021bd3e540d0 Exception <a 'java/lang/reflect/InvocationTargetException'{0x0000000709b656a0}> (0x0000000709b656a0) 
thrown [s\open\src\hotspot\share\runtime\reflection.cpp, line 1121]
Event: 9.229 Thread 0x0000021bd3e540d0 Exception <a 'java/lang/reflect/InvocationTargetException'{0x000000070a868f90}> (0x000000070a868f90) 
thrown [s\open\src\hotspot\share\runtime\reflection.cpp, line 1121]
Event: 9.233 Thread 0x0000021bd3e540d0 Exception <a 'java/lang/reflect/InvocationTargetException'{0x000000070a890bd8}> (0x000000070a890bd8) 
thrown [s\open\src\hotspot\share\runtime\reflection.cpp, line 1121]
Event: 9.242 Thread 0x0000021bd3e540d0 Exception <a 'java/lang/reflect/InvocationTargetException'{0x000000070a990328}> (0x000000070a990328) 
thrown [s\open\src\hotspot\share\runtime\reflection.cpp, line 1121]
Event: 9.300 Thread 0x0000021bd3e540d0 Exception <a 'java/lang/reflect/InvocationTargetException'{0x000000070a02d718}> (0x000000070a02d718) 
thrown [s\open\src\hotspot\share\runtime\reflection.cpp, line 1121]
Event: 9.370 Thread 0x0000021bd3e540d0 Exception <a 'java/io/FileNotFoundException'{0x0000000709ac6318}> (0x0000000709ac6318) 
thrown [s\open\src\hotspot\share\prims\jni.cpp, line 516]
Event: 9.371 Thread 0x0000021bd3e540d0 Exception <a 'java/io/FileNotFoundException'{0x0000000709ad1370}> (0x0000000709ad1370) 
thrown [s\open\src\hotspot\share\prims\jni.cpp, line 516]

VM Operations (20 events):
Event: 8.597 Executing VM operation: HandshakeAllThreads
Event: 8.597 Executing VM operation: HandshakeAllThreads done
Event: 8.612 Executing VM operation: HandshakeAllThreads
Event: 8.612 Executing VM operation: HandshakeAllThreads done
Event: 8.688 Executing VM operation: HandshakeAllThreads
Event: 8.688 Executing VM operation: HandshakeAllThreads done
Event: 8.692 Executing VM operation: HandshakeAllThreads
Event: 8.692 Executing VM operation: HandshakeAllThreads done
Event: 8.778 Executing VM operation: HandshakeAllThreads
Event: 8.778 Executing VM operation: HandshakeAllThreads done
Event: 8.897 Executing VM operation: G1CollectForAllocation
Event: 8.901 Executing VM operation: G1CollectForAllocation done
Event: 9.003 Executing VM operation: HandshakeAllThreads
Event: 9.003 Executing VM operation: HandshakeAllThreads done
Event: 9.169 Executing VM operation: HandshakeAllThreads
Event: 9.169 Executing VM operation: HandshakeAllThreads done
Event: 9.384 Executing VM operation: ChangeBreakpoints
Event: 9.386 Executing VM operation: ChangeBreakpoints done
Event: 9.406 Executing VM operation: G1CollectForAllocation
Event: 9.411 Executing VM operation: G1CollectForAllocation done

Events (20 events):
Event: 9.377 loading class org/springframework/mail/SimpleMailMessage
Event: 9.377 loading class org/springframework/mail/SimpleMailMessage done
Event: 9.378 loading class vn/edu/fpt/SmartHealthC/domain/dto/request/FormQuestionRequestDTO
Event: 9.378 loading class vn/edu/fpt/SmartHealthC/domain/dto/request/FormQuestionRequestDTO done
Event: 9.399 loading class vn/edu/fpt/SmartHealthC/domain/dto/request/WeightRecordDTO
Event: 9.399 loading class vn/edu/fpt/SmartHealthC/domain/dto/request/WeightRecordDTO done
Event: 9.422 loading class vn/edu/fpt/SmartHealthC/domain/dto/request/MentalRecordDTO
Event: 9.422 loading class vn/edu/fpt/SmartHealthC/domain/dto/request/MentalRecordDTO done
Event: 9.444 loading class vn/edu/fpt/SmartHealthC/domain/dto/request/MedicineRecordDTO
Event: 9.444 loading class vn/edu/fpt/SmartHealthC/domain/dto/request/MedicineRecordDTO done
Event: 9.466 loading class vn/edu/fpt/SmartHealthC/domain/dto/request/StepRecordDTO
Event: 9.466 loading class vn/edu/fpt/SmartHealthC/domain/dto/request/StepRecordDTO done
Event: 9.482 loading class vn/edu/fpt/SmartHealthC/domain/dto/request/LessonRequestDTO
Event: 9.482 loading class vn/edu/fpt/SmartHealthC/domain/dto/request/LessonRequestDTO done
Event: 9.501 loading class vn/edu/fpt/SmartHealthC/domain/dto/request/MedicalHistoryRequestDTO
Event: 9.501 loading class vn/edu/fpt/SmartHealthC/domain/dto/request/MedicalHistoryRequestDTO done
Event: 9.520 loading class vn/edu/fpt/SmartHealthC/domain/dto/request/MedicineTypePlanDTO
Event: 9.520 loading class vn/edu/fpt/SmartHealthC/domain/dto/request/MedicineTypePlanDTO done
Event: 9.552 loading class vn/edu/fpt/SmartHealthC/domain/dto/request/MonthlyQuestionDTO
Event: 9.552 loading class vn/edu/fpt/SmartHealthC/domain/dto/request/MonthlyQuestionDTO done


Dynamic libraries:
0x00007ff6bf9f0000 - 0x00007ff6bfa00000 	C:\Program Files\Java\jdk-17\bin\java.exe
0x00007ffd22890000 - 0x00007ffd22aa7000 	C:\WINDOWS\SYSTEM32\ntdll.dll
0x00007ffd21650000 - 0x00007ffd21714000 	C:\WINDOWS\System32\KERNEL32.DLL
0x00007ffd1fe50000 - 0x00007ffd201f7000 	C:\WINDOWS\System32\KERNELBASE.dll
0x00007ffd1fd30000 - 0x00007ffd1fe41000 	C:\WINDOWS\System32\ucrtbase.dll
0x00007ffd13880000 - 0x00007ffd13899000 	C:\Program Files\Java\jdk-17\bin\jli.dll
0x00007ffd18290000 - 0x00007ffd182ab000 	C:\Program Files\Java\jdk-17\bin\VCRUNTIME140.dll
0x00007ffd21590000 - 0x00007ffd21642000 	C:\WINDOWS\System32\ADVAPI32.dll
0x00007ffd208b0000 - 0x00007ffd20957000 	C:\WINDOWS\System32\msvcrt.dll
0x00007ffd226a0000 - 0x00007ffd22748000 	C:\WINDOWS\System32\sechost.dll
0x00007ffd1fc30000 - 0x00007ffd1fc58000 	C:\WINDOWS\System32\bcrypt.dll
0x00007ffd206d0000 - 0x00007ffd207e5000 	C:\WINDOWS\System32\RPCRT4.dll
0x00007ffd21070000 - 0x00007ffd2121e000 	C:\WINDOWS\System32\USER32.dll
0x00007ffd1fc60000 - 0x00007ffd1fc86000 	C:\WINDOWS\System32\win32u.dll
0x00007ffd20880000 - 0x00007ffd208a9000 	C:\WINDOWS\System32\GDI32.dll
0x00007ffd08e70000 - 0x00007ffd09103000 	C:\WINDOWS\WinSxS\amd64_microsoft.windows.common-controls_6595b64144ccf1df_6.0.22621.3527_none_270e469b73872a76\COMCTL32.dll
0x00007ffd204a0000 - 0x00007ffd205b9000 	C:\WINDOWS\System32\gdi32full.dll
0x00007ffd1fc90000 - 0x00007ffd1fd2a000 	C:\WINDOWS\System32\msvcp_win.dll
0x00007ffd04ea0000 - 0x00007ffd04eaa000 	C:\WINDOWS\SYSTEM32\VERSION.dll
0x00007ffd20de0000 - 0x00007ffd20e11000 	C:\WINDOWS\System32\IMM32.DLL
0x00007ffd18280000 - 0x00007ffd1828c000 	C:\Program Files\Java\jdk-17\bin\vcruntime140_1.dll
0x00007ffd073f0000 - 0x00007ffd0747e000 	C:\Program Files\Java\jdk-17\bin\msvcp140.dll
0x00007ffcd3200000 - 0x00007ffcd3de1000 	C:\Program Files\Java\jdk-17\bin\server\jvm.dll
0x00007ffd20810000 - 0x00007ffd20818000 	C:\WINDOWS\System32\PSAPI.DLL
0x00007ffd15c60000 - 0x00007ffd15c94000 	C:\WINDOWS\SYSTEM32\WINMM.dll
0x00007ffd19df0000 - 0x00007ffd19df9000 	C:\WINDOWS\SYSTEM32\WSOCK32.dll
0x00007ffd21960000 - 0x00007ffd219d1000 	C:\WINDOWS\System32\WS2_32.dll
0x00007ffd1ecc0000 - 0x00007ffd1ecd8000 	C:\WINDOWS\SYSTEM32\kernel.appcore.dll
0x00007ffd13870000 - 0x00007ffd1387a000 	C:\Program Files\Java\jdk-17\bin\jimage.dll
0x00007ffd1d4e0000 - 0x00007ffd1d712000 	C:\WINDOWS\SYSTEM32\DBGHELP.DLL
0x00007ffd219e0000 - 0x00007ffd21d68000 	C:\WINDOWS\System32\combase.dll
0x00007ffd21880000 - 0x00007ffd21957000 	C:\WINDOWS\System32\OLEAUT32.dll
0x00007ffcff7f0000 - 0x00007ffcff822000 	C:\WINDOWS\SYSTEM32\dbgcore.DLL
0x00007ffd1fbb0000 - 0x00007ffd1fc29000 	C:\WINDOWS\System32\bcryptPrimitives.dll
0x00007ffd03db0000 - 0x00007ffd03deb000 	C:\Program Files\Java\jdk-17\bin\jdwp.dll
0x00007ffd13860000 - 0x00007ffd1386e000 	C:\Program Files\Java\jdk-17\bin\instrument.dll
0x00007ffd0d4b0000 - 0x00007ffd0d4d5000 	C:\Program Files\Java\jdk-17\bin\java.dll
0x00007ffd03df0000 - 0x00007ffd03e08000 	C:\Program Files\Java\jdk-17\bin\zip.dll
0x00007ffcea260000 - 0x00007ffcea337000 	C:\Program Files\Java\jdk-17\bin\jsvml.dll
0x00007ffd21d90000 - 0x00007ffd225ec000 	C:\WINDOWS\System32\SHELL32.dll
0x00007ffd1dac0000 - 0x00007ffd1e3b6000 	C:\WINDOWS\SYSTEM32\windows.storage.dll
0x00007ffd1d980000 - 0x00007ffd1dabe000 	C:\WINDOWS\SYSTEM32\wintypes.dll
0x00007ffd205c0000 - 0x00007ffd206b5000 	C:\WINDOWS\System32\SHCORE.dll
0x00007ffd21720000 - 0x00007ffd2177e000 	C:\WINDOWS\System32\shlwapi.dll
0x00007ffd1fae0000 - 0x00007ffd1fb01000 	C:\WINDOWS\SYSTEM32\profapi.dll
0x00007ffd0d4a0000 - 0x00007ffd0d4ac000 	C:\Program Files\Java\jdk-17\bin\dt_socket.dll
0x00007ffd1e6d0000 - 0x00007ffd1e6fd000 	C:\WINDOWS\SYSTEM32\IPHLPAPI.DLL
0x00007ffd1f130000 - 0x00007ffd1f199000 	C:\WINDOWS\system32\mswsock.dll
0x00007ffd03e30000 - 0x00007ffd03e49000 	C:\Program Files\Java\jdk-17\bin\net.dll
0x00007ffd17970000 - 0x00007ffd17aa6000 	C:\WINDOWS\SYSTEM32\WINHTTP.dll
0x00007ffd03e10000 - 0x00007ffd03e26000 	C:\Program Files\Java\jdk-17\bin\nio.dll
0x00007ffd1f390000 - 0x00007ffd1f3ab000 	C:\WINDOWS\SYSTEM32\CRYPTSP.dll
0x00007ffd1ec20000 - 0x00007ffd1ec55000 	C:\WINDOWS\system32\rsaenh.dll
0x00007ffd1f230000 - 0x00007ffd1f258000 	C:\WINDOWS\SYSTEM32\USERENV.dll
0x00007ffd1f3b0000 - 0x00007ffd1f3bc000 	C:\WINDOWS\SYSTEM32\CRYPTBASE.dll
0x00007ffd206c0000 - 0x00007ffd206c9000 	C:\WINDOWS\System32\NSI.dll
0x00007ffd175b0000 - 0x00007ffd175c9000 	C:\WINDOWS\SYSTEM32\dhcpcsvc6.DLL
0x00007ffd17590000 - 0x00007ffd175af000 	C:\WINDOWS\SYSTEM32\dhcpcsvc.DLL
0x00007ffd1e700000 - 0x00007ffd1e7f8000 	C:\WINDOWS\SYSTEM32\DNSAPI.dll
0x00007ffd044c0000 - 0x00007ffd044ce000 	C:\Program Files\Java\jdk-17\bin\sunmscapi.dll
0x00007ffd20200000 - 0x00007ffd20368000 	C:\WINDOWS\System32\CRYPT32.dll
0x00007ffd1f530000 - 0x00007ffd1f55e000 	C:\WINDOWS\SYSTEM32\ncrypt.dll
0x00007ffd1f4f0000 - 0x00007ffd1f527000 	C:\WINDOWS\SYSTEM32\NTASN1.dll
0x00007ffd07080000 - 0x00007ffd0708a000 	C:\Program Files\Java\jdk-17\bin\management.dll
0x00007ffd04b10000 - 0x00007ffd04b1b000 	C:\Program Files\Java\jdk-17\bin\management_ext.dll
0x00007ffd14400000 - 0x00007ffd1440a000 	C:\Windows\System32\rasadhlp.dll
0x00007ffd15e90000 - 0x00007ffd15f13000 	C:\WINDOWS\System32\fwpuclnt.dll
0x00007ffd04490000 - 0x00007ffd044a0000 	C:\Program Files\Java\jdk-17\bin\verify.dll

dbghelp: loaded successfully - version: 4.0.5 - missing functions: none
symbol engine: initialized successfully - sym options: 0x614 - pdb path: .;C:\Program Files\Java\jdk-17\bin;C:\WINDOWS\SYSTEM32;C:\WINDOWS\WinSxS\amd64_microsoft.windows.common-controls_6595b64144ccf1df_6.0.22621.3527_none_270e469b73872a76;C:\Program Files\Java\jdk-17\bin\server

VM Arguments:
jvm_args: -agentlib:jdwp=transport=dt_socket,address=127.0.0.1:52568,suspend=y,server=n -javaagent:C:\Users\Asus\AppData\Local\JetBrains\IntelliJIdea2024.1\captureAgent\debugger-agent.jar -Dfile.encoding=UTF-8 
java_command: vn.edu.fpt.SmartHealthC.SmartHealthCApplication
java_class_path (initial): D:\SEP490\SEP490_vip_BE\target\classes;C:\Users\Asus\.m2\repository\org\springframework\boot\spring-boot-starter-data-jpa\3.1.11\spring-boot-starter-data-jpa-3.1.11.jar;C:\Users\Asus\.m2\repository\org\springframework\boot\spring-boot-starter-aop\3.1.11\spring-boot-starter-aop-3.1.11.jar;C:\Users\Asus\.m2\repository\org\aspectj\aspectjweaver\1.9.22\aspectjweaver-1.9.22.jar;C:\Users\Asus\.m2\repository\org\springframework\boot\spring-boot-starter-jdbc\3.1.11\spring-boot-starter-jdbc-3.1.11.jar;C:\Users\Asus\.m2\repository\com\zaxxer\HikariCP\5.0.1\HikariCP-5.0.1.jar;C:\Users\Asus\.m2\repository\org\hibernate\orm\hibernate-core\6.2.24.Final\hibernate-core-6.2.24.Final.jar;C:\Users\Asus\.m2\repository\jakarta\persistence\jakarta.persistence-api\3.1.0\jakarta.persistence-api-3.1.0.jar;C:\Users\Asus\.m2\repository\jakarta\transaction\jakarta.transaction-api\2.0.1\jakarta.transaction-api-2.0.1.jar;C:\Users\Asus\.m2\repository\org\jboss\logging\jboss-logging\3.5.3.Final\jboss-logging-3.5.3.Final.jar;C:\Users\Asus\.m2\repository\org\hibernate\common\hibernate-commons-annotations\6.0.6.Final\hibernate-commons-annotations-6.0.6.Final.jar;C:\Users\Asus\.m2\repository\io\smallrye\jandex\3.0.5\jandex-3.0.5.jar;C:\Users\Asus\.m2\repository\com\fasterxml\classmate\1.5.1\classmate-1.5.1.jar;C:\Users\Asus\.m2\repository\net\bytebuddy\byte-buddy\1.14.13\byte-buddy-1.14.13.jar;C:\Users\Asus\.m2\repository\org\glassfish\jaxb\jaxb-runtime\4.0.5\jaxb-runtime-4.0.5.jar;C:\Users\Asus\.m2\repository\org\glassfish\jaxb\jaxb-core\4.0.5\jaxb-core-4.0.5.jar;C:\Users\Asus\.m2\repository\org\glassfish\jaxb\txw2\4.0.5\txw2-4.0.5.jar;C:\Users\Asus\.m2\repository\com\sun\istack\istack-commons-runtime\4.1.2\istack-commons-runtime-4.1.2.jar;C:\Users\Asus\.m2\repository\jakarta\inject\jakarta.inject-api\2.0.1\jakarta.inject-api-2.0.1.jar;C:\Users\Asus\.m2\repository\org\antlr\antlr4-runtime\4.10.1\antlr4-runtime-4.10.1.jar;C:\Users\Asus\.m2\repository\org\springframework\da
Launcher Type: SUN_STANDARD

[Global flags]
     intx CICompilerCount                          = 12                                        {product} {ergonomic}
     uint ConcGCThreads                            = 3                                         {product} {ergonomic}
     uint G1ConcRefinementThreads                  = 13                                        {product} {ergonomic}
   size_t G1HeapRegionSize                         = 2097152                                   {product} {ergonomic}
    uintx GCDrainStackTargetSize                   = 64                                        {product} {ergonomic}
   size_t InitialHeapSize                          = 264241152                                 {product} {ergonomic}
   size_t MarkStackSize                            = 4194304                                   {product} {ergonomic}
   size_t MaxHeapSize                              = 4198498304                                {product} {ergonomic}
   size_t MaxNewSize                               = 2518679552                                {product} {ergonomic}
   size_t MinHeapDeltaBytes                        = 2097152                                   {product} {ergonomic}
   size_t MinHeapSize                              = 8388608                                   {product} {ergonomic}
    uintx NonNMethodCodeHeapSize                   = 7602480                                {pd product} {ergonomic}
    uintx NonProfiledCodeHeapSize                  = 122027880                              {pd product} {ergonomic}
    uintx ProfiledCodeHeapSize                     = 122027880                              {pd product} {ergonomic}
    uintx ReservedCodeCacheSize                    = 251658240                              {pd product} {ergonomic}
     bool SegmentedCodeCache                       = true                                      {product} {ergonomic}
   size_t SoftMaxHeapSize                          = 4198498304                             {manageable} {ergonomic}
     bool UseCompressedClassPointers               = true                           {product lp64_product} {ergonomic}
     bool UseCompressedOops                        = true                           {product lp64_product} {ergonomic}
     bool UseG1GC                                  = true                                      {product} {ergonomic}
     bool UseLargePagesIndividualAllocation        = false                                  {pd product} {ergonomic}

Logging:
Log output configuration:
 #0: stdout all=warning uptime,level,tags
 #1: stderr all=off uptime,level,tags

Environment Variables:
JAVA_HOME=C:\Program Files\Java\jdk-17
PATH=C:\Python312\Scripts\;C:\Python312\;C:\Program Files\Java\jdk-17\bin;C:\Python311\Scripts\;C:\Python311\;C:\WINDOWS\system32;C:\WINDOWS;C:\WINDOWS\System32\Wbem;C:\WINDOWS\System32\WindowsPowerShell\v1.0\;C:\WINDOWS\System32\OpenSSH\;C:\ProgramData\chocolatey\bin;C:\Program Files (x86)\Microsoft SQL Server\160\Tools\Binn\;C:\Program Files\Microsoft SQL Server\160\Tools\Binn\;C:\Program Files\Microsoft SQL Server\Client SDK\ODBC\170\Tools\Binn\;C:\Program Files\Microsoft SQL Server\160\DTS\Binn\;z\C:\Program Files\Common Files\Oracle\Java\javapath;C:\Program Files (x86)\Microsoft SQL Server\160\DTS\Binn\;C:\Program Files\Azure Data Studio\bin;C:\Program Files\dotnet\;C:\Program Files\Microsoft SQL Server\150\Tools\Binn\;C:\Program Files\Git LFS;C:\Program Files\Go\bin;C:\protoc-25.1-win64\bin;C:\Program Files\apache-maven-3.9.6-bin\apache-maven-3.9.6\bin;C:\minikube;C:\kubectl;C:\Program Files\Git\cmd;C:\Program Files\Amazon\AWSCLIV2\;C:\Program Files\Amazon Corretto\jdk11.0.19_7\bin;C:\Users\Asus\AppData\Roaming\nvm;C:\Program Files\nodejs;C:\Program Files\Docker\Docker\resources\bin;C:\Program Files\PuTTY\;C:\Program Files\nodejs\;C:\Users\Asus\AppData\Local\Microsoft\WindowsApps;C:\Users\Asus\AppData\Local\Programs\Microsoft VS Code\bin;C:\Program Files\Java\jdk-17\bin;C:\Program Files\Azure Data Studio\bin;C:\Program Files\Oracle\VirtualBox;C:\Users\Asus\.dotnet\tools;C:\Program Files\JetBrains\GoLand 2023.2.5\bin;;C:\Users\Asus\go\bin;C:\Users\Asus\AppData\Roaming\nvm;C:\Program Files\nodejs;C:\Program Files\JetBrains\IntelliJ IDEA Community Edition 2024.1\bin;;C:\Users\Asus\AppData\Roaming\npm;C:\Users\Asus\AppData\Local\Android\sdk\platform-tools;;C:\Program Files\JetBrains\IntelliJ IDEA 2024.1.2\bin;
USERNAME=Asus
OS=Windows_NT
PROCESSOR_IDENTIFIER=Intel64 Family 6 Model 154 Stepping 3, GenuineIntel



---------------  S Y S T E M  ---------------

OS:
 Windows 11 , 64 bit Build 22621 (10.0.22621.3527)
OS uptime: 0 days 6:25 hours
Hyper-V role detected

CPU: total 16 (initial active 16) (8 cores per cpu, 2 threads per core) family 6 model 154 stepping 3 microcode 0x421, cx8, cmov, fxsr, ht, mmx, 3dnowpref, sse, sse2, sse3, ssse3, sse4.1, sse4.2, popcnt, lzcnt, tsc, tscinvbit, avx, avx2, aes, erms, clmul, bmi1, bmi2, adx, sha, fma, vzeroupper, clflush, clflushopt, clwb, hv

Memory: 4k page, system-wide physical 16008M (654M free)
TotalPageFile size 18056M (AvailPageFile size 15M)
current process WorkingSet (physical memory assigned to process): 417M, peak: 425M
current process commit charge ("private bytes"): 467M, peak: 474M

vm_info: Java HotSpot(TM) 64-Bit Server VM (17.0.9+11-LTS-201) for windows-amd64 JRE (17.0.9+11-LTS-201), built on Oct 10 2023 23:16:06 by "mach5one" with MS VC++ 17.1 (VS2022)

END.
